<?xml version="1.0" encoding="UTF-8"?>
<robot generator="Robot 5.1a2 (Python 3.10.6 on darwin)" generated="20220902 13:23:10.255" rpa="false" schemaversion="3">
<suite id="s1" name="api" source="/Users/liam/git/onap/policy/docker/csit/api/tests/api-test.robot">
<test id="s1-t1" name="Healthcheck" line="10">
<kw name="GetReq">
<var>${resp}</var>
<arg>/policy/api/v1/healthcheck</arg>
<kw name="PolicyAdminAuth" library="common-library">
<var>${auth}</var>
<kw name="Create List" library="BuiltIn">
<var>${policyadmin}</var>
<arg>policyadmin</arg>
<arg>zb!XztG34</arg>
<doc>Returns a list containing given items.</doc>
<msg timestamp="20220902 13:23:10.296" level="INFO">${policyadmin} = ['policyadmin', 'zb!XztG34']</msg>
<status status="PASS" starttime="20220902 13:23:10.296" endtime="20220902 13:23:10.296"/>
</kw>
<msg timestamp="20220902 13:23:10.296" level="INFO">${auth} = ['policyadmin', 'zb!XztG34']</msg>
<status status="PASS" starttime="20220902 13:23:10.296" endtime="20220902 13:23:10.297"/>
</kw>
<kw name="PerformGetRequest" library="common-library">
<var>${resp}</var>
<arg>${POLICY_API_IP}</arg>
<arg>${url}</arg>
<arg>200</arg>
<arg>null</arg>
<arg>${auth}</arg>
<kw name="Log" library="BuiltIn">
<arg>Creating session http://${hostname}:6969</arg>
<doc>Logs the given message with the given level.</doc>
<msg timestamp="20220902 13:23:10.297" level="INFO">Creating session http://172.23.0.4:6969</msg>
<status status="PASS" starttime="20220902 13:23:10.297" endtime="20220902 13:23:10.297"/>
</kw>
<kw name="Create Session" library="RequestsLibrary">
<var>${session}</var>
<arg>policy</arg>
<arg>http://${hostname}:6969</arg>
<arg>auth=${auth}</arg>
<doc>Create Session: create a HTTP session to a server</doc>
<msg timestamp="20220902 13:23:10.297" level="INFO">Creating Session using : alias=policy, url=http://172.23.0.4:6969, headers={},                     cookies={}, auth=&lt;requests.auth.HTTPBasicAuth object at 0x102aebd90&gt;, timeout=None, proxies=None, verify=False,                     debug=0 </msg>
<msg timestamp="20220902 13:23:10.297" level="INFO">${session} = &lt;requests.sessions.Session object at 0x102aebc10&gt;</msg>
<status status="PASS" starttime="20220902 13:23:10.297" endtime="20220902 13:23:10.297"/>
</kw>
<kw name="Create Dictionary" library="BuiltIn">
<var>${headers}</var>
<arg>Accept=application/json</arg>
<arg>Content-Type=application/json</arg>
<doc>Creates and returns a dictionary based on the given ``items``.</doc>
<msg timestamp="20220902 13:23:10.297" level="INFO">${headers} = {'Accept': 'application/json', 'Content-Type': 'application/json'}</msg>
<status status="PASS" starttime="20220902 13:23:10.297" endtime="20220902 13:23:10.297"/>
</kw>
<kw name="GET On Session" library="RequestsLibrary">
<var>${resp}</var>
<arg>policy</arg>
<arg>${url}</arg>
<arg>params=${params}</arg>
<arg>headers=${headers}</arg>
<arg>expected_status=${expectedstatus}</arg>
<doc>Sends a GET request on a previously created HTTP Session.</doc>
<msg timestamp="20220902 13:23:10.588" level="INFO">GET Request : url=http://172.23.0.4:6969/policy/api/v1/healthcheck?null 
 path_url=/policy/api/v1/healthcheck?null 
 headers={'User-Agent': 'python-requests/2.28.1', 'Accept-Encoding': 'gzip, deflate', 'Accept': 'application/json', 'Connection': 'keep-alive', 'Content-Type': 'application/json', 'Authorization': 'Basic cG9saWN5YWRtaW46emIhWHp0RzM0'} 
 body=None 
 </msg>
<msg timestamp="20220902 13:23:10.588" level="INFO">GET Response : url=http://172.23.0.4:6969/policy/api/v1/healthcheck?null 
 status=200, reason= 
 headers={'Set-Cookie': 'JSESSIONID=CB8D6EA8749F4ED9D65F037987018BA0; Path=/; HttpOnly', 'X-MinorVersion': '0', 'X-PatchVersion': '0', 'X-LatestVersion': '1.0.0', 'X-ONAP-RequestID': '228d26b2-e541-47c8-8be7-391858abc1b3', 'X-Content-Type-Options': 'nosniff', 'X-XSS-Protection': '1; mode=block', 'Cache-Control': 'no-cache, no-store, max-age=0, must-revalidate', 'Pragma': 'no-cache', 'Expires': '0', 'X-Frame-Options': 'DENY', 'Content-Type': 'application/json;charset=UTF-8', 'Transfer-Encoding': 'chunked', 'Date': 'Fri, 02 Sep 2022 12:23:10 GMT', 'Keep-Alive': 'timeout=60', 'Connection': 'keep-alive'} 
 body={"name":"Policy API","url":"policy-api","healthy":true,"code":200,"message":"alive"} 
 </msg>
<msg timestamp="20220902 13:23:10.588" level="INFO">${resp} = &lt;Response [200]&gt;</msg>
<status status="PASS" starttime="20220902 13:23:10.297" endtime="20220902 13:23:10.589"/>
</kw>
<kw name="Log" library="BuiltIn">
<arg>Received response from policy ${resp.text}</arg>
<doc>Logs the given message with the given level.</doc>
<msg timestamp="20220902 13:23:10.590" level="INFO">Received response from policy {"name":"Policy API","url":"policy-api","healthy":true,"code":200,"message":"alive"}</msg>
<status status="PASS" starttime="20220902 13:23:10.589" endtime="20220902 13:23:10.591"/>
</kw>
<msg timestamp="20220902 13:23:10.591" level="INFO">${resp} = &lt;Response [200]&gt;</msg>
<status status="PASS" starttime="20220902 13:23:10.297" endtime="20220902 13:23:10.591"/>
</kw>
<msg timestamp="20220902 13:23:10.591" level="INFO">${resp} = &lt;Response [200]&gt;</msg>
<status status="PASS" starttime="20220902 13:23:10.296" endtime="20220902 13:23:10.591"/>
</kw>
<kw name="Should Be Equal As Strings" library="BuiltIn">
<arg>${resp.json()['code']}</arg>
<arg>200</arg>
<doc>Fails if objects are unequal after converting them to strings.</doc>
<msg timestamp="20220902 13:23:10.592" level="INFO">Argument types are:
&lt;class 'int'&gt;
&lt;class 'str'&gt;</msg>
<status status="PASS" starttime="20220902 13:23:10.591" endtime="20220902 13:23:10.592"/>
</kw>
<kw name="Should Be Equal As Strings" library="BuiltIn">
<arg>${resp.json()['healthy']}</arg>
<arg>True</arg>
<doc>Fails if objects are unequal after converting them to strings.</doc>
<msg timestamp="20220902 13:23:10.593" level="INFO">Argument types are:
&lt;class 'bool'&gt;
&lt;class 'str'&gt;</msg>
<status status="PASS" starttime="20220902 13:23:10.593" endtime="20220902 13:23:10.593"/>
</kw>
<kw name="Should Be Equal As Strings" library="BuiltIn">
<arg>${resp.json()['message']}</arg>
<arg>alive</arg>
<doc>Fails if objects are unequal after converting them to strings.</doc>
<status status="PASS" starttime="20220902 13:23:10.593" endtime="20220902 13:23:10.593"/>
</kw>
<doc>Verify policy api health check</doc>
<status status="PASS" starttime="20220902 13:23:10.296" endtime="20220902 13:23:10.594"/>
</test>
<test id="s1-t2" name="Statistics" line="17">
<kw name="GetReq">
<var>${resp}</var>
<arg>/policy/api/v1/statistics</arg>
<kw name="PolicyAdminAuth" library="common-library">
<var>${auth}</var>
<kw name="Create List" library="BuiltIn">
<var>${policyadmin}</var>
<arg>policyadmin</arg>
<arg>zb!XztG34</arg>
<doc>Returns a list containing given items.</doc>
<msg timestamp="20220902 13:23:10.594" level="INFO">${policyadmin} = ['policyadmin', 'zb!XztG34']</msg>
<status status="PASS" starttime="20220902 13:23:10.594" endtime="20220902 13:23:10.594"/>
</kw>
<msg timestamp="20220902 13:23:10.594" level="INFO">${auth} = ['policyadmin', 'zb!XztG34']</msg>
<status status="PASS" starttime="20220902 13:23:10.594" endtime="20220902 13:23:10.594"/>
</kw>
<kw name="PerformGetRequest" library="common-library">
<var>${resp}</var>
<arg>${POLICY_API_IP}</arg>
<arg>${url}</arg>
<arg>200</arg>
<arg>null</arg>
<arg>${auth}</arg>
<kw name="Log" library="BuiltIn">
<arg>Creating session http://${hostname}:6969</arg>
<doc>Logs the given message with the given level.</doc>
<msg timestamp="20220902 13:23:10.595" level="INFO">Creating session http://172.23.0.4:6969</msg>
<status status="PASS" starttime="20220902 13:23:10.595" endtime="20220902 13:23:10.595"/>
</kw>
<kw name="Create Session" library="RequestsLibrary">
<var>${session}</var>
<arg>policy</arg>
<arg>http://${hostname}:6969</arg>
<arg>auth=${auth}</arg>
<doc>Create Session: create a HTTP session to a server</doc>
<msg timestamp="20220902 13:23:10.595" level="INFO">Creating Session using : alias=policy, url=http://172.23.0.4:6969, headers={},                     cookies={}, auth=&lt;requests.auth.HTTPBasicAuth object at 0x102b148b0&gt;, timeout=None, proxies=None, verify=False,                     debug=0 </msg>
<msg timestamp="20220902 13:23:10.595" level="INFO">${session} = &lt;requests.sessions.Session object at 0x102b14160&gt;</msg>
<status status="PASS" starttime="20220902 13:23:10.595" endtime="20220902 13:23:10.595"/>
</kw>
<kw name="Create Dictionary" library="BuiltIn">
<var>${headers}</var>
<arg>Accept=application/json</arg>
<arg>Content-Type=application/json</arg>
<doc>Creates and returns a dictionary based on the given ``items``.</doc>
<msg timestamp="20220902 13:23:10.595" level="INFO">${headers} = {'Accept': 'application/json', 'Content-Type': 'application/json'}</msg>
<status status="PASS" starttime="20220902 13:23:10.595" endtime="20220902 13:23:10.595"/>
</kw>
<kw name="GET On Session" library="RequestsLibrary">
<var>${resp}</var>
<arg>policy</arg>
<arg>${url}</arg>
<arg>params=${params}</arg>
<arg>headers=${headers}</arg>
<arg>expected_status=${expectedstatus}</arg>
<doc>Sends a GET request on a previously created HTTP Session.</doc>
<msg timestamp="20220902 13:23:10.684" level="INFO">GET Request : url=http://172.23.0.4:6969/policy/api/v1/statistics?null 
 path_url=/policy/api/v1/statistics?null 
 headers={'User-Agent': 'python-requests/2.28.1', 'Accept-Encoding': 'gzip, deflate', 'Accept': 'application/json', 'Connection': 'keep-alive', 'Content-Type': 'application/json', 'Authorization': 'Basic cG9saWN5YWRtaW46emIhWHp0RzM0'} 
 body=None 
 </msg>
<msg timestamp="20220902 13:23:10.684" level="INFO">GET Response : url=http://172.23.0.4:6969/policy/api/v1/statistics?null 
 status=200, reason= 
 headers={'Set-Cookie': 'JSESSIONID=2686284C06A3B0F45E3F934E08259C6C; Path=/; HttpOnly', 'X-MinorVersion': '0', 'X-PatchVersion': '0', 'X-LatestVersion': '1.0.0', 'X-ONAP-RequestID': 'db5db6dc-61e5-4004-9cf3-cbb5d1b47d01', 'X-Content-Type-Options': 'nosniff', 'X-XSS-Protection': '1; mode=block', 'Cache-Control': 'no-cache, no-store, max-age=0, must-revalidate', 'Pragma': 'no-cache', 'Expires': '0', 'X-Frame-Options': 'DENY', 'Content-Type': 'application/json;charset=UTF-8', 'Transfer-Encoding': 'chunked', 'Date': 'Fri, 02 Sep 2022 12:23:10 GMT', 'Keep-Alive': 'timeout=60', 'Connection': 'keep-alive'} 
 body={"code":200,"totalApiCallCount":2,"apiCallSuccessCount":2,"apiCallFailureCount":0,"totalPolicyGetCount":0,"totalPolicyPostCount":0,"totalPolicyTypeGetCount":0,"totalPolicyTypePostCount":0,"policyGetSuccessCount":0,"policyGetFailureCount":0,"policyPostSuccessCount":0,"policyPostFailureCount":0,"policyTypeGetSuccessCount":0,"policyTypeGetFailureCount":0,"policyTypePostSuccessCount":0,"policyTypePostFailureCount":0} 
 </msg>
<msg timestamp="20220902 13:23:10.684" level="INFO">${resp} = &lt;Response [200]&gt;</msg>
<status status="PASS" starttime="20220902 13:23:10.595" endtime="20220902 13:23:10.684"/>
</kw>
<kw name="Log" library="BuiltIn">
<arg>Received response from policy ${resp.text}</arg>
<doc>Logs the given message with the given level.</doc>
<msg timestamp="20220902 13:23:10.686" level="INFO">Received response from policy {"code":200,"totalApiCallCount":2,"apiCallSuccessCount":2,"apiCallFailureCount":0,"totalPolicyGetCount":0,"totalPolicyPostCount":0,"totalPolicyTypeGetCount":0,"totalPolicyTypePostCount":0,"policyGetSuccessCount":0,"policyGetFailureCount":0,"policyPostSuccessCount":0,"policyPostFailureCount":0,"policyTypeGetSuccessCount":0,"policyTypeGetFailureCount":0,"policyTypePostSuccessCount":0,"policyTypePostFailureCount":0}</msg>
<status status="PASS" starttime="20220902 13:23:10.685" endtime="20220902 13:23:10.686"/>
</kw>
<msg timestamp="20220902 13:23:10.686" level="INFO">${resp} = &lt;Response [200]&gt;</msg>
<status status="PASS" starttime="20220902 13:23:10.594" endtime="20220902 13:23:10.686"/>
</kw>
<msg timestamp="20220902 13:23:10.686" level="INFO">${resp} = &lt;Response [200]&gt;</msg>
<status status="PASS" starttime="20220902 13:23:10.594" endtime="20220902 13:23:10.687"/>
</kw>
<kw name="Should Be Equal As Strings" library="BuiltIn">
<arg>${resp.json()['code']}</arg>
<arg>200</arg>
<doc>Fails if objects are unequal after converting them to strings.</doc>
<msg timestamp="20220902 13:23:10.687" level="INFO">Argument types are:
&lt;class 'int'&gt;
&lt;class 'str'&gt;</msg>
<status status="PASS" starttime="20220902 13:23:10.687" endtime="20220902 13:23:10.687"/>
</kw>
<doc>Verify policy api statistics</doc>
<status status="PASS" starttime="20220902 13:23:10.594" endtime="20220902 13:23:10.687"/>
</test>
<test id="s1-t3" name="RetrievePolicyTypes" line="22">
<kw name="FetchPolicyTypes">
<arg>/policy/api/v1/policytypes</arg>
<arg>37</arg>
<doc>Fetch all policy types</doc>
<kw name="GetReq">
<var>${resp}</var>
<arg>${url}</arg>
<kw name="PolicyAdminAuth" library="common-library">
<var>${auth}</var>
<kw name="Create List" library="BuiltIn">
<var>${policyadmin}</var>
<arg>policyadmin</arg>
<arg>zb!XztG34</arg>
<doc>Returns a list containing given items.</doc>
<msg timestamp="20220902 13:23:10.688" level="INFO">${policyadmin} = ['policyadmin', 'zb!XztG34']</msg>
<status status="PASS" starttime="20220902 13:23:10.688" endtime="20220902 13:23:10.688"/>
</kw>
<msg timestamp="20220902 13:23:10.688" level="INFO">${auth} = ['policyadmin', 'zb!XztG34']</msg>
<status status="PASS" starttime="20220902 13:23:10.688" endtime="20220902 13:23:10.688"/>
</kw>
<kw name="PerformGetRequest" library="common-library">
<var>${resp}</var>
<arg>${POLICY_API_IP}</arg>
<arg>${url}</arg>
<arg>200</arg>
<arg>null</arg>
<arg>${auth}</arg>
<kw name="Log" library="BuiltIn">
<arg>Creating session http://${hostname}:6969</arg>
<doc>Logs the given message with the given level.</doc>
<msg timestamp="20220902 13:23:10.689" level="INFO">Creating session http://172.23.0.4:6969</msg>
<status status="PASS" starttime="20220902 13:23:10.689" endtime="20220902 13:23:10.689"/>
</kw>
<kw name="Create Session" library="RequestsLibrary">
<var>${session}</var>
<arg>policy</arg>
<arg>http://${hostname}:6969</arg>
<arg>auth=${auth}</arg>
<doc>Create Session: create a HTTP session to a server</doc>
<msg timestamp="20220902 13:23:10.689" level="INFO">Creating Session using : alias=policy, url=http://172.23.0.4:6969, headers={},                     cookies={}, auth=&lt;requests.auth.HTTPBasicAuth object at 0x102b16740&gt;, timeout=None, proxies=None, verify=False,                     debug=0 </msg>
<msg timestamp="20220902 13:23:10.689" level="INFO">${session} = &lt;requests.sessions.Session object at 0x102b148e0&gt;</msg>
<status status="PASS" starttime="20220902 13:23:10.689" endtime="20220902 13:23:10.689"/>
</kw>
<kw name="Create Dictionary" library="BuiltIn">
<var>${headers}</var>
<arg>Accept=application/json</arg>
<arg>Content-Type=application/json</arg>
<doc>Creates and returns a dictionary based on the given ``items``.</doc>
<msg timestamp="20220902 13:23:10.689" level="INFO">${headers} = {'Accept': 'application/json', 'Content-Type': 'application/json'}</msg>
<status status="PASS" starttime="20220902 13:23:10.689" endtime="20220902 13:23:10.689"/>
</kw>
<kw name="GET On Session" library="RequestsLibrary">
<var>${resp}</var>
<arg>policy</arg>
<arg>${url}</arg>
<arg>params=${params}</arg>
<arg>headers=${headers}</arg>
<arg>expected_status=${expectedstatus}</arg>
<doc>Sends a GET request on a previously created HTTP Session.</doc>
<msg timestamp="20220902 13:23:11.824" level="INFO">GET Request : url=http://172.23.0.4:6969/policy/api/v1/policytypes?null 
 path_url=/policy/api/v1/policytypes?null 
 headers={'User-Agent': 'python-requests/2.28.1', 'Accept-Encoding': 'gzip, deflate', 'Accept': 'application/json', 'Connection': 'keep-alive', 'Content-Type': 'application/json', 'Authorization': 'Basic cG9saWN5YWRtaW46emIhWHp0RzM0'} 
 body=None 
 </msg>
<msg timestamp="20220902 13:23:11.825" level="INFO">GET Response : url=http://172.23.0.4:6969/policy/api/v1/policytypes?null 
 status=200, reason= 
 headers={'Set-Cookie': 'JSESSIONID=8427C6E1CCE43DE9579B3521BAFB40AF; Path=/; HttpOnly', 'X-MinorVersion': '0', 'X-PatchVersion': '0', 'X-LatestVersion': '1.0.0', 'X-ONAP-RequestID': '7b229a0c-9283-4437-9e0d-649728fc1952', 'X-Content-Type-Options': 'nosniff', 'X-XSS-Protection': '1; mode=block', 'Cache-Control': 'no-cache, no-store, max-age=0, must-revalidate', 'Pragma': 'no-cache', 'Expires': '0', 'X-Frame-Options': 'DENY', 'Content-Type': 'application/json;charset=UTF-8', 'Transfer-Encoding': 'chunked', 'Date': 'Fri, 02 Sep 2022 12:23:11 GMT', 'Keep-Alive': 'timeout=60', 'Connection': 'keep-alive'} 
 body={"tosca_definitions_version":"tosca_simple_yaml_1_1_0","data_types":{"onap.datatype.controlloop.Actor":{"constraints":[],"properties":{"actor":{"name":"actor","type":"string","type_version":"0.0.0","description":"The actor performing the operation.","required":true,"metadata":{"clamp_possible_values":"Dictionary:DefaultActors,ClampExecution:CDS/actor"}},"payload":{"name":"payload","type":"map","type_version":"0.0.0","description":"Name/value pairs of payload information passed by Policy to the actor","required":false,"entry_schema":{"type":"string","type_version":"0.0.0"},"metadata":{"clamp_possible_values":"ClampExecution:CDS/payload"}},"operation":{"name":"operation","type":"string","type_version":"0.0.0","description":"The operation the actor is performing.","required":true,"metadata":{"clamp_possible_values":"Dictionary:DefaultOperations,ClampExecution:CDS/operation"}},"target":{"name":"target","type":"onap.datatype.controlloop.Target","type_version":"0.0.0","description":"The resource the operation should be performed on.","required":true}},"name":"onap.datatype.controlloop.Actor","version":"0.0.0","derived_from":"tosca.datatypes.Root","metadata":{},"description":"An actor/operation/target definition"},"onap.datatype.controlloop.Operation":{"constraints":[],"properties":{"retries":{"name":"retries","type":"integer","type_version":"0.0.0","description":"The number of retries the actor should attempt to perform the operation.","default":0.0,"required":true},"failure_timeout":{"name":"failure_timeout","type":"string","type_version":"0.0.0","description":"Points to the operation to invoke when the time out for the operation occurs.","default":"final_failure_timeout","required":false},"success":{"name":"success","type":"string","type_version":"0.0.0","description":"Points to the operation to invoke on success. A value of \"final_success\" indicates and end to the operation.","default":"final_success","required":false},"failure":{"name":"failure","type":"string","type_version":"0.0.0","description":"Points to the operation to invoke on Actor operation failure.","default":"final_failure","required":false},"failure_exception":{"name":"failure_exception","type":"string","type_version":"0.0.0","description":"Points to the operation to invoke when the current operation causes an exception.","default":"final_failure_exception","required":false},"failure_retries":{"name":"failure_retries","type":"string","type_version":"0.0.0","description":"Points to the operation to invoke when the current operation has exceeded its max retries.","default":"final_failure_retries","required":false},"description":{"name":"description","type":"string","type_version":"0.0.0","description":"A user-friendly description of the intent for the operation","required":false},"id":{"name":"id","type":"string","type_version":"0.0.0","description":"Unique identifier for the operation","required":true},"operation":{"name":"operation","type":"onap.datatype.controlloop.Actor","type_version":"0.0.0","description":"The definition of the operation to be performed.","required":true},"failure_guard":{"name":"failure_guard","type":"string","type_version":"0.0.0","description":"Points to the operation to invoke when the current operation is blocked due to guard policy enforcement.","default":"final_failure_guard","required":false},"timeout":{"name":"timeout","type":"integer","type_version":"0.0.0","description":"The amount of time for the actor to perform the operation.","required":true}},"name":"onap.datatype.controlloop.Operation","version":"0.0.0","derived_from":"tosca.datatypes.Root","metadata":{},"description":"An operation supported by an actor"},"onap.datatype.controlloop.Target":{"constraints":[],"properties":{"targetType":{"name":"targetType","type":"string","type_version":"0.0.0","description":"Category for the target type","required":true,"constraints":[{"valid_values":["VNF","VM","VFMODULE","PNF"]}]},"entityIds":{"name":"entityIds","type":"map","type_version":"0.0.0","description":"Map of values that identify the resource. If none are provided, it is assumed that the\nentity that generated the ONSET event will be the target.\n","required":false,"entry_schema":{"type":"string","type_version":"0.0.0"},"metadata":{"clamp_possible_values":"ClampExecution:CSAR_RESOURCES"}}},"name":"onap.datatype.controlloop.Target","version":"0.0.0","derived_from":"tosca.datatypes.Root","metadata":{},"description":"Definition for a entity in A\u0026AI to perform a control loop operation on"},"onap.datatypes.dmaap.custom_serialization":{"constraints":[],"properties":{"jsonParser":{"name":"jsonParser","type":"string","type_version":"0.0.0","description":"static field in customSerialized class with the json parser (currently only gson supported)","required":true},"customSerializerClass":{"name":"customSerializerClass","type":"string","type_version":"0.0.0","description":"the class that contains the JSON parser serializer/deserializer.","required":true}},"name":"onap.datatypes.dmaap.custom_serialization","version":"0.0.0","derived_from":"tosca.datatypes.Root","metadata":{}},"onap.datatypes.dmaap.events":{"constraints":[],"properties":{"eventClass":{"name":"eventClass","type":"string","type_version":"0.0.0","description":"the event canonical class for serialization","required":true},"eventFilter":{"name":"eventFilter","type":"string","type_version":"0.0.0","description":"the JSONPath based condition to filter out the events to serialize","required":false},"customSerialization":{"name":"customSerialization","type":"onap.datatypes.dmaap.custom_serialization","type_version":"0.0.0","description":"overrides the default serialization/deserialization mechanisms with custom ones","required":false}},"name":"onap.datatypes.dmaap.events","version":"0.0.0","derived_from":"tosca.datatypes.Root","metadata":{}},"onap.datatypes.dmaap.topic":{"constraints":[],"properties":{"topicName":{"name":"topicName","type":"string","type_version":"0.0.0","description":"the dmaap topic name","required":true},"events":{"name":"events","type":"list","type_version":"0.0.0","description":"events used by this topic","required":true,"entry_schema":{"type":"onap.datatypes.dmaap.events","type_version":"0.0.0"}}},"name":"onap.datatypes.dmaap.topic","version":"0.0.0","derived_from":"tosca.datatypes.Root","metadata":{}},"onap.datatypes.drools.controller.relation":{"constraints":[],"properties":{"name":{"name":"name","type":"string","type_version":"0.0.0","description":"the name of drools controller policy","required":true}},"name":"onap.datatypes.drools.controller.relation","version":"0.0.0","derived_from":"tosca.datatypes.Root","metadata":{}},"onap.datatypes.guard.filter":{"constraints":[],"properties":{"filter":{"name":"filter","type":"string","type_version":"0.0.0","description":"The filter value itself. For example, \"RegionOne\" \"vFWCL*\"","required":true},"field":{"name":"field","type":"string","type_version":"0.0.0","description":"Name of the field to perform the filter on using the A\u0026AI \u003cnode\u003e.\u003cproperty\u003e syntax.","required":true,"constraints":[{"valid_values":["generic-vnf.vnf-name","generic-vnf.vnf-id","generic-vnf.vnf-type","generic-vnf.nf-naming-code","vserver.vserver-id","cloud-region.cloud-region-id"]}]},"function":{"name":"function","type":"string","type_version":"0.0.0","description":"The function applied to the filter.","required":true,"constraints":[{"valid_values":["string-equal","string-equal-ignore-case","string-regexp-match","string-contains","string-greater-than","string-greater-than-or-equal","string-less-than","string-less-than-or-equal","string-starts-with","string-ends-with"]}]},"blacklist":{"name":"blacklist","type":"boolean","type_version":"0.0.0","description":"Indicates if the filter should be treated as a blacklist (true)\nor whitelist (false).\n","default":true,"required":true}},"name":"onap.datatypes.guard.filter","version":"0.0.0","derived_from":"tosca.nodes.Root","metadata":{}},"onap.datatypes.monitoring.filters":{"constraints":[],"properties":{"measTypes":{"name":"measTypes","type":"list","type_version":"0.0.0","description":"Measurement types to collect","required":true,"entry_schema":{"type":"string","type_version":"0.0.0"}},"vendor":{"name":"vendor","type":"string","type_version":"0.0.0","description":"Vendor name","required":true},"nfType":{"name":"nfType","type":"string","type_version":"0.0.0","description":"NF type","required":true},"pmDefVsn":{"name":"pmDefVsn","type":"string","type_version":"0.0.0","description":"PM Dictionary version","required":true}},"name":"onap.datatypes.monitoring.filters","version":"0.0.0","derived_from":"tosca.datatypes.Root","metadata":{}},"onap.datatypes.monitoring.managedObjectDNsBasic":{"constraints":[],"properties":{"DN":{"name":"DN","type":"string","type_version":"0.0.0","description":"Managed object distinguished name","required":true}},"name":"onap.datatypes.monitoring.managedObjectDNsBasic","version":"0.0.0","derived_from":"tosca.datatypes.Root","metadata":{}},"onap.datatypes.monitoring.managedObjectDNsBasics":{"constraints":[],"properties":{"managedObjectDNsBasic":{"name":"managedObjectDNsBasic","type":"map","type_version":"0.0.0","description":"Managed object distinguished name object","required":true,"entry_schema":{"type":"onap.datatypes.monitoring.managedObjectDNsBasic","type_version":"0.0.0"}}},"name":"onap.datatypes.monitoring.managedObjectDNsBasics","version":"0.0.0","derived_from":"tosca.datatypes.Root","metadata":{}},"onap.datatypes.monitoring.measurementGroup":{"constraints":[],"properties":{"measurementTypes":{"name":"measurementTypes","type":"list","type_version":"0.0.0","description":"List of measurement types","required":true,"entry_schema":{"type":"onap.datatypes.monitoring.measurementTypes","type_version":"0.0.0"}},"managedObjectDNsBasic":{"name":"managedObjectDNsBasic","type":"list","type_version":"0.0.0","description":"List of managed object distinguished names","required":true,"entry_sche... (set the log level to DEBUG or TRACE to see the full content) 
 </msg>
<msg timestamp="20220902 13:23:11.825" level="INFO">${resp} = &lt;Response [200]&gt;</msg>
<status status="PASS" starttime="20220902 13:23:10.689" endtime="20220902 13:23:11.825"/>
</kw>
<kw name="Log" library="BuiltIn">
<arg>Received response from policy ${resp.text}</arg>
<doc>Logs the given message with the given level.</doc>
<msg timestamp="20220902 13:23:11.828" level="INFO">Received response from policy {"tosca_definitions_version":"tosca_simple_yaml_1_1_0","data_types":{"onap.datatype.controlloop.Actor":{"constraints":[],"properties":{"actor":{"name":"actor","type":"string","type_version":"0.0.0","description":"The actor performing the operation.","required":true,"metadata":{"clamp_possible_values":"Dictionary:DefaultActors,ClampExecution:CDS/actor"}},"payload":{"name":"payload","type":"map","type_version":"0.0.0","description":"Name/value pairs of payload information passed by Policy to the actor","required":false,"entry_schema":{"type":"string","type_version":"0.0.0"},"metadata":{"clamp_possible_values":"ClampExecution:CDS/payload"}},"operation":{"name":"operation","type":"string","type_version":"0.0.0","description":"The operation the actor is performing.","required":true,"metadata":{"clamp_possible_values":"Dictionary:DefaultOperations,ClampExecution:CDS/operation"}},"target":{"name":"target","type":"onap.datatype.controlloop.Target","type_version":"0.0.0","description":"The resource the operation should be performed on.","required":true}},"name":"onap.datatype.controlloop.Actor","version":"0.0.0","derived_from":"tosca.datatypes.Root","metadata":{},"description":"An actor/operation/target definition"},"onap.datatype.controlloop.Operation":{"constraints":[],"properties":{"retries":{"name":"retries","type":"integer","type_version":"0.0.0","description":"The number of retries the actor should attempt to perform the operation.","default":0.0,"required":true},"failure_timeout":{"name":"failure_timeout","type":"string","type_version":"0.0.0","description":"Points to the operation to invoke when the time out for the operation occurs.","default":"final_failure_timeout","required":false},"success":{"name":"success","type":"string","type_version":"0.0.0","description":"Points to the operation to invoke on success. A value of \"final_success\" indicates and end to the operation.","default":"final_success","required":false},"failure":{"name":"failure","type":"string","type_version":"0.0.0","description":"Points to the operation to invoke on Actor operation failure.","default":"final_failure","required":false},"failure_exception":{"name":"failure_exception","type":"string","type_version":"0.0.0","description":"Points to the operation to invoke when the current operation causes an exception.","default":"final_failure_exception","required":false},"failure_retries":{"name":"failure_retries","type":"string","type_version":"0.0.0","description":"Points to the operation to invoke when the current operation has exceeded its max retries.","default":"final_failure_retries","required":false},"description":{"name":"description","type":"string","type_version":"0.0.0","description":"A user-friendly description of the intent for the operation","required":false},"id":{"name":"id","type":"string","type_version":"0.0.0","description":"Unique identifier for the operation","required":true},"operation":{"name":"operation","type":"onap.datatype.controlloop.Actor","type_version":"0.0.0","description":"The definition of the operation to be performed.","required":true},"failure_guard":{"name":"failure_guard","type":"string","type_version":"0.0.0","description":"Points to the operation to invoke when the current operation is blocked due to guard policy enforcement.","default":"final_failure_guard","required":false},"timeout":{"name":"timeout","type":"integer","type_version":"0.0.0","description":"The amount of time for the actor to perform the operation.","required":true}},"name":"onap.datatype.controlloop.Operation","version":"0.0.0","derived_from":"tosca.datatypes.Root","metadata":{},"description":"An operation supported by an actor"},"onap.datatype.controlloop.Target":{"constraints":[],"properties":{"targetType":{"name":"targetType","type":"string","type_version":"0.0.0","description":"Category for the target type","required":true,"constraints":[{"valid_values":["VNF","VM","VFMODULE","PNF"]}]},"entityIds":{"name":"entityIds","type":"map","type_version":"0.0.0","description":"Map of values that identify the resource. If none are provided, it is assumed that the\nentity that generated the ONSET event will be the target.\n","required":false,"entry_schema":{"type":"string","type_version":"0.0.0"},"metadata":{"clamp_possible_values":"ClampExecution:CSAR_RESOURCES"}}},"name":"onap.datatype.controlloop.Target","version":"0.0.0","derived_from":"tosca.datatypes.Root","metadata":{},"description":"Definition for a entity in A\u0026AI to perform a control loop operation on"},"onap.datatypes.dmaap.custom_serialization":{"constraints":[],"properties":{"jsonParser":{"name":"jsonParser","type":"string","type_version":"0.0.0","description":"static field in customSerialized class with the json parser (currently only gson supported)","required":true},"customSerializerClass":{"name":"customSerializerClass","type":"string","type_version":"0.0.0","description":"the class that contains the JSON parser serializer/deserializer.","required":true}},"name":"onap.datatypes.dmaap.custom_serialization","version":"0.0.0","derived_from":"tosca.datatypes.Root","metadata":{}},"onap.datatypes.dmaap.events":{"constraints":[],"properties":{"eventClass":{"name":"eventClass","type":"string","type_version":"0.0.0","description":"the event canonical class for serialization","required":true},"eventFilter":{"name":"eventFilter","type":"string","type_version":"0.0.0","description":"the JSONPath based condition to filter out the events to serialize","required":false},"customSerialization":{"name":"customSerialization","type":"onap.datatypes.dmaap.custom_serialization","type_version":"0.0.0","description":"overrides the default serialization/deserialization mechanisms with custom ones","required":false}},"name":"onap.datatypes.dmaap.events","version":"0.0.0","derived_from":"tosca.datatypes.Root","metadata":{}},"onap.datatypes.dmaap.topic":{"constraints":[],"properties":{"topicName":{"name":"topicName","type":"string","type_version":"0.0.0","description":"the dmaap topic name","required":true},"events":{"name":"events","type":"list","type_version":"0.0.0","description":"events used by this topic","required":true,"entry_schema":{"type":"onap.datatypes.dmaap.events","type_version":"0.0.0"}}},"name":"onap.datatypes.dmaap.topic","version":"0.0.0","derived_from":"tosca.datatypes.Root","metadata":{}},"onap.datatypes.drools.controller.relation":{"constraints":[],"properties":{"name":{"name":"name","type":"string","type_version":"0.0.0","description":"the name of drools controller policy","required":true}},"name":"onap.datatypes.drools.controller.relation","version":"0.0.0","derived_from":"tosca.datatypes.Root","metadata":{}},"onap.datatypes.guard.filter":{"constraints":[],"properties":{"filter":{"name":"filter","type":"string","type_version":"0.0.0","description":"The filter value itself. For example, \"RegionOne\" \"vFWCL*\"","required":true},"field":{"name":"field","type":"string","type_version":"0.0.0","description":"Name of the field to perform the filter on using the A\u0026AI \u003cnode\u003e.\u003cproperty\u003e syntax.","required":true,"constraints":[{"valid_values":["generic-vnf.vnf-name","generic-vnf.vnf-id","generic-vnf.vnf-type","generic-vnf.nf-naming-code","vserver.vserver-id","cloud-region.cloud-region-id"]}]},"function":{"name":"function","type":"string","type_version":"0.0.0","description":"The function applied to the filter.","required":true,"constraints":[{"valid_values":["string-equal","string-equal-ignore-case","string-regexp-match","string-contains","string-greater-than","string-greater-than-or-equal","string-less-than","string-less-than-or-equal","string-starts-with","string-ends-with"]}]},"blacklist":{"name":"blacklist","type":"boolean","type_version":"0.0.0","description":"Indicates if the filter should be treated as a blacklist (true)\nor whitelist (false).\n","default":true,"required":true}},"name":"onap.datatypes.guard.filter","version":"0.0.0","derived_from":"tosca.nodes.Root","metadata":{}},"onap.datatypes.monitoring.filters":{"constraints":[],"properties":{"measTypes":{"name":"measTypes","type":"list","type_version":"0.0.0","description":"Measurement types to collect","required":true,"entry_schema":{"type":"string","type_version":"0.0.0"}},"vendor":{"name":"vendor","type":"string","type_version":"0.0.0","description":"Vendor name","required":true},"nfType":{"name":"nfType","type":"string","type_version":"0.0.0","description":"NF type","required":true},"pmDefVsn":{"name":"pmDefVsn","type":"string","type_version":"0.0.0","description":"PM Dictionary version","required":true}},"name":"onap.datatypes.monitoring.filters","version":"0.0.0","derived_from":"tosca.datatypes.Root","metadata":{}},"onap.datatypes.monitoring.managedObjectDNsBasic":{"constraints":[],"properties":{"DN":{"name":"DN","type":"string","type_version":"0.0.0","description":"Managed object distinguished name","required":true}},"name":"onap.datatypes.monitoring.managedObjectDNsBasic","version":"0.0.0","derived_from":"tosca.datatypes.Root","metadata":{}},"onap.datatypes.monitoring.managedObjectDNsBasics":{"constraints":[],"properties":{"managedObjectDNsBasic":{"name":"managedObjectDNsBasic","type":"map","type_version":"0.0.0","description":"Managed object distinguished name object","required":true,"entry_schema":{"type":"onap.datatypes.monitoring.managedObjectDNsBasic","type_version":"0.0.0"}}},"name":"onap.datatypes.monitoring.managedObjectDNsBasics","version":"0.0.0","derived_from":"tosca.datatypes.Root","metadata":{}},"onap.datatypes.monitoring.measurementGroup":{"constraints":[],"properties":{"measurementTypes":{"name":"measurementTypes","type":"list","type_version":"0.0.0","description":"List of measurement types","required":true,"entry_schema":{"type":"onap.datatypes.monitoring.measurementTypes","type_version":"0.0.0"}},"managedObjectDNsBasic":{"name":"managedObjectDNsBasic","type":"list","type_version":"0.0.0","description":"List of managed object distinguished names","required":true,"entry_schema":{"type":"onap.datatypes.monitoring.managedObjectDNsBasics","type_version":"0.0.0"}}},"name":"onap.datatypes.monitoring.measurementGroup","version":"0.0.0","derived_from":"tosca.datatypes.Root","metadata":{}},"onap.datatypes.monitoring.measurementGroups":{"constraints":[],"properties":{"measurementGroup":{"name":"measurementGroup","type":"map","type_version":"0.0.0","description":"Measurement Group","required":true,"entry_schema":{"type":"onap.datatypes.monitoring.measurementGroup","type_version":"0.0.0"}}},"name":"onap.datatypes.monitoring.measurementGroups","version":"0.0.0","derived_from":"tosca.datatypes.Root","metadata":{}},"onap.datatypes.monitoring.measurementType":{"constraints":[],"properties":{"measurementType":{"name":"measurementType","type":"string","type_version":"0.0.0","description":"Measurement type","required":true}},"name":"onap.datatypes.monitoring.measurementType","version":"0.0.0","derived_from":"tosca.datatypes.Root","metadata":{}},"onap.datatypes.monitoring.measurementTypes":{"constraints":[],"properties":{"measurementType":{"name":"measurementType","type":"map","type_version":"0.0.0","description":"Measurement type object","required":true,"entry_schema":{"type":"onap.datatypes.monitoring.measurementType","type_version":"0.0.0"}}},"name":"onap.datatypes.monitoring.measurementTypes","version":"0.0.0","derived_from":"tosca.datatypes.Root","metadata":{}},"onap.datatypes.monitoring.metricsPerEventName":{"constraints":[],"properties":{"policyVersion":{"name":"policyVersion","type":"string","type_version":"0.0.0","description":"TCA Policy Scope Version","required":true},"thresholds":{"name":"thresholds","type":"list","type_version":"0.0.0","description":"Thresholds associated with eventName","required":true,"entry_schema":{"type":"onap.datatypes.monitoring.thresholds","type_version":"0.0.0"}},"policyName":{"name":"policyName","type":"string","type_version":"0.0.0","description":"TCA Policy Scope Name","required":true},"controlLoopSchemaType":{"name":"controlLoopSchemaType","type":"string","type_version":"0.0.0","description":"Specifies Control Loop Schema Type for the event Name e.g. VNF, VM","required":true,"constraints":[{"valid_values":["VM","VNF"]}]},"policyScope":{"name":"policyScope","type":"string","type_version":"0.0.0","description":"TCA Policy Scope","required":true},"eventName":{"name":"eventName","type":"string","type_version":"0.0.0","description":"Event name to which thresholds need to be applied","required":true}},"name":"onap.datatypes.monitoring.metricsPerEventName","version":"0.0.0","derived_from":"tosca.datatypes.Root","metadata":{}},"onap.datatypes.monitoring.nfFilter":{"constraints":[],"properties":{"nfNames":{"name":"nfNames","type":"list","type_version":"0.0.0","description":"List of network functions","required":true,"entry_schema":{"type":"string","type_version":"0.0.0"}},"swVersions":{"name":"swVersions","type":"list","type_version":"0.0.0","description":"List of software versions","required":true,"entry_schema":{"type":"string","type_version":"0.0.0"}}},"name":"onap.datatypes.monitoring.nfFilter","version":"0.0.0","derived_from":"tosca.datatypes.Root","metadata":{}},"onap.datatypes.monitoring.pm-mapper-filter":{"constraints":[],"properties":{"filters":{"name":"filters","type":"list","type_version":"0.0.0","description":"Filter configuration","required":true,"entry_schema":{"type":"onap.datatypes.monitoring.filters","type_version":"0.0.0"}}},"name":"onap.datatypes.monitoring.pm-mapper-filter","version":"0.0.0","derived_from":"tosca.datatypes.Root","metadata":{}},"onap.datatypes.monitoring.rcc_event_details":{"constraints":[],"properties":{"event_sseventsUrl":{"name":"event_sseventsUrl","type":"string","type_version":"0.0.0","description":"Explicit SSE url","required":true},"event_sseventsField":{"name":"event_sseventsField","type":"string","type_version":"0.0.0","description":"Field name to access SSE url in subscription response","required":true},"event_subscriptionTemplate":{"name":"event_subscriptionTemplate","type":"string","type_version":"0.0.0","description":"Subscription template file path","required":true},"userData":{"name":"userData","type":"string","type_version":"0.0.0","description":"The user specific data","required":false},"event_unSubscriptionTemplate":{"name":"event_unSubscriptionTemplate","type":"string","type_version":"0.0.0","description":"Unsubscription template file path","required":false},"event_sseventUrlEmbed":{"name":"event_sseventUrlEmbed","type":"boolean","type_version":"0.0.0","description":"Whether SSE url is embedded in subscription response","default":true,"required":true},"event_description":{"name":"event_description","type":"string","type_version":"0.0.0","description":"description of event","required":false},"modifyData":{"name":"modifyData","type":"boolean","type_version":"0.0.0","description":"Whether to modify the received SSE event","default":false,"required":true},"modifyMethod":{"name":"modifyMethod","type":"string","type_version":"0.0.0","description":"The java method name to modify data","required":false},"event_name":{"name":"event_name","type":"string","type_version":"0.0.0","description":"event name","required":true},"event_ruleId":{"name":"event_ruleId","type":"integer","type_version":"0.0.0","description":"Rule Id","required":false}},"name":"onap.datatypes.monitoring.rcc_event_details","version":"0.0.0","derived_from":"tosca.datatypes.Root","metadata":{}},"onap.datatypes.monitoring.rcc_policy":{"constraints":[],"properties":{"controller_accessTokenUrl":{"name":"controller_accessTokenUrl","type":"string","type_version":"0.0.0","description":"URL to get access token","required":true},"controller_disableSsl":{"name":"controller_disableSsl","type":"boolean","type_version":"0.0.0","description":"Option to disable ssl","default":true,"required":true},"controller_restapiPassword":{"name":"controller_restapiPassword","type":"string","type_version":"0.0.0","description":"Controller\u0027s password","required":true},"controller_accessTokenMethod":{"name":"controller_accessTokenMethod","type":"string","type_version":"0.0.0","description":"Access token method POST/GET/PUT etc","required":true,"constraints":[{"valid_values":["post","get","put"]}]},"controller_subsMethod":{"name":"controller_subsMethod","type":"string","type_version":"0.0.0","description":"Subscription method POST/GET/PUT etc","default":"post","required":true,"constraints":[{"valid_values":["post","get","put"]}]},"controller_accessTokenFile":{"name":"controller_accessTokenFile","type":"string","type_version":"0.0.0","description":"Access token file path","required":true},"controller_subscriptionUrl":{"name":"controller_subscriptionUrl","type":"string","type_version":"0.0.0","description":"URL to establish subscription","required":true},"controller_restapiUser":{"name":"controller_restapiUser","type":"string","type_version":"0.0.0","description":"Controller\u0027s username","required":true},"controller_name":{"name":"controller_name","type":"string","type_version":"0.0.0","description":"Name of controller","required":true},"controller_restapiUrl":{"name":"controller_restapiUrl","type":"string","type_version":"0.0.0","description":"Controller\u0027s ip and port","required":true},"event_details":{"name":"event_details","type":"list","type_version":"0.0.0","description":"event details","required":true,"entry_schema":{"type":"onap.datatypes.monitoring.rcc_event_details","type_version":"0.0.0"}}},"name":"onap.datatypes.monitoring.rcc_policy","version":"0.0.0","derived_from":"tosca.datatypes.Root","metadata":{}},"onap.datatypes.monitoring.subscription":{"constraints":[],"properties":{"administrativeState":{"name":"administrativeState","type":"string","type_version":"0.0.0","description":"State of the subscription","required":true,"constraints":[{"valid_values":["LOCKED","UNLOCKED"]}]},"subscriptionName":{"name":"subscriptionName","type":"string","type_version":"0.0.0","description":"Name of the subscription","required":true},"measurementGroups":{"name":"measurementGroups","type":"list","type_version":"0.0.0","description":"Measurement Groups","required":true,"entry_schema":{"type":"onap.datatypes.monitoring.measurementGroups","type_version":"0.0.0"}},"fileBasedGP":{"name":"fileBasedGP","type":"integer","type_version":"0.0.0","description":"File based granularity period","required":true},"nfFilter":{"name":"nfFilter","type":"map","type_version":"0.0.0","description":"Network function filter","required":true,"entry_schema":{"type":"onap.datatypes.monitoring.nfFilter","type_version":"0.0.0"}},"fileLocation":{"name":"fileLocation","type":"string","type_version":"0.0.0","description":"ROP file location","required":true},"nfTypeModelInvariantId":{"name":"nfTypeModelInvariantId","type":"string","type_version":"0.0.0","description":"Network function invariant ID","required":true}},"name":"onap.datatypes.monitoring.subscription","version":"0.0.0","derived_from":"tosca.datatypes.Root","metadata":{}},"onap.datatypes.monitoring.tca_policy":{"constraints":[],"properties":{"domain":{"name":"domain","type":"string","type_version":"0.0.0","description":"Domain name to which TCA needs to be applied","default":"measurementsForVfScaling","required":true,"constraints":[{"equal":"measurementsForVfScaling"}]},"metricsPerEventName":{"name":"metricsPerEventName","type":"list","type_version":"0.0.0","description":"Contains eventName and threshold details that need to be applied to given eventName","required":true,"entry_schema":{"type":"onap.datatypes.monitoring.metricsPerEventName","type_version":"0.0.0"}}},"name":"onap.datatypes.monitoring.tca_policy","version":"0.0.0","derived_from":"tosca.datatypes.Root","metadata":{}},"onap.datatypes.monitoring.thresholds":{"constraints":[],"properties":{"severity":{"name":"severity","type":"string","type_version":"0.0.0","description":"Threshold Event Severity","required":true,"constraints":[{"valid_values":["CRITICAL","MAJOR","MINOR","WARNING","NORMAL"]}]},"fieldPath":{"name":"fieldPath","type":"string","type_version":"0.0.0","description":"Json field Path as per CEF message which needs to be analyzed for TCA","required":true,"constraints":[{"valid_values":["$.event.measurementsForVfScalingFields.vNicPerformanceArray[*].receivedTotalPacketsDelta","$.event.measurementsForVfScalingFields.vNicPerformanceArray[*].receivedOctetsDelta","$.event.measurementsForVfScalingFields.vNicPerformanceArray[*].receivedUnicastPacketsDelta","$.event.measurementsForVfScalingFields.vNicPerformanceArray[*].receivedMulticastPacketsDelta","$.event.measurementsForVfScalingFields.vNicPerformanceArray[*].receivedBroadcastPacketsDelta","$.event.measurementsForVfScalingFields.vNicPerformanceArray[*].receivedDiscardedPacketsDelta","$.event.measurementsForVfScalingFields.vNicPerformanceArray[*].receivedErrorPacketsDelta","$.event.measurementsForVfScalingFields.vNicPerformanceArray[*].receivedTotalPacketsAccumulated","$.event.measurementsForVfScalingFields.vNicPerformanceArray[*].receivedOctetsAccumulated","$.event.measurementsForVfScalingFields.vNicPerformanceArray[*].receivedUnicastPacketsAccumulated","$.event.measurementsForVfScalingFields.vNicPerformanceArray[*].receivedMulticastPacketsAccumulated","$.event.measurementsForVfScalingFields.vNicPerformanceArray[*].receivedBroadcastPacketsAccumulated","$.event.measurementsForVfScalingFields.vNicPerformanceArray[*].receivedDiscardedPacketsAccumulated","$.event.measurementsForVfScalingFields.vNicPerformanceArray[*].receivedErrorPacketsAccumulated","$.event.measurementsForVfScalingFields.vNicPerformanceArray[*].transmittedTotalPacketsDelta","$.event.measurementsForVfScalingFields.vNicPerformanceArray[*].transmittedOctetsDelta","$.event.measurementsForVfScalingFields.vNicPerformanceArray[*].transmittedUnicastPacketsDelta","$.event.measurementsForVfScalingFields.vNicPerformanceArray[*].transmittedMulticastPacketsDelta","$.event.measurementsForVfScalingFields.vNicPerformanceArray[*].transmittedBroadcastPacketsDelta","$.event.measurementsForVfScalingFields.vNicPerformanceArray[*].transmittedDiscardedPacketsDelta","$.event.measurementsForVfScalingFields.vNicPerformanceArray[*].transmittedErrorPacketsDelta","$.event.measurementsForVfScalingFields.vNicPerformanceArray[*].transmittedTotalPacketsAccumulated","$.event.measurementsForVfScalingFields.vNicPerformanceArray[*].transmittedOctetsAccumulated","$.event.measurementsForVfScalingFields.vNicPerformanceArray[*].transmittedUnicastPacketsAccumulated","$.event.measurementsForVfScalingFields.vNicPerformanceArray[*].transmittedMulticastPacketsAccumulated","$.event.measurementsForVfScalingFields.vNicPerformanceArray[*].transmittedBroadcastPacketsAccumulated","$.event.measurementsForVfScalingFields.vNicPerformanceArray[*].transmittedDiscardedPacketsAccumulated","$.event.measurementsForVfScalingFields.vNicPerformanceArray[*].transmittedErrorPacketsAccumulated","$.event.measurementsForVfScalingFields.cpuUsageArray[*].cpuIdle","$.event.measurementsForVfScalingFields.cpuUsageArray[*].cpuUsageInterrupt","$.event.measurementsForVfScalingFields.cpuUsageArray[*].cpuUsageNice","$.event.measurementsForVfScalingFields.cpuUsageArray[*].cpuUsageSoftIrq","$.event.measurementsForVfScalingFields.cpuUsageArray[*].cpuUsageSteal","$.event.measurementsForVfScalingFields.cpuUsageArray[*].cpuUsageSystem","$.event.measurementsForVfScalingFields.cpuUsageArray[*].cpuWait","$.event.measurementsForVfScalingFields.cpuUsageArray[*].percentUsage","$.event.measurementsForVfScalingFields.meanRequestLatency","$.event.measurementsForVfScalingFields.memoryUsageArray[*].memoryBuffered","$.event.measurementsForVfScalingFields.memoryUsageArray[*].memoryCached","$.event.measurementsForVfScalingFields.memoryUsageArray[*].memoryConfigured","$.event.measurementsForVfScalingFields.memoryUsageArray[*].memoryFree","$.event.measurementsForVfScalingFields.memoryUsageArray[*].memoryUsed","$.event.measurementsForVfScalingFields.additionalMeasurements[*].arrayOfFields[0].value"]}]},"thresholdValue":{"name":"thresholdValue","type":"integer","type_version":"0.0.0","description":"Threshold value for the field Path inside CEF message","required":true},"closedLoopEventStatus":{"name":"closedLoopEventStatus","type":"string","type_version":"0.0.0","description":"Closed Loop Event Status of the threshold","required":true,"constraints":[{"valid_values":["ONSET","ABATED"]}]},"closedLoopControlName":{"name":"closedLoopControlName","type":"string","type_version":"0.0.0","description":"Closed Loop Control Name associated with the threshold","required":true},"version":{"name":"version","type":"string","type_version":"0.0.0","description":"Version number associated with the threshold","required":true},"direction":{"name":"direction","type":"string","type_version":"0.0.0","description":"Direction of the threshold","required":true,"constraints":[{"valid_values":["LESS","LESS_OR_EQUAL","GREATER","GREATER_OR_EQUAL","EQUAL"]}]}},"name":"onap.datatypes.monitoring.thresholds","version":"0.0.0","derived_from":"tosca.datatypes.Root","metadata":{}},"onap.datatypes.native.apex.CarrierTechnology":{"constraints":[],"properties":{"plugin_parameter_class_name":{"name":"plugin_parameter_class_name","type":"string","type_version":"0.0.0","description":"The class name of the class that overrides default handling of event input or output for this carrier technology, defaults to the supplied input or output class","required":false},"label":{"name":"label","type":"string","type_version":"0.0.0","description":"The label (name) of the carrier technology (such as REST, Kafka, WebSocket)","required":true}},"name":"onap.datatypes.native.apex.CarrierTechnology","version":"0.0.0","derived_from":"tosca.datatypes.Root","metadata":{}},"onap.datatypes.native.apex.EngineService":{"constraints":[],"properties":{"engine":{"name":"engine","type":"onap.datatypes.native.apex.engineservice.Engine","type_version":"0.0.0","description":"The parameters for all engines in the APEX engine service","required":true},"periodic_event_period":{"name":"periodic_event_period","type":"string","type_version":"0.0.0","description":"The time interval in milliseconds for the periodic scanning event, 0 means don\u0027t scan","required":false},"policy_type_impl":{"name":"policy_type_impl","type":"string","type_version":"0.0.0","description":"The policy type implementation from which to read the APEX policy model","required":false},"name":{"name":"name","type":"string","type_version":"0.0.0","description":"Specifies the engine name","default":"ApexEngineService","required":false},"deployment_port":{"name":"deployment_port","type":"integer","type_version":"0.0.0","description":"Specifies the port to connect to for engine administration","default":1.0,"required":false},"policy_model_file_name":{"name":"policy_model_file_name","type":"string","type_version":"0.0.0","description":"The name of the file from which to read the APEX policy model","required":false},"id":{"name":"id","type":"integer","type_version":"0.0.0","description":"Specifies the engine id","required":true},"version":{"name":"version","type":"string","type_version":"0.0.0","description":"Specifies the engine version in double dotted format","default":"1.0.0","required":false},"instance_count":{"name":"instance_count","type":"integer","type_version":"0.0.0","description":"Specifies the number of engine threads that should be run","required":true}},"name":"onap.datatypes.native.apex.EngineService","version":"0.0.0","derived_from":"tosca.datatypes.Root","metadata":{}},"onap.datatypes.native.apex.Environment":{"constraints":[],"properties":{"name":{"name":"name","type":"string","type_version":"0.0.0","description":"The name of the environment variable","required":true},"value":{"name":"value","type":"string","type_version":"0.0.0","description":"The value of the environment variable","required":true}},"name":"onap.datatypes.native.apex.Environment","version":"0.0.0","derived_from":"tosca.datatypes.Root","metadata":{}},"onap.datatypes.native.apex.EventHandler":{"constraints":[],"properties":{"event_name_filter":{"name":"event_name_filter","type":"string","type_version":"0.0.0","description":"Specifies a filter as a regular expression, events that do not match the filter are dropped, the default is to let all events through","required":false},"synchronous_mode":{"name":"synchronous_mode","type":"boolean","type_version":"0.0.0","description":"Specifies the event handler is syncronous (receive event and send response)","default":false,"required":false},"synchronous_peer":{"name":"synchronous_peer","type":"string","type_version":"0.0.0","description":"The peer event handler (output for input or input for output) of this event handler in synchronous mode, this parameter is mandatory if the event handler is in synchronous mode","required":false},"name":{"name":"name","type":"string","type_version":"0.0.0","description":"Specifies the event handler name, if not specified this is set to the key name","required":false},"event_name":{"name":"event_name","type":"string","type_version":"0.0.0","description":"Specifies the event name for events on this event handler, if not specified, the event name is read from or written to the event being received or sent","required":false},"event_protocol":{"name":"event_protocol","type":"onap.datatypes.native.apex.EventProtocol","type_version":"0.0.0","description":"Specifies the event protocol of events for the event handler (such as Yaml/JSON/XML/POJO)","required":true},"requestor_timeout":{"name":"requestor_timeout","type":"integer","type_version":"0.0.0","description":"The timeout in milliseconds for wait for responses to requests, this parameter is mandatory if the event handler is in requestor mode","required":false},"synchronous_timeout":{"name":"synchronous_timeout","type":"integer","type_version":"0.0.0","description":"The timeout in milliseconds for responses to be issued by APEX torequests, this parameter is mandatory if the event handler is in synchronous mode","required":false},"requestor_mode":{"name":"requestor_mode","type":"boolean","type_version":"0.0.0","description":"Specifies the event handler is in requestor mode (send event and wait for response mode)","default":false,"required":false},"carrier_technology":{"name":"carrier_technology","type":"onap.datatypes.native.apex.CarrierTechnology","type_version":"0.0.0","description":"Specifies the carrier technology of the event handler (such as REST/Web Socket/Kafka)","required":true},"requestor_peer":{"name":"requestor_peer","type":"string","type_version":"0.0.0","description":"The peer event handler (output for input or input for output) of this event handler in requestor mode, this parameter is mandatory if the event handler is in requestor mode","required":false}},"name":"onap.datatypes.native.apex.EventHandler","version":"0.0.0","derived_from":"tosca.datatypes.Root","metadata":{}},"onap.datatypes.native.apex.EventProtocol":{"constraints":[],"properties":{"event_protocol_plugin_class":{"name":"event_protocol_plugin_class","type":"string","type_version":"0.0.0","description":"The class name of the class that overrides default handling of the event protocol for this carrier technology, defaults to the supplied event protocol class","required":false},"label":{"name":"label","type":"string","type_version":"0.0.0","description":"The label (name) of the event protocol (such as Yaml, JSON, XML, or POJO)","required":true}},"name":"onap.datatypes.native.apex.EventProtocol","version":"0.0.0","derived_from":"tosca.datatypes.Root","metadata":{}},"onap.datatypes.native.apex.Plugin":{"constraints":[],"properties":{"plugin_class_name":{"name":"plugin_class_name","type":"string","type_version":"0.0.0","description":"The class path of the plugin class for this executor","required":false},"name":{"name":"name","type":"string","type_version":"0.0.0","description":"The name of the executor such as Javascript, Jython or MVEL","required":true}},"name":"onap.datatypes.native.apex.Plugin","version":"0.0.0","derived_from":"tosca.datatypes.Root","metadata":{}},"onap.datatypes.native.apex.engineservice.Engine":{"constraints":[],"properties":{"context":{"name":"context","type":"onap.datatypes.native.apex.engineservice.engine.Context","type_version":"0.0.0","description":"The properties for handling context in APEX engines, defaults to using Java maps for context","required":false},"executors":{"name":"executors","type":"map","type_version":"0.0.0","description":"The plugins for policy executors used in engines such as javascript, MVEL, Jython","required":true,"entry_schema":{"type":"string","type_version":"0.0.0","description":"The plugin class path for this policy executor"}}},"name":"onap.datatypes.native.apex.engineservice.Engine","version":"0.0.0","derived_from":"tosca.datatypes.Root","metadata":{}},"onap.datatypes.native.apex.engineservice.engine.Context":{"constraints":[],"properties":{"schemas":{"name":"schemas","type":"map","type_version":"0.0.0","description":"The plugins for context schemas available in APEX PDPs such as Java and Avro","required":false,"entry_schema":{"type":"onap.datatypes.native.apex.Plugin","type_version":"0.0.0"}},"locking":{"name":"locking","type":"onap.datatypes.native.apex.Plugin","type_version":"0.0.0","description":"The plugin to be used for locking context in and between APEX PDPs at runtime","required":false},"persistence":{"name":"persistence","type":"onap.datatypes.native.apex.Plugin","type_version":"0.0.0","description":"The plugin to be used for persisting context for APEX PDPs at runtime","required":false},"distributor":{"name":"distributor","type":"onap.datatypes.native.apex.Plugin","type_version":"0.0.0","description":"The plugin to be used for distributing context between APEX PDPs at runtime","required":false}},"name":"onap.datatypes.native.apex.engineservice.engine.Context","version":"0.0.0","derived_from":"tosca.datatypes.Root","metadata":{}},"onap.datatypes.native.rules_artifact":{"constraints":[],"properties":{"groupId":{"name":"groupId","type":"string","type_version":"0.0.0","description":"the groupId of the maven artifact","required":true},"artifactId":{"name":"artifactId","type":"string","type_version":"0.0.0","description":"the artifactId of the maven artifact","required":true},"version":{"name":"version","type":"string","type_version":"0.0.0","description":"the version of the maven artifact","required":true}},"name":"onap.datatypes.native.rules_artifact","version":"0.0.0","derived_from":"tosca.datatypes.Root","metadata":{}},"policy.data.affinityProperties_properties":{"constraints":[],"properties":{"qualifier":{"name":"qualifier","type":"string","type_version":"0.0.0","required":false,"constraints":[{"valid_values":["same","different"]}]},"category":{"name":"category","type":"string","type_version":"0.0.0","required":true}},"name":"policy.data.affinityProperties_properties","version":"0.0.0","derived_from":"tosca.nodes.Root","metadata":{}},"policy.data.capacityProperties_properties":{"constraints":[],"properties":{"request":{"name":"request","type":"string","type_version":"0.0.0","required":true},"controller":{"name":"controller","type":"string","type_version":"0.0.0","required":true}},"name":"policy.data.capacityProperties_properties","version":"0.0.0","derived_from":"tosca.nodes.Root","metadata":{}},"policy.data.directives_attributes_properties":{"constraints":[],"properties":{"attribute_name":{"name":"attribute_name","type":"string","type_version":"0.0.0","required":false},"attribute_value":{"name":"attribute_value","type":"string","type_version":"0.0.0","required":false}},"name":"policy.data.directives_attributes_properties","version":"0.0.0","derived_from":"tosca.nodes.Root","metadata":{}},"policy.data.directives_properties":{"constraints":[],"properties":{"attributes":{"name":"attributes","type":"list","type_version":"0.0.0","required":false,"entry_schema":{"type":"policy.data.directives_attributes_properties","type_version":"0.0.0"}},"type":{"name":"type","type":"string","type_version":"0.0.0","required":false}},"name":"policy.data.directives_properties","version":"0.0.0","derived_from":"tosca.nodes.Root","metadata":{}},"policy.data.distanceProperties_properties":{"constraints":[],"properties":{"locationInfo":{"name":"locationInfo","type":"string","type_version":"0.0.0","required":true},"distance":{"name":"distance","type":"policy.data.distance_properties","type_version":"0.0.0","required":true,"entry_schema":{"type":"policy.data.distance_properties","type_version":"0.0.0"}}},"name":"policy.data.distanceProperties_properties","version":"0.0.0","derived_from":"tosca.nodes.Root","metadata":{}},"policy.data.distance_properties":{"constraints":[],"properties":{"unit":{"name":"unit","type":"list","type_version":"0.0.0","required":true,"entry_schema":{"type":"string","type_version":"0.0.0","constraints":[{"valid_values":["km"]}]}},"value":{"name":"value","type":"string","type_version":"0.0.0","required":true},"operator":{"name":"operator","type":"list","type_version":"0.0.0","required":true,"entry_schema":{"type":"string","type_version":"0.0.0","constraints":[{"valid_values":["\u003c","\u003c\u003d","\u003e","\u003e\u003d","\u003d"]}]}}},"name":"policy.data.distance_properties","version":"0.0.0","derived_from":"tosca.nodes.Root","metadata":{}},"policy.data.flavorFeatures_properties":{"constraints":[],"properties":{"directives":{"name":"directives","type":"list","type_version":"0.0.0","required":true,"entry_schema":{"type":"policy.data.directives_properties","type_version":"0.0.0"}},"flavorProperties":{"name":"flavorProperties","type":"list","type_version":"0.0.0","required":true,"entry_schema":{"type":"policy.data.flavorProperties_properties","type_version":"0.0.0"}},"id":{"name":"id","type":"string","type_version":"0.0.0","required":true},"type":{"name":"type","type":"string","type_version":"0.0.0","required":true}},"name":"policy.data.flavorFeatures_properties","version":"0.0.0","derived_from":"tosca.nodes.Root","metadata":{}},"policy.data.flavorProperties_properties":{"constraints":[],"properties":{"score":{"name":"score","type":"string","type_version":"0.0.0","required":false},"directives":{"name":"directives","type":"list","type_version":"0.0.0","required":true,"entry_schema":{"type":"policy.data.directives_properties","type_version":"0.0.0"}},"hpa-feature-attributes":{"name":"hpa-feature-attributes","type":"list","type_version":"0.0.0","required":true,"entry_schema":{"type":"policy.data.hpa-feature-attributes_properties","type_version":"0.0.0"}},"hpa-version":{"name":"hpa-version","type":"string","type_version":"0.0.0","required":true},"hpa-feature":{"name":"hpa-feature","type":"string","type_version":"0.0.0","required":true},"mandatory":{"name":"mandatory","type":"string","type_version":"0.0.0","required":true},"architecture":{"name":"architecture","type":"string","type_version":"0.0.0","required":true}},"name":"policy.data.flavorProperties_properties","version":"0.0.0","derived_from":"tosca.nodes.Root","metadata":{}},"policy.data.hpa-feature-attributes_properties":{"constraints":[],"properties":{"hpa-attribute-value":{"name":"hpa-attribute-value","type":"string","type_version":"0.0.0","required":true},"unit":{"name":"unit","type":"string","type_version":"0.0.0","required":false},"hpa-attribute-key":{"name":"hpa-attribute-key","type":"string","type_version":"0.0.0","required":true},"operator":{"name":"operator","type":"list","type_version":"0.0.0","required":true,"entry_schema":{"type":"string","type_version":"0.0.0","constraints":[{"valid_values":["\u003c","\u003c\u003d","\u003e","\u003e\u003d","\u003d","!\u003d","any","all","subset"]}]}}},"name":"policy.data.hpa-feature-attributes_properties","version":"0.0.0","derived_from":"tosca.nodes.Root","metadata":{}},"policy.data.increment-sequence":{"constraints":[],"properties":{"max":{"name":"max","type":"string","type_version":"0.0.0","required":false},"scope":{"name":"scope","type":"list","type_version":"0.0.0","required":true,"entry_schema":{"type":"string","type_version":"0.0.0","constraints":[{"valid_values":["CLOUD_REGION_ID","LOCATION_CLLI","VNF","VM","VFMODULE","PRECEEDING","TRAILING","ENTIRETY"]}]}},"start-value":{"name":"start-value","type":"string","type_version":"0.0.0","required":true},"length":{"name":"length","type":"string","type_version":"0.0.0","required":true},"increment":{"name":"increment","type":"string","type_version":"0.0.0","required":true},"sequence-type":{"name":"sequence-type","type":"string","type_version":"0.0.0","required":false,"entry_schema":{"type":"string","type_version":"0.0.0","constraints":[{"valid_values":["numeric","alpha-numeric"]}]}}},"name":"policy.data.increment-sequence","version":"0.0.0","derived_from":"tosca.datatypes.Root","metadata":{}},"policy.data.naming-model-entity":{"constraints":[],"properties":{"naming-properties":{"name":"naming-properties","type":"list","type_version":"0.0.0","required":true,"entry_schema":{"type":"policy.data.naming-property","type_version":"0.0.0"}},"name-operation":{"name":"name-operation","type":"string","type_version":"0.0.0","required":false},"nfRole":{"name":"nfRole","type":"string","type_version":"0.0.0","required":false,"metadata":{"matchable":"true"}},"naming-type":{"name":"naming-type","type":"string","type_version":"0.0.0","required":true,"metadata":{"matchable":"true"}},"naming-recipe":{"name":"naming-recipe","type":"string","type_version":"0.0.0","required":true}},"name":"policy.data.naming-model-entity","version":"0.0.0","derived_from":"tosca.datatypes.Root","metadata":{}},"policy.data.naming-property":{"constraints":[],"properties":{"property-value":{"name":"property-value","type":"string","type_version":"0.0.0","required":false},"property-operation":{"name":"property-operation","type":"string","type_version":"0.0.0","required":false},"source-endpoint":{"name":"source-endpoint","type":"string","type_version":"0.0.0","required":false},"property-name":{"name":"property-name","type":"string","type_version":"0.0.0","required":true,"metadata":{"matchable":"true"}},"increment-sequence":{"name":"increment-sequence","type":"policy.data.increment-sequence","type_version":"0.0.0","required":false},"source-system":{"name":"source-system","type":"string","type_version":"0.0.0","required":false}},"name":"policy.data.naming-property","version":"0.0.0","derived_from":"tosca.datatypes.Root","metadata":{}},"policy.data.objectiveParameter_properties":{"constraints":[],"properties":{"parameterAttributes":{"name":"parameterAttributes","type":"list","type_version":"0.0.0","required":true,"entry_schema":{"type":"policy.data.parameterAttributes_properties","type_version":"0.0.0"}},"operator":{"name":"operator","type":"list","type_version":"0.0.0","required":true,"entry_schema":{"type":"string","type_version":"0.0.0","constraints":[{"valid_values":["*","+","-","/","%"]}]}}},"name":"policy.data.objectiveParameter_properties","version":"0.0.0","derived_from":"tosca.nodes.Root","metadata":{}},"policy.data.parameterAttributes_properties":{"constraints":[],"properties":{"customerLocationInfo":{"name":"customerLocationInfo","type":"string","type_version":"0.0.0","required":true},"parameter":{"name":"parameter","type":"string","type_version":"0.0.0","required":true},"resources":{"name":"resources","type":"string","type_version":"0.0.0","required":true},"weight":{"name":"weight","type":"string","type_version":"0.0.0","required":true},"operator":{"name":"operator","type":"list","type_version":"0.0.0","required":true,"entry_schema":{"type":"string","type_version":"0.0.0","constraints":[{"valid_values":["*","+","-","/","%"]}]}}},"name":"policy.data.parameterAttributes_properties","version":"0.0.0","derived_from":"tosca.nodes.Root","metadata":{}},"policy.data.pciProperties_properties":{"constraints":[],"properties":{"pciOptimizationNwConstraint":{"name":"pciOptimizationNwConstraint","type":"string","type_version":"0.0.0","required":false},"pciOptimizationTimeConstraint":{"name":"pciOptimizationTimeConstraint","type":"string","type_version":"0.0.0","required":false},"algoCategory":{"name":"algoCategory","type":"string","type_version":"0.0.0","required":false},"pciOptmizationAlgoName":{"name":"pciOptmizationAlgoName","type":"string","type_version":"0.0.0","required":false},"pciOptimizationPriority":{"name":"pciOptimizationPriority","type":"string","type_version":"0.0.0","required":false}},"name":"policy.data.pciProperties_properties","version":"0.0.0","derived_from":"tosca.nodes.Root","metadata":{}},"policy.data.queryProperties_properties":{"constraints":[],"properties":{"attribute_location":{"name":"attribute_location","type":"string","type_version":"0.0.0","required":true},"attribute":{"name":"attribute","type":"string","type_version":"0.0.0","required":true},"value":{"name":"value","type":"string","type_version":"0.0.0","required":true}},"name":"policy.data.queryProperties_properties","version":"0.0.0","derived_from":"tosca.nodes.Root","metadata":{}},"policy.data.subscriberProperties_properties":{"constraints":[],"properties":{"provStatus":{"name":"provStatus","type":"list","type_version":"0.0.0","required":true,"entry_schema":{"type":"string","type_version":"0.0.0"},"metadata":{"contextAttribute":"true"}},"subscriberName":{"name":"subscriberName","type":"list","type_version":"0.0.0","required":true,"entry_schema":{"type":"string","type_version":"0.0.0"},"metadata":{"contextProvider":"true"}},"subscriberRole":{"name":"subscriberRole","type":"list","type_version":"0.0.0","required":true,"entry_schema":{"type":"string","type_version":"0.0.0"},"metadata":{"contextMatchable":"scope"}}},"name":"policy.data.subscriberProperties_properties","version":"0.0.0","derived_from":"tosca.nodes.Root","metadata":{}},"policy.data.vnfProperties_properties":{"constraints":[],"properties":{"inventoryProvider":{"name":"inventoryProvider","type":"string","type_version":"0.0.0","required":true},"serviceType":{"name":"serviceType","type":"string","type_version":"0.0.0","required":true},"inventoryType":{"name":"inventoryType","type":"list","type_version":"0.0.0","required":true,"entry_schema":{"type":"string","type_version":"0.0.0","constraints":[{"valid_values":["serviceInstanceId","vnfName","cloudRegionId","vimId"]}]}},"customerId":{"name":"customerId","type":"string","type_version":"0.0.0","required":true}},"name":"policy.data.vnfProperties_properties","version":"0.0.0","derived_from":"tosca.nodes.Root","metadata":{}}},"policy_types":{"onap.policies.Match":{"properties":{},"name":"onap.policies.Match","version":"1.0.0","derived_from":"tosca.policies.Root","metadata":{},"description":"Base Policy Type for matchable Policies"},"onap.policies.Monitoring":{"properties":{},"name":"onap.policies.Monitoring","version":"1.0.0","derived_from":"tosca.policies.Root","metadata":{},"description":"a base policy type for all policies that govern monitoring provisioning"},"onap.policies.Naming":{"properties":{"policy-instance-name":{"name":"policy-instance-name","type":"string","type_version":"0.0.0","required":false},"naming-models":{"name":"naming-models","type":"list","type_version":"0.0.0","required":false,"entry_schema":{"type":"policy.data.naming-model-entity","type_version":"0.0.0"}}},"name":"onap.policies.Naming","version":"1.0.0","derived_from":"tosca.policies.Root","metadata":{},"description":"Virtual policy node for naming"},"onap.policies.Native":{"properties":{},"name":"onap.policies.Native","version":"1.0.0","derived_from":"tosca.policies.Root","metadata":{},"description":"a base policy type for all native PDP policies"},"onap.policies.Optimization":{"properties":{"geography":{"name":"geography","type":"list","type_version":"0.0.0","description":"One or more geographic regions","required":true,"entry_schema":{"type":"string","type_version":"0.0.0","constraints":[{"valid_values":["US","International"]}]},"metadata":{"matchable":"true"}},"identity":{"name":"identity","type":"string","type_version":"0.0.0","description":"Used internally for identification","required":true},"scope":{"name":"scope","type":"list","type_version":"0.0.0","description":"Scope for the policy - could be for a specific release.","required":true,"entry_schema":{"type":"string","type_version":"0.0.0"},"metadata":{"matchable":"true"}}},"name":"onap.policies.Optimization","version":"1.0.0","derived_from":"tosca.policies.Root","metadata":{},"description":"The base policy type for all policies that govern optimization"},"onap.policies.controlloop.Guard":{"properties":{},"name":"onap.policies.controlloop.Guard","version":"1.0.0","derived_from":"tosca.policies.Root","metadata":{},"description":"Guard Policies for Control Loop Operational Policies"},"onap.policies.controlloop.guard.Common":{"properties":{"actor":{"name":"actor","type":"string","type_version":"0.0.0","description":"Specifies the Actor the guard applies to.","required":true},"id":{"name":"id","type":"string","type_version":"0.0.0","description":"The Control Loop id this applies to.","required":false},"operation":{"name":"operation","type":"string","type_version":"0.0.0","description":"Specified the operation that the actor is performing the guard applies to.","required":true},"timeRange":{"name":"timeRange","type":"tosca.datatypes.TimeInterval","type_version":"0.0.0","description":"An optional range of time during the day the guard policy is valid for.\n","required":false}},"name":"onap.policies.controlloop.guard.Common","version":"1.0.0","derived_from":"tosca.policies.Root","metadata":{},"description":"This is the base Policy Type for Guard policies that guard the execution of Operational\nPolicies.\n"},"onap.policies.controlloop.guard.Coordination":{"properties":{},"name":"onap.policies.controlloop.guard.Coordination","version":"1.0.0","derived_from":"onap.policies.controlloop.Guard","metadata":{},"description":"Guard Policies for Control Loop Coordination"},"onap.policies.controlloop.guard.common.Blacklist":{"properties":{"blacklist":{"name":"blacklist","type":"list","type_version":"0.0.0","description":"List of entity id\u0027s not allowed to have control loop operations on.","required":true,"entry_schema":{"type":"string","type_version":"0.0.0"}}},"name":"onap.policies.controlloop.guard.common.Blacklist","version":"1.0.0","derived_from":"onap.policies.controlloop.guard.Common","metadata":{},"description":"Supports blacklist of entity id\u0027s from performing control loop actions on."},"onap.policies.controlloop.guard.common.Filter":{"properties":{"filters":{"name":"filters","type":"list","type_version":"0.0.0","description":"List of filters to be applied.","required":true,"entry_schema":{"type":"onap.datatypes.guard.filter","type_version":"0.0.0"}},"algorithm":{"name":"algorithm","type":"string","type_version":"0.0.0","description":"Designates the precendence of blacklist vs whitelist","default":"blacklist-overrides","required":true,"constraints":[{"valid_values":["blacklist-overrides","whitelist-overrides"]}]}},"name":"onap.policies.controlloop.guard.common.Filter","version":"1.0.0","derived_from":"onap.policies.controlloop.guard.Common","metadata":{},"description":"Supports filtering of A\u0026AI entities such as vnf-id, type, service, geographic region, etc."},"onap.policies.controlloop.guard.common.FrequencyLimiter":{"properties":{"timeWindow":{"name":"timeWindow","type":"integer","type_version":"0.0.0","description":"The time window to count the actions against.","required":true},"limit":{"name":"limit","type":"integer","type_version":"0.0.0","description":"The limit","required":true,"constraints":[{"greater_than":"0"}]},"timeUnits":{"name":"timeUnits","type":"string","type_version":"0.0.0","description":"The units of time the window is counting.","required":true,"constraints":[{"valid_values":["second","minute","hour","day","week","month","year"]}]}},"name":"onap.policies.controlloop.guard.common.FrequencyLimiter","version":"1.0.0","derived_from":"onap.policies.controlloop.guard.Common","metadata":{},"description":"Supports limiting the frequency of actions being taken by a Actor."},"onap.policies.controlloop.guard.common.MinMax":{"properties":{"min":{"name":"min","type":"integer","type_version":"0.0.0","description":"The minimum instances of this entity","required":false},"max":{"name":"max","type":"integer","type_version":"0.0.0","description":"The maximum instances of this entity","required":false},"target":{"name":"target","type":"string","type_version":"0.0.0","description":"The target entity that has scaling restricted","required":true}},"name":"onap.policies.controlloop.guard.common.MinMax","version":"1.0.0","derived_from":"onap.policies.controlloop.guard.Common","metadata":{},"description":"Supports Min/Max number of entity for scaling operations. Although min and max fields are marked as not\nrequired, you need to have at le
[...]
http_server_requests_seconds_sum{exception="None",method="GET",outcome="SUCCESS",status="200",uri="/policy/api/v1/policytypes/{policyTypeId}/versions/{policyTypeVersion}/policies",} 0.19612475
http_server_requests_seconds_count{exception="None",method="DELETE",outcome="SUCCESS",status="200",uri="/policy/api/v1/policytypes/{policyTypeId}/versions/{versionId}",} 2.0
http_server_requests_seconds_sum{exception="None",method="DELETE",outcome="SUCCESS",status="200",uri="/policy/api/v1/policytypes/{policyTypeId}/versions/{versionId}",} 0.190242334
http_server_requests_seconds_count{exception="None",method="GET",outcome="SUCCESS",status="200",uri="/policy/api/v1/statistics",} 1.0
http_server_requests_seconds_sum{exception="None",method="GET",outcome="SUCCESS",status="200",uri="/policy/api/v1/statistics",} 0.082004667
http_server_requests_seconds_count{exception="PolicyApiRuntimeException",method="DELETE",outcome="CLIENT_ERROR",status="404",uri="/policy/api/v1/nodetemplates/{name}/versions/{version}",} 1.0
http_server_requests_seconds_sum{exception="PolicyApiRuntimeException",method="DELETE",outcome="CLIENT_ERROR",status="404",uri="/policy/api/v1/nodetemplates/{name}/versions/{version}",} 0.084416416
http_server_requests_seconds_count{exception="None",method="DELETE",outcome="SUCCESS",status="200",uri="/policy/api/v1/policytypes/{policyTypeId}/versions/{policyTypeVersion}/policies/{policyId}/versions/{policyVersion}",} 1.0
http_server_requests_seconds_sum{exception="None",method="DELETE",outcome="SUCCESS",status="200",uri="/policy/api/v1/policytypes/{policyTypeId}/versions/{policyTypeVersion}/policies/{policyId}/versions/{policyVersion}",} 0.082693583
# HELP http_server_requests_seconds_max  
# TYPE http_server_requests_seconds_max gauge
http_server_requests_seconds_max{exception="None",method="POST",outcome="SUCCESS",status="200",uri="/policy/api/v1/policytypes",} 0.219409292
http_server_requests_seconds_max{exception="PolicyApiRuntimeException",method="POST",outcome="CLIENT_ERROR",status="406",uri="/policy/api/v1/policies",} 0.159690292
http_server_requests_seconds_max{exception="PolicyApiRuntimeException",method="DELETE",outcome="CLIENT_ERROR",status="404",uri="/policy/api/v1/policytypes/{policyTypeId}/versions/{versionId}",} 0.087994334
http_server_requests_seconds_max{exception="None",method="GET",outcome="SUCCESS",status="200",uri="/policy/api/v1/policytypes/{policyTypeId}",} 0.207692125
http_server_requests_seconds_max{exception="None",method="GET",outcome="SUCCESS",status="200",uri="/policy/api/v1/policies",} 0.193827875
http_server_requests_seconds_max{exception="None",method="GET",outcome="SUCCESS",status="200",uri="/policy/api/v1/nodetemplates",} 0.08359175
http_server_requests_seconds_max{exception="None",method="GET",outcome="SUCCESS",status="200",uri="/policy/api/v1/policytypes",} 1.131719084
http_server_requests_seconds_max{exception="None",method="DELETE",outcome="SUCCESS",status="200",uri="/policy/api/v1/nodetemplates/{name}/versions/{version}",} 0.100528959
http_server_requests_seconds_max{exception="PolicyApiRuntimeException",method="POST",outcome="CLIENT_ERROR",status="406",uri="/policy/api/v1/policytypes",} 0.212625459
http_server_requests_seconds_max{exception="None",method="GET",outcome="SUCCESS",status="200",uri="/policy/api/v1/healthcheck",} 0.229155708
http_server_requests_seconds_max{exception="None",method="POST",outcome="SUCCESS",status="200",uri="/policy/api/v1/nodetemplates",} 0.21133375
http_server_requests_seconds_max{exception="None",method="POST",outcome="SUCCESS",status="200",uri="/policy/api/v1/policytypes/{policyTypeId}/versions/{policyTypeVersion}/policies",} 0.199626875
http_server_requests_seconds_max{exception="PolicyApiRuntimeException",method="DELETE",outcome="CLIENT_ERROR",status="404",uri="/policy/api/v1/policytypes/{policyTypeId}/versions/{policyTypeVersion}/policies/{policyId}/versions/{policyVersion}",} 0.078949083
http_server_requests_seconds_max{exception="None",method="GET",outcome="SUCCESS",status="200",uri="/policy/api/v1/policies/{policyId}/versions/{policyVersion}",} 0.167169458
http_server_requests_seconds_max{exception="None",method="DELETE",outcome="SUCCESS",status="200",uri="/policy/api/v1/policies/{policyId}/versions/{policyVersion}",} 0.196031167
http_server_requests_seconds_max{exception="None",method="POST",outcome="SUCCESS",status="200",uri="/policy/api/v1/policies",} 0.198261417
http_server_requests_seconds_max{exception="PolicyApiRuntimeException",method="DELETE",outcome="CLIENT_ERROR",status="404",uri="/policy/api/v1/policies/{policyId}/versions/{policyVersion}",} 0.084128625
http_server_requests_seconds_max{exception="None",method="GET",outcome="SUCCESS",status="200",uri="/policy/api/v1/nodetemplates/{name}/versions/{version}",} 0.08434725
http_server_requests_seconds_max{exception="None",method="GET",outcome="SUCCESS",status="200",uri="/policy/api/v1/policytypes/{policyTypeId}/versions/{policyTypeVersion}/policies",} 0.19612475
http_server_requests_seconds_max{exception="None",method="DELETE",outcome="SUCCESS",status="200",uri="/policy/api/v1/policytypes/{policyTypeId}/versions/{versionId}",} 0.096017209
http_server_requests_seconds_max{exception="None",method="GET",outcome="SUCCESS",status="200",uri="/policy/api/v1/statistics",} 0.082004667
http_server_requests_seconds_max{exception="PolicyApiRuntimeException",method="DELETE",outcome="CLIENT_ERROR",status="404",uri="/policy/api/v1/nodetemplates/{name}/versions/{version}",} 0.084416416
http_server_requests_seconds_max{exception="None",method="DELETE",outcome="SUCCESS",status="200",uri="/policy/api/v1/policytypes/{policyTypeId}/versions/{policyTypeVersion}/policies/{policyId}/versions/{policyVersion}",} 0.082693583
# HELP tomcat_sessions_active_max_sessions  
# TYPE tomcat_sessions_active_max_sessions gauge
tomcat_sessions_active_max_sessions 26.0
# HELP hikaricp_connections Total connections
# TYPE hikaricp_connections gauge
hikaricp_connections{pool="HikariPool-1",} 10.0
# HELP tomcat_sessions_created_sessions_total  
# TYPE tomcat_sessions_created_sessions_total counter
tomcat_sessions_created_sessions_total 26.0
# HELP jvm_memory_max_bytes The maximum amount of memory in bytes that can be used for memory management
# TYPE jvm_memory_max_bytes gauge
jvm_memory_max_bytes{area="nonheap",id="CodeHeap 'profiled nmethods'",} 1.22912768E8
jvm_memory_max_bytes{area="heap",id="G1 Survivor Space",} -1.0
jvm_memory_max_bytes{area="heap",id="G1 Old Gen",} 2.059403264E9
jvm_memory_max_bytes{area="nonheap",id="Metaspace",} -1.0
jvm_memory_max_bytes{area="nonheap",id="CodeHeap 'non-nmethods'",} 5832704.0
jvm_memory_max_bytes{area="heap",id="G1 Eden Space",} -1.0
jvm_memory_max_bytes{area="nonheap",id="Compressed Class Space",} 1.073741824E9
jvm_memory_max_bytes{area="nonheap",id="CodeHeap 'non-profiled nmethods'",} 1.22912768E8
# HELP jvm_threads_states_threads The current number of threads having NEW state
# TYPE jvm_threads_states_threads gauge
jvm_threads_states_threads{state="runnable",} 6.0
jvm_threads_states_threads{state="blocked",} 0.0
jvm_threads_states_threads{state="waiting",} 16.0
jvm_threads_states_threads{state="timed-waiting",} 5.0
jvm_threads_states_threads{state="new",} 0.0
jvm_threads_states_threads{state="terminated",} 0.0
# HELP hikaricp_connections_max Max connections
# TYPE hikaricp_connections_max gauge
hikaricp_connections_max{pool="HikariPool-1",} 10.0
# HELP jvm_gc_pause_seconds Time spent in GC pause
# TYPE jvm_gc_pause_seconds summary
jvm_gc_pause_seconds_count{action="end of minor GC",cause="Metadata GC Threshold",} 1.0
jvm_gc_pause_seconds_sum{action="end of minor GC",cause="Metadata GC Threshold",} 0.016
jvm_gc_pause_seconds_count{action="end of minor GC",cause="G1 Evacuation Pause",} 18.0
jvm_gc_pause_seconds_sum{action="end of minor GC",cause="G1 Evacuation Pause",} 0.183
# HELP jvm_gc_pause_seconds_max Time spent in GC pause
# TYPE jvm_gc_pause_seconds_max gauge
jvm_gc_pause_seconds_max{action="end of minor GC",cause="Metadata GC Threshold",} 0.016
jvm_gc_pause_seconds_max{action="end of minor GC",cause="G1 Evacuation Pause",} 0.018
# HELP spring_data_repository_invocations_seconds_max  
# TYPE spring_data_repository_invocations_seconds_max gauge
spring_data_repository_invocations_seconds_max{exception="None",method="deleteById",repository="PolicyRepository",state="SUCCESS",} 0.005485458
spring_data_repository_invocations_seconds_max{exception="None",method="findById",repository="ToscaServiceTemplateRepository",state="SUCCESS",} 0.021413834
spring_data_repository_invocations_seconds_max{exception="None",method="deleteById",repository="PolicyTypeRepository",state="SUCCESS",} 0.003755459
spring_data_repository_invocations_seconds_max{exception="None",method="save",repository="ToscaServiceTemplateRepository",state="SUCCESS",} 0.126721125
spring_data_repository_invocations_seconds_max{exception="None",method="deleteById",repository="NodeTemplateRepository",state="SUCCESS",} 0.006455709
spring_data_repository_invocations_seconds_max{exception="None",method="findAll",repository="PdpGroupRepository",state="SUCCESS",} 0.098723667
# HELP spring_data_repository_invocations_seconds  
# TYPE spring_data_repository_invocations_seconds summary
spring_data_repository_invocations_seconds_count{exception="None",method="deleteById",repository="PolicyRepository",state="SUCCESS",} 2.0
spring_data_repository_invocations_seconds_sum{exception="None",method="deleteById",repository="PolicyRepository",state="SUCCESS",} 0.005602
spring_data_repository_invocations_seconds_count{exception="None",method="findById",repository="ToscaServiceTemplateRepository",state="SUCCESS",} 27.0
spring_data_repository_invocations_seconds_sum{exception="None",method="findById",repository="ToscaServiceTemplateRepository",state="SUCCESS",} 0.051569543
spring_data_repository_invocations_seconds_count{exception="None",method="deleteById",repository="PolicyTypeRepository",state="SUCCESS",} 2.0
spring_data_repository_invocations_seconds_sum{exception="None",method="deleteById",repository="PolicyTypeRepository",state="SUCCESS",} 0.003927292
spring_data_repository_invocations_seconds_count{exception="None",method="save",repository="ToscaServiceTemplateRepository",state="SUCCESS",} 11.0
spring_data_repository_invocations_seconds_sum{exception="None",method="save",repository="ToscaServiceTemplateRepository",state="SUCCESS",} 0.194718583
spring_data_repository_invocations_seconds_count{exception="None",method="deleteById",repository="NodeTemplateRepository",state="SUCCESS",} 1.0
spring_data_repository_invocations_seconds_sum{exception="None",method="deleteById",repository="NodeTemplateRepository",state="SUCCESS",} 0.006455709
spring_data_repository_invocations_seconds_count{exception="None",method="findAll",repository="PdpGroupRepository",state="SUCCESS",} 8.0
spring_data_repository_invocations_seconds_sum{exception="None",method="findAll",repository="PdpGroupRepository",state="SUCCESS",} 0.10232275
# HELP jdbc_connections_max Maximum number of active connections that can be allocated at the same time.
# TYPE jdbc_connections_max gauge
jdbc_connections_max{name="dataSource",} 10.0
# HELP jvm_buffer_count_buffers An estimate of the number of buffers in the pool
# TYPE jvm_buffer_count_buffers gauge
jvm_buffer_count_buffers{id="mapped",} 0.0
jvm_buffer_count_buffers{id="direct",} 10.0
# HELP jvm_buffer_total_capacity_bytes An estimate of the total capacity of the buffers in this pool
# TYPE jvm_buffer_total_capacity_bytes gauge
jvm_buffer_total_capacity_bytes{id="mapped",} 0.0
jvm_buffer_total_capacity_bytes{id="direct",} 81920.0
# HELP tomcat_sessions_expired_sessions_total  
# TYPE tomcat_sessions_expired_sessions_total counter
tomcat_sessions_expired_sessions_total 0.0
# HELP hikaricp_connections_idle Idle connections
# TYPE hikaricp_connections_idle gauge
hikaricp_connections_idle{pool="HikariPool-1",} 10.0
# HELP jvm_gc_memory_promoted_bytes_total Count of positive increases in the size of the old generation memory pool before GC to after GC
# TYPE jvm_gc_memory_promoted_bytes_total counter
jvm_gc_memory_promoted_bytes_total 2.631012E7
# HELP hikaricp_connections_min Min connections
# TYPE hikaricp_connections_min gauge
hikaricp_connections_min{pool="HikariPool-1",} 10.0
# HELP system_load_average_1m The sum of the number of runnable entities queued to available processors and the number of runnable entities running on the available processors averaged over a period of time
# TYPE system_load_average_1m gauge
system_load_average_1m 0.33544921875
# HELP jvm_threads_daemon_threads The current number of live daemon threads
# TYPE jvm_threads_daemon_threads gauge
jvm_threads_daemon_threads 23.0
</msg>
<status status="PASS" starttime="20220902 13:23:15.280" endtime="20220902 13:23:15.282"/>
</kw>
<msg timestamp="20220902 13:23:15.282" level="INFO">${resp} = &lt;Response [200]&gt;</msg>
<status status="PASS" starttime="20220902 13:23:15.181" endtime="20220902 13:23:15.282"/>
</kw>
<kw name="Should Contain" library="BuiltIn">
<arg>${resp.text}</arg>
<arg>http_server_requests_seconds_count{exception="None",method="GET",outcome="SUCCESS",status="200",uri="/policy/api/v1/healthcheck",} 1.0</arg>
<doc>Fails if ``container`` does not contain ``item`` one or more times.</doc>
<status status="PASS" starttime="20220902 13:23:15.282" endtime="20220902 13:23:15.283"/>
</kw>
<kw name="Should Contain" library="BuiltIn">
<arg>${resp.text}</arg>
<arg>http_server_requests_seconds_count{exception="None",method="GET",outcome="SUCCESS",status="200",uri="/policy/api/v1/statistics",} 1.0</arg>
<doc>Fails if ``container`` does not contain ``item`` one or more times.</doc>
<status status="PASS" starttime="20220902 13:23:15.283" endtime="20220902 13:23:15.284"/>
</kw>
<kw name="Should Contain" library="BuiltIn">
<arg>${resp.text}</arg>
<arg>http_server_requests_seconds_count{exception="None",method="GET",outcome="SUCCESS",status="200",uri="/policy/api/v1/policytypes",} 1.0</arg>
<doc>Fails if ``container`` does not contain ``item`` one or more times.</doc>
<status status="PASS" starttime="20220902 13:23:15.284" endtime="20220902 13:23:15.284"/>
</kw>
<kw name="Should Contain" library="BuiltIn">
<arg>${resp.text}</arg>
<arg>http_server_requests_seconds_count{exception="None",method="GET",outcome="SUCCESS",status="200",uri="/policy/api/v1/policies",} 1.0</arg>
<doc>Fails if ``container`` does not contain ``item`` one or more times.</doc>
<status status="PASS" starttime="20220902 13:23:15.284" endtime="20220902 13:23:15.284"/>
</kw>
<kw name="Should Contain" library="BuiltIn">
<arg>${resp.text}</arg>
<arg>http_server_requests_seconds_count{exception="None",method="GET",outcome="SUCCESS",status="200",uri="/policy/api/v1/policies/{policyId}/versions/{policyVersion}",} 1.0</arg>
<doc>Fails if ``container`` does not contain ``item`` one or more times.</doc>
<status status="PASS" starttime="20220902 13:23:15.285" endtime="20220902 13:23:15.285"/>
</kw>
<kw name="Should Contain" library="BuiltIn">
<arg>${resp.text}</arg>
<arg>http_server_requests_seconds_count{exception="None",method="GET",outcome="SUCCESS",status="200",uri="/policy/api/v1/policytypes/{policyTypeId}/versions/{policyTypeVersion}/policies",} 1.0</arg>
<doc>Fails if ``container`` does not contain ``item`` one or more times.</doc>
<status status="PASS" starttime="20220902 13:23:15.285" endtime="20220902 13:23:15.285"/>
</kw>
<kw name="Should Contain" library="BuiltIn">
<arg>${resp.text}</arg>
<arg>http_server_requests_seconds_count{exception="None",method="POST",outcome="SUCCESS",status="200",uri="/policy/api/v1/policytypes/{policyTypeId}/versions/{policyTypeVersion}/policies",} 1.0</arg>
<doc>Fails if ``container`` does not contain ``item`` one or more times.</doc>
<status status="PASS" starttime="20220902 13:23:15.285" endtime="20220902 13:23:15.285"/>
</kw>
<kw name="Should Contain" library="BuiltIn">
<arg>${resp.text}</arg>
<arg>http_server_requests_seconds_count{exception="None",method="POST",outcome="SUCCESS",status="200",uri="/policy/api/v1/policytypes",} 1.0</arg>
<doc>Fails if ``container`` does not contain ``item`` one or more times.</doc>
<status status="PASS" starttime="20220902 13:23:15.285" endtime="20220902 13:23:15.286"/>
</kw>
<kw name="Should Contain" library="BuiltIn">
<arg>${resp.text}</arg>
<arg>http_server_requests_seconds_count{exception="None",method="DELETE",outcome="SUCCESS",status="200",uri="/policy/api/v1/policies/{policyId}/versions/{policyVersion}",} 1.0</arg>
<doc>Fails if ``container`` does not contain ``item`` one or more times.</doc>
<status status="PASS" starttime="20220902 13:23:15.286" endtime="20220902 13:23:15.286"/>
</kw>
<kw name="Should Contain" library="BuiltIn">
<arg>${resp.text}</arg>
<arg>http_server_requests_seconds_count{exception="None",method="DELETE",outcome="SUCCESS",status="200",uri="/policy/api/v1/policytypes/{policyTypeId}/versions/{versionId}",} 2.0</arg>
<doc>Fails if ``container`` does not contain ``item`` one or more times.</doc>
<status status="PASS" starttime="20220902 13:23:15.286" endtime="20220902 13:23:15.286"/>
</kw>
<kw name="Should Contain" library="BuiltIn">
<arg>${resp.text}</arg>
<arg>http_server_requests_seconds_count{exception="None",method="DELETE",outcome="SUCCESS",status="200",uri="/policy/api/v1/policytypes/{policyTypeId}/versions/{policyTypeVersion}/policies/{policyId}/versions/{policyVersion}",} 1.0</arg>
<doc>Fails if ``container`` does not contain ``item`` one or more times.</doc>
<status status="PASS" starttime="20220902 13:23:15.286" endtime="20220902 13:23:15.286"/>
</kw>
<kw name="Should Contain" library="BuiltIn">
<arg>${resp.text}</arg>
<arg>http_server_requests_seconds_sum</arg>
<doc>Fails if ``container`` does not contain ``item`` one or more times.</doc>
<status status="PASS" starttime="20220902 13:23:15.286" endtime="20220902 13:23:15.287"/>
</kw>
<kw name="Should Contain" library="BuiltIn">
<arg>${resp.text}</arg>
<arg>http_server_requests_seconds_max</arg>
<doc>Fails if ``container`` does not contain ``item`` one or more times.</doc>
<status status="PASS" starttime="20220902 13:23:15.287" endtime="20220902 13:23:15.287"/>
</kw>
<kw name="Should Contain" library="BuiltIn">
<arg>${resp.text}</arg>
<arg>spring_data_repository_invocations_seconds_count</arg>
<doc>Fails if ``container`` does not contain ``item`` one or more times.</doc>
<status status="PASS" starttime="20220902 13:23:15.287" endtime="20220902 13:23:15.287"/>
</kw>
<kw name="Should Contain" library="BuiltIn">
<arg>${resp.text}</arg>
<arg>spring_data_repository_invocations_seconds_sum</arg>
<doc>Fails if ``container`` does not contain ``item`` one or more times.</doc>
<status status="PASS" starttime="20220902 13:23:15.287" endtime="20220902 13:23:15.287"/>
</kw>
<kw name="Should Contain" library="BuiltIn">
<arg>${resp.text}</arg>
<arg>spring_data_repository_invocations_seconds_max</arg>
<doc>Fails if ``container`` does not contain ``item`` one or more times.</doc>
<status status="PASS" starttime="20220902 13:23:15.288" endtime="20220902 13:23:15.288"/>
</kw>
<kw name="Should Contain" library="BuiltIn">
<arg>${resp.text}</arg>
<arg>jvm_threads_live_threads</arg>
<doc>Fails if ``container`` does not contain ``item`` one or more times.</doc>
<status status="PASS" starttime="20220902 13:23:15.288" endtime="20220902 13:23:15.288"/>
</kw>
<doc>Verify policy-api is exporting prometheus metrics</doc>
<status status="PASS" starttime="20220902 13:23:15.180" endtime="20220902 13:23:15.288"/>
</test>
<status status="PASS" starttime="20220902 13:23:10.256" endtime="20220902 13:23:15.288"/>
</suite>
<statistics>
<total>
<stat pass="21" fail="0" skip="0">All Tests</stat>
</total>
<tag>
</tag>
<suite>
<stat pass="21" fail="0" skip="0" id="s1" name="api">api</stat>
</suite>
</statistics>
<errors>
</errors>
</robot>
