<?xml version="1.0" encoding="UTF-8"?>
<robot generator="Robot 5.1a2 (Python 3.10.6 on darwin)" generated="20220902 13:41:03.475" rpa="false" schemaversion="3">
<suite id="s1" name="pap" source="/Users/liam/git/onap/policy/docker/csit/pap/tests/pap-test.robot">
<test id="s1-t1" name="LoadPolicy" line="16">
<kw name="Get File" library="OperatingSystem">
<var>${postjson}</var>
<arg>${DATA}/vCPE.policy.monitoring.input.tosca.json</arg>
<doc>Returns the contents of a specified file.</doc>
<msg timestamp="20220902 13:41:03.514" level="INFO" html="true">Getting file '&lt;a href="file:///Users/liam/git/onap/policy/docker/models/models-examples/src/main/resources/policies/vCPE.policy.monitoring.input.tosca.json"&gt;/Users/liam/git/onap/policy/docker/models/models-examples/src/main/resources/policies/vCPE.policy.monitoring.input.tosca.json&lt;/a&gt;'.</msg>
<msg timestamp="20220902 13:41:03.514" level="INFO">${postjson} = {
    "tosca_definitions_version": "tosca_simple_yaml_1_1_0",
    "topology_template": {
        "policies": [
            {
                "onap.restart.tca": {
                    "type": "onap.pol...</msg>
<status status="PASS" starttime="20220902 13:41:03.514" endtime="20220902 13:41:03.514"/>
</kw>
<kw name="CreatePolicy" library="common-library">
<arg>/policy/api/v1/policytypes/onap.policies.monitoring.tcagen2/versions/1.0.0/policies</arg>
<arg>200</arg>
<arg>${postjson}</arg>
<arg>onap.restart.tca</arg>
<arg>1.0.0</arg>
<doc>Create the specific policy</doc>
<kw name="PolicyAdminAuth" library="common-library">
<var>${policyadmin}</var>
<kw name="Create List" library="BuiltIn">
<var>${policyadmin}</var>
<arg>policyadmin</arg>
<arg>zb!XztG34</arg>
<doc>Returns a list containing given items.</doc>
<msg timestamp="20220902 13:41:03.514" level="INFO">${policyadmin} = ['policyadmin', 'zb!XztG34']</msg>
<status status="PASS" starttime="20220902 13:41:03.514" endtime="20220902 13:41:03.514"/>
</kw>
<msg timestamp="20220902 13:41:03.514" level="INFO">${policyadmin} = ['policyadmin', 'zb!XztG34']</msg>
<status status="PASS" starttime="20220902 13:41:03.514" endtime="20220902 13:41:03.514"/>
</kw>
<kw name="PerformPostRequest" library="common-library">
<var>${resp}</var>
<arg>${POLICY_API_IP}</arg>
<arg>${url}</arg>
<arg>${expectedstatus}</arg>
<arg>${postjson}</arg>
<arg>null</arg>
<arg>${policyadmin}</arg>
<kw name="Log" library="BuiltIn">
<arg>Creating session http://${hostname}:6969</arg>
<doc>Logs the given message with the given level.</doc>
<msg timestamp="20220902 13:41:03.515" level="INFO">Creating session http://172.27.0.5:6969</msg>
<status status="PASS" starttime="20220902 13:41:03.515" endtime="20220902 13:41:03.515"/>
</kw>
<kw name="Create Session" library="RequestsLibrary">
<var>${session}</var>
<arg>policy</arg>
<arg>http://${hostname}:6969</arg>
<arg>auth=${auth}</arg>
<doc>Create Session: create a HTTP session to a server</doc>
<msg timestamp="20220902 13:41:03.515" level="INFO">Creating Session using : alias=policy, url=http://172.27.0.5:6969, headers={},                     cookies={}, auth=&lt;requests.auth.HTTPBasicAuth object at 0x102302350&gt;, timeout=None, proxies=None, verify=False,                     debug=0 </msg>
<msg timestamp="20220902 13:41:03.515" level="INFO">${session} = &lt;requests.sessions.Session object at 0x1023018a0&gt;</msg>
<status status="PASS" starttime="20220902 13:41:03.515" endtime="20220902 13:41:03.515"/>
</kw>
<kw name="Create Dictionary" library="BuiltIn">
<var>${headers}</var>
<arg>Accept=application/json</arg>
<arg>Content-Type=application/json</arg>
<doc>Creates and returns a dictionary based on the given ``items``.</doc>
<msg timestamp="20220902 13:41:03.515" level="INFO">${headers} = {'Accept': 'application/json', 'Content-Type': 'application/json'}</msg>
<status status="PASS" starttime="20220902 13:41:03.515" endtime="20220902 13:41:03.515"/>
</kw>
<kw name="POST On Session" library="RequestsLibrary">
<var>${resp}</var>
<arg>policy</arg>
<arg>${url}</arg>
<arg>data=${postjson}</arg>
<arg>params=${params}</arg>
<arg>headers=${headers}</arg>
<arg>expected_status=${expectedstatus}</arg>
<doc>Sends a POST request on a previously created HTTP Session.</doc>
<msg timestamp="20220902 13:41:04.041" level="INFO">POST Request : url=http://172.27.0.5:6969/policy/api/v1/policytypes/onap.policies.monitoring.tcagen2/versions/1.0.0/policies?null 
 path_url=/policy/api/v1/policytypes/onap.policies.monitoring.tcagen2/versions/1.0.0/policies?null 
 headers={'User-Agent': 'python-requests/2.28.1', 'Accept-Encoding': 'gzip, deflate', 'Accept': 'application/json', 'Connection': 'keep-alive', 'Content-Type': 'application/json', 'Content-Length': '2731', 'Authorization': 'Basic cG9saWN5YWRtaW46emIhWHp0RzM0'} 
 body={
    "tosca_definitions_version": "tosca_simple_yaml_1_1_0",
    "topology_template": {
        "policies": [
            {
                "onap.restart.tca": {
                    "type": "onap.policies.monitoring.tcagen2",
                    "type_version": "1.0.0",
                    "version": "1.0.0",
                    "name": "onap.restart.tca",
                    "metadata": {
                        "policy-id": "onap.restart.tca",
                        "policy-version": 1
                    },
                    "properties": {
                        "tca.policy" : {
                            "domain": "measurementsForVfScaling",
                            "metricsPerEventName": [
                                {
                                    "eventName": "Measurement_vGMUX",
                                    "controlLoopSchemaType": "VNF",
                                    "policyScope": "DCAE",
                                    "policyName": "DCAE.Config_tca-hi-lo",
                                    "policyVersion": "v0.0.1",
                                    "thresholds": [
                                        {
                                            "closedLoopControlName": "ControlLoop-vCPE-48f0c2c3-a172-4192-9ae3-052274181b6e",
                                            "version": "1.0.2",
                                            "fieldPath": "$.event.measurementsForVfScalingFields.additionalMeasurements[*].arrayOfFields[0].value",
                                            "thresholdValue": 0,
                                            "direction": "EQUAL",
                                            "severity": "MAJOR",
                                            "closedLoopEventStatus": "ABATED"
                                        },
                                        {
                                            "closedLoopControlName": "ControlLoop-vCPE-48f0c2c3-a172-4192-9ae3-052274181b6e",
                                            "version": "1.0.2",
                                            "fieldPath": "$.event.measurementsForVfScalingFields.additionalMeasurements[*].arrayOfFields[0].value",
                                            "thresholdValue": 0,
                                            "direction": "GREATER",
                                            "severity": "CRITICAL",
                                            "closedLoopEventStatus": "ONSET"
                                        }
                                    ]
                                }
                            ]
                        }
                    }
                }
            }
        ]
    }
} 
 </msg>
<msg timestamp="20220902 13:41:04.042" level="INFO">POST Response : url=http://172.27.0.5:6969/policy/api/v1/policytypes/onap.policies.monitoring.tcagen2/versions/1.0.0/policies?null 
 status=200, reason= 
 headers={'Set-Cookie': 'JSESSIONID=E9C0D813BAC453E836C7F8523FF621B5; Path=/; HttpOnly', 'X-MinorVersion': '0', 'X-PatchVersion': '0', 'X-LatestVersion': '1.0.0', 'X-ONAP-RequestID': '5ca17025-b43e-4ce1-b00f-add95d83753c', 'X-Content-Type-Options': 'nosniff', 'X-XSS-Protection': '1; mode=block', 'Cache-Control': 'no-cache, no-store, max-age=0, must-revalidate', 'Pragma': 'no-cache', 'Expires': '0', 'X-Frame-Options': 'DENY', 'Content-Type': 'application/json;charset=UTF-8', 'Transfer-Encoding': 'chunked', 'Date': 'Fri, 02 Sep 2022 12:41:04 GMT', 'Keep-Alive': 'timeout=60', 'Connection': 'keep-alive'} 
 body={"tosca_definitions_version":"tosca_simple_yaml_1_1_0","topology_template":{"policies":[{"onap.restart.tca":{"type":"onap.policies.monitoring.tcagen2","type_version":"1.0.0","properties":{"tca.policy":{"domain":"measurementsForVfScaling","metricsPerEventName":[{"eventName":"Measurement_vGMUX","controlLoopSchemaType":"VNF","policyScope":"DCAE","policyName":"DCAE.Config_tca-hi-lo","policyVersion":"v0.0.1","thresholds":[{"closedLoopControlName":"ControlLoop-vCPE-48f0c2c3-a172-4192-9ae3-052274181b6e","version":"1.0.2","fieldPath":"$.event.measurementsForVfScalingFields.additionalMeasurements[*].arrayOfFields[0].value","thresholdValue":0.0,"direction":"EQUAL","severity":"MAJOR","closedLoopEventStatus":"ABATED"},{"closedLoopControlName":"ControlLoop-vCPE-48f0c2c3-a172-4192-9ae3-052274181b6e","version":"1.0.2","fieldPath":"$.event.measurementsForVfScalingFields.additionalMeasurements[*].arrayOfFields[0].value","thresholdValue":0.0,"direction":"GREATER","severity":"CRITICAL","closedLoopEventStatus":"ONSET"}]}]}},"name":"onap.restart.tca","version":"1.0.0","metadata":{"policy-id":"onap.restart.tca","policy-version":1.0}}}]},"name":"NULL","version":"0.0.0"} 
 </msg>
<msg timestamp="20220902 13:41:04.042" level="INFO">${resp} = &lt;Response [200]&gt;</msg>
<status status="PASS" starttime="20220902 13:41:03.515" endtime="20220902 13:41:04.042"/>
</kw>
<kw name="Log" library="BuiltIn">
<arg>Received response from policy ${resp.text}</arg>
<doc>Logs the given message with the given level.</doc>
<msg timestamp="20220902 13:41:04.044" level="INFO">Received response from policy {"tosca_definitions_version":"tosca_simple_yaml_1_1_0","topology_template":{"policies":[{"onap.restart.tca":{"type":"onap.policies.monitoring.tcagen2","type_version":"1.0.0","properties":{"tca.policy":{"domain":"measurementsForVfScaling","metricsPerEventName":[{"eventName":"Measurement_vGMUX","controlLoopSchemaType":"VNF","policyScope":"DCAE","policyName":"DCAE.Config_tca-hi-lo","policyVersion":"v0.0.1","thresholds":[{"closedLoopControlName":"ControlLoop-vCPE-48f0c2c3-a172-4192-9ae3-052274181b6e","version":"1.0.2","fieldPath":"$.event.measurementsForVfScalingFields.additionalMeasurements[*].arrayOfFields[0].value","thresholdValue":0.0,"direction":"EQUAL","severity":"MAJOR","closedLoopEventStatus":"ABATED"},{"closedLoopControlName":"ControlLoop-vCPE-48f0c2c3-a172-4192-9ae3-052274181b6e","version":"1.0.2","fieldPath":"$.event.measurementsForVfScalingFields.additionalMeasurements[*].arrayOfFields[0].value","thresholdValue":0.0,"direction":"GREATER","severity":"CRITICAL","closedLoopEventStatus":"ONSET"}]}]}},"name":"onap.restart.tca","version":"1.0.0","metadata":{"policy-id":"onap.restart.tca","policy-version":1.0}}}]},"name":"NULL","version":"0.0.0"}</msg>
<status status="PASS" starttime="20220902 13:41:04.043" endtime="20220902 13:41:04.044"/>
</kw>
<msg timestamp="20220902 13:41:04.045" level="INFO">${resp} = &lt;Response [200]&gt;</msg>
<status status="PASS" starttime="20220902 13:41:03.514" endtime="20220902 13:41:04.045"/>
</kw>
<kw name="Run Keyword If" library="BuiltIn">
<arg>${expectedstatus}==200</arg>
<arg>Dictionary Should Contain Key</arg>
<arg>${resp.json()['topology_template']['policies'][0]}</arg>
<arg>${policyname}</arg>
<doc>Runs the given keyword with the given arguments, if ``condition`` is true.</doc>
<kw name="Dictionary Should Contain Key" library="Collections">
<arg>${resp.json()['topology_template']['policies'][0]}</arg>
<arg>${policyname}</arg>
<doc>Fails if ``key`` is not found from ``dictionary``.</doc>
<status status="PASS" starttime="20220902 13:41:04.045" endtime="20220902 13:41:04.046"/>
</kw>
<status status="PASS" starttime="20220902 13:41:04.045" endtime="20220902 13:41:04.046"/>
</kw>
<kw name="Run Keyword If" library="BuiltIn">
<arg>${expectedstatus}==200</arg>
<arg>Should Be Equal As Strings</arg>
<arg>${resp.json()['topology_template']['policies'][0]['${policyname}']['version']}</arg>
<arg>${policyversion}</arg>
<doc>Runs the given keyword with the given arguments, if ``condition`` is true.</doc>
<kw name="Should Be Equal As Strings" library="BuiltIn">
<arg>${resp.json()['topology_template']['policies'][0]['${policyname}']['version']}</arg>
<arg>${policyversion}</arg>
<doc>Fails if objects are unequal after converting them to strings.</doc>
<status status="PASS" starttime="20220902 13:41:04.046" endtime="20220902 13:41:04.047"/>
</kw>
<status status="PASS" starttime="20220902 13:41:04.046" endtime="20220902 13:41:04.047"/>
</kw>
<status status="PASS" starttime="20220902 13:41:03.514" endtime="20220902 13:41:04.047"/>
</kw>
<doc>Create a policy named 'onap.restart.tca' and version '1.0.0' using specific api</doc>
<status status="PASS" starttime="20220902 13:41:03.513" endtime="20220902 13:41:04.047"/>
</test>
<test id="s1-t2" name="LoadPolicyWithMetadataSet" line="21">
<kw name="Get File" library="OperatingSystem">
<var>${postjson}</var>
<arg>/Users/liam/git/onap/policy/docker/csit/pap/tests/data/apex.policy.decisionmaker.input.tosca.json</arg>
<doc>Returns the contents of a specified file.</doc>
<msg timestamp="20220902 13:41:04.047" level="INFO" html="true">Getting file '&lt;a href="file:///Users/liam/git/onap/policy/docker/csit/pap/tests/data/apex.policy.decisionmaker.input.tosca.json"&gt;/Users/liam/git/onap/policy/docker/csit/pap/tests/data/apex.policy.decisionmaker.input.tosca.json&lt;/a&gt;'.</msg>
<msg timestamp="20220902 13:41:04.047" level="INFO">${postjson} = {
  "tosca_definitions_version": "tosca_simple_yaml_1_1_0",
  "topology_template": {
    "policies": [
      {
        "operational.apex.decisionMaker": {
          "type": "onap.policies.native.Apex"...</msg>
<status status="PASS" starttime="20220902 13:41:04.047" endtime="20220902 13:41:04.047"/>
</kw>
<kw name="CreatePolicy" library="common-library">
<arg>/policy/api/v1/policytypes/onap.policies.native.Apex/versions/1.0.0/policies</arg>
<arg>200</arg>
<arg>${postjson}</arg>
<arg>operational.apex.decisionMaker</arg>
<arg>1.0.0</arg>
<doc>Create the specific policy</doc>
<kw name="PolicyAdminAuth" library="common-library">
<var>${policyadmin}</var>
<kw name="Create List" library="BuiltIn">
<var>${policyadmin}</var>
<arg>policyadmin</arg>
<arg>zb!XztG34</arg>
<doc>Returns a list containing given items.</doc>
<msg timestamp="20220902 13:41:04.048" level="INFO">${policyadmin} = ['policyadmin', 'zb!XztG34']</msg>
<status status="PASS" starttime="20220902 13:41:04.048" endtime="20220902 13:41:04.048"/>
</kw>
<msg timestamp="20220902 13:41:04.048" level="INFO">${policyadmin} = ['policyadmin', 'zb!XztG34']</msg>
<status status="PASS" starttime="20220902 13:41:04.048" endtime="20220902 13:41:04.048"/>
</kw>
<kw name="PerformPostRequest" library="common-library">
<var>${resp}</var>
<arg>${POLICY_API_IP}</arg>
<arg>${url}</arg>
<arg>${expectedstatus}</arg>
<arg>${postjson}</arg>
<arg>null</arg>
<arg>${policyadmin}</arg>
<kw name="Log" library="BuiltIn">
<arg>Creating session http://${hostname}:6969</arg>
<doc>Logs the given message with the given level.</doc>
<msg timestamp="20220902 13:41:04.048" level="INFO">Creating session http://172.27.0.5:6969</msg>
<status status="PASS" starttime="20220902 13:41:04.048" endtime="20220902 13:41:04.048"/>
</kw>
<kw name="Create Session" library="RequestsLibrary">
<var>${session}</var>
<arg>policy</arg>
<arg>http://${hostname}:6969</arg>
<arg>auth=${auth}</arg>
<doc>Create Session: create a HTTP session to a server</doc>
<msg timestamp="20220902 13:41:04.048" level="INFO">Creating Session using : alias=policy, url=http://172.27.0.5:6969, headers={},                     cookies={}, auth=&lt;requests.auth.HTTPBasicAuth object at 0x102322530&gt;, timeout=None, proxies=None, verify=False,                     debug=0 </msg>
<msg timestamp="20220902 13:41:04.049" level="INFO">${session} = &lt;requests.sessions.Session object at 0x102322950&gt;</msg>
<status status="PASS" starttime="20220902 13:41:04.048" endtime="20220902 13:41:04.049"/>
</kw>
<kw name="Create Dictionary" library="BuiltIn">
<var>${headers}</var>
<arg>Accept=application/json</arg>
<arg>Content-Type=application/json</arg>
<doc>Creates and returns a dictionary based on the given ``items``.</doc>
<msg timestamp="20220902 13:41:04.049" level="INFO">${headers} = {'Accept': 'application/json', 'Content-Type': 'application/json'}</msg>
<status status="PASS" starttime="20220902 13:41:04.049" endtime="20220902 13:41:04.049"/>
</kw>
<kw name="POST On Session" library="RequestsLibrary">
<var>${resp}</var>
<arg>policy</arg>
<arg>${url}</arg>
<arg>data=${postjson}</arg>
<arg>params=${params}</arg>
<arg>headers=${headers}</arg>
<arg>expected_status=${expectedstatus}</arg>
<doc>Sends a POST request on a previously created HTTP Session.</doc>
<msg timestamp="20220902 13:41:04.303" level="INFO">POST Request : url=http://172.27.0.5:6969/policy/api/v1/policytypes/onap.policies.native.Apex/versions/1.0.0/policies?null 
 path_url=/policy/api/v1/policytypes/onap.policies.native.Apex/versions/1.0.0/policies?null 
 headers={'User-Agent': 'python-requests/2.28.1', 'Accept-Encoding': 'gzip, deflate', 'Accept': 'application/json', 'Connection': 'keep-alive', 'Content-Type': 'application/json', 'Content-Length': '7753', 'Authorization': 'Basic cG9saWN5YWRtaW46emIhWHp0RzM0'} 
 body={
  "tosca_definitions_version": "tosca_simple_yaml_1_1_0",
  "topology_template": {
    "policies": [
      {
        "operational.apex.decisionMaker": {
          "type": "onap.policies.native.Apex",
          "type_version": "1.0.0",
          "name": "operational.apex.decisionMaker",
          "version": "1.0.0",
          "metadata": {
            "metadataSetName": "apexMetadata_decisionMaker",
            "metadataSetVersion": "1.0.0"
          },
          "properties": {
            "engineServiceParameters": {
              "name": "MyApexEngine",
              "version": "0.0.1",
              "id": 45,
              "instanceCount": 4,
              "deploymentPort": 12561,
              "engineParameters": {
                "executorParameters": {
                  "JAVASCRIPT": {
                    "parameterClassName": "org.onap.policy.apex.plugins.executor.javascript.JavascriptExecutorParameters"
                  }
                },
                "contextParameters": {
                  "parameterClassName": "org.onap.policy.apex.context.parameters.ContextParameters",
                  "schemaParameters": {
                    "Avro": {
                      "parameterClassName": "org.onap.policy.apex.plugins.context.schema.avro.AvroSchemaHelperParameters"
                    },
                    "Java": {
                      "parameterClassName": "org.onap.policy.apex.context.impl.schema.java.JavaSchemaHelperParameters",
                      "jsonAdapters": {
                        "Instant": {
                          "adaptedClass": "java.time.Instant",
                          "adaptorClass": "org.onap.policy.controlloop.util.Serialization$GsonInstantAdapter"
                        }
                      }
                    }
                  }
                },
                "taskParameters": [
                  {
                    "key": "ParameterKey1",
                    "value": "ParameterValue1"
                  },
                  {
                    "taskId": "AAILookupTask:0.0.1",
                    "key": "SomeKeyForThisTask",
                    "value": "Value"
                  }
                ]
              }
            },
            "eventInputParameters": {
              "GuardRequestorConsumer": {
                "carrierTechnologyParameters": {
                  "carrierTechnology": "RESTREQUESTOR",
                  "parameterClassName": "org.onap.policy.apex.plugins.event.carrier.restrequestor.RestRequestorCarrierTechnologyParameters",
                  "parameters": {
                    "url": "http://111.222.333.444:5555/pdp/api/getDecision",
                    "httpMethod": "POST",
                    "restRequestTimeout": 2000,
                    "httpHeader": "Authorization:aaaaaaaaa== ClientAuth:bbbbbbbbb="
                  }
                },
                "eventProtocolParameters": {
                  "eventProtocol": "JSON"
                },
                "eventName": "GuardResponseEvent",
                "eventNameFilter": "GuardResponseEvent",
                "requestorMode": true,
                "requestorPeer": "GuardRequestorProducer",
                "requestorTimeout": 500
              },
              "DCAEConsumer": {
                "carrierTechnologyParameters": {
                  "carrierTechnology": "RESTCLIENT",
                  "parameterClassName": "org.onap.policy.apex.plugins.event.carrier.restclient.RestClientCarrierTechnologyParameters",
                  "parameters": {
                    "url": "http://message-router:3904/events/unauthenticated.DCAE_CL_OUTPUT/APEX/1?timeout=60000"
                  }
                },
                "eventProtocolParameters": {
                  "eventProtocol": "JSON",
                  "parameters": {
                    "nameAlias": "closedLoopControlName",
                    "versionAlias": "version",
                    "sourceAlias": "from",
                    "pojoField": "VirtualControlLoopEvent"
                  }
                },
                "eventName": "ControlLoop-vCPE-48f0c2c3-a172-4192-9ae3-052274181b6e"
              },
              "APPCConsumer": {
                "carrierTechnologyParameters": {
                  "carrierTechnology": "RESTCLIENT",
                  "parameterClassName": "org.onap.policy.apex.plugins.event.carrier.restclient.RestClientCarrierTechnologyParameters",
                  "parameters": {
                    "url": "http://message-router:3904/events/APPC-LCM-WRITE/APEX/1?timeout=60000"
                  }
                },
                "eventProtocolParameters": {
                  "eventProtocol": "JSON",
                  "parameters": {
                    "versionAlias": "version",
                    "pojoField": "APPCLCMResponseEvent"
                  }
                },
                "eventName": "APPCRestartVNFResponseEvent",
                "eventNameFilter": "APPCRestartVNFResponseEvent"
              }
            },
            "eventOutputParameters": {
              "logProducer": {
                "carrierTechnologyParameters": {
                  "carrierTechnology": "FILE",
                  "parameters": {
                    "fileName": "/tmp/VCPEEventsOut.json"
                  }
                },
                "eventProtocolParameters": {
                  "eventProtocol": "JSON"
                }
              },
              "GuardRequestorProducer": {
                "carrierTechnologyParameters": {
                  "carrierTechnology": "RESTREQUESTOR",
                  "parameterClassName": "org.onap.policy.apex.plugins.event.carrier.restrequestor.RestRequestorCarrierTechnologyParameters"
                },
                "eventProtocolParameters": {
                  "eventProtocol": "JSON"
                },
                "eventNameFilter": "GuardRequestEvent",
                "requestorMode": true,
                "requestorPeer": "GuardRequestorConsumer",
                "requestorTimeout": 500
              },
              "APPCProducer": {
                "carrierTechnologyParameters": {
                  "carrierTechnology": "RESTCLIENT",
                  "parameterClassName": "org.onap.policy.apex.plugins.event.carrier.restclient.RestClientCarrierTechnologyParameters",
                  "parameters": {
                    "url": "http://message-router:3904/events/APPC-LCM-READ"
                  }
                },
                "eventProtocolParameters": {
                  "eventProtocol": "JSON",
                  "parameters": {
                    "versionAlias": "version",
                    "sourceAlias": "from",
                    "pojoField": "APPCLCMRequestEvent"
                  }
                },
                "eventNameFilter": "APPCRestartVNFRequestEvent"
              },
              "PolicyLogProducer": {
                "carrierTechnologyParameters": {
                  "carrierTechnology": "RESTCLIENT",
                  "parameterClassName": "org.onap.policy.apex.plugins.event.carrier.restclient.RestClientCarrierTechnologyParameters",
                  "parameters": {
                    "url": "http://message-router:3904/events/POLICY-CL-MGT"
                  }
                },
                "eventProtocolParameters": {
                  "eventProtocol": "JSON",
                  "parameters": {
                    "versionAlias": "version",
                    "sourceAlias": "from",
                    "pojoField": "VirtualControlLoopNotification"
                  }
                },
                "eventNameFilter": "ControlLoopLogEvent"
              }
            }
          }
        }
      }
    ]
  }
} 
 </msg>
<msg timestamp="20220902 13:41:04.304" level="INFO">POST Response : url=http://172.27.0.5:6969/policy/api/v1/policytypes/onap.policies.native.Apex/versions/1.0.0/policies?null 
 status=200, reason= 
 headers={'Set-Cookie': 'JSESSIONID=92A1D0D29A5C415432B78CDAC5C8969B; Path=/; HttpOnly', 'X-MinorVersion': '0', 'X-PatchVersion': '0', 'X-LatestVersion': '1.0.0', 'X-ONAP-RequestID': 'f0ad4ca2-0258-4460-a099-90c141c27bb9', 'X-Content-Type-Options': 'nosniff', 'X-XSS-Protection': '1; mode=block', 'Cache-Control': 'no-cache, no-store, max-age=0, must-revalidate', 'Pragma': 'no-cache', 'Expires': '0', 'X-Frame-Options': 'DENY', 'Content-Type': 'application/json;charset=UTF-8', 'Transfer-Encoding': 'chunked', 'Date': 'Fri, 02 Sep 2022 12:41:04 GMT', 'Keep-Alive': 'timeout=60', 'Connection': 'keep-alive'} 
 body={"tosca_definitions_version":"tosca_simple_yaml_1_1_0","topology_template":{"policies":[{"operational.apex.decisionMaker":{"type":"onap.policies.native.Apex","type_version":"1.0.0","properties":{"engineServiceParameters":{"name":"MyApexEngine","version":"0.0.1","id":45.0,"instanceCount":4.0,"deploymentPort":12561.0,"engineParameters":{"executorParameters":{"JAVASCRIPT":{"parameterClassName":"org.onap.policy.apex.plugins.executor.javascript.JavascriptExecutorParameters"}},"contextParameters":{"parameterClassName":"org.onap.policy.apex.context.parameters.ContextParameters","schemaParameters":{"Avro":{"parameterClassName":"org.onap.policy.apex.plugins.context.schema.avro.AvroSchemaHelperParameters"},"Java":{"parameterClassName":"org.onap.policy.apex.context.impl.schema.java.JavaSchemaHelperParameters","jsonAdapters":{"Instant":{"adaptedClass":"java.time.Instant","adaptorClass":"org.onap.policy.controlloop.util.Serialization$GsonInstantAdapter"}}}}},"taskParameters":[{"key":"ParameterKey1","value":"ParameterValue1"},{"taskId":"AAILookupTask:0.0.1","key":"SomeKeyForThisTask","value":"Value"}]}},"eventInputParameters":{"GuardRequestorConsumer":{"carrierTechnologyParameters":{"carrierTechnology":"RESTREQUESTOR","parameterClassName":"org.onap.policy.apex.plugins.event.carrier.restrequestor.RestRequestorCarrierTechnologyParameters","parameters":{"url":"http://111.222.333.444:5555/pdp/api/getDecision","httpMethod":"POST","restRequestTimeout":2000.0,"httpHeader":"Authorization:aaaaaaaaa\u003d\u003d ClientAuth:bbbbbbbbb\u003d"}},"eventProtocolParameters":{"eventProtocol":"JSON"},"eventName":"GuardResponseEvent","eventNameFilter":"GuardResponseEvent","requestorMode":true,"requestorPeer":"GuardRequestorProducer","requestorTimeout":500.0},"DCAEConsumer":{"carrierTechnologyParameters":{"carrierTechnology":"RESTCLIENT","parameterClassName":"org.onap.policy.apex.plugins.event.carrier.restclient.RestClientCarrierTechnologyParameters","parameters":{"url":"http://message-router:3904/events/unauthenticated.DCAE_CL_OUTPUT/APEX/1?timeout\u003d60000"}},"eventProtocolParameters":{"eventProtocol":"JSON","parameters":{"nameAlias":"closedLoopControlName","versionAlias":"version","sourceAlias":"from","pojoField":"VirtualControlLoopEvent"}},"eventName":"ControlLoop-vCPE-48f0c2c3-a172-4192-9ae3-052274181b6e"},"APPCConsumer":{"carrierTechnologyParameters":{"carrierTechnology":"RESTCLIENT","parameterClassName":"org.onap.policy.apex.plugins.event.carrier.restclient.RestClientCarrierTechnologyParameters","parameters":{"url":"http://message-router:3904/events/APPC-LCM-WRITE/APEX/1?timeout\u003d60000"}},"eventProtocolParameters":{"eventProtocol":"JSON","parameters":{"versionAlias":"version","pojoField":"APPCLCMResponseEvent"}},"eventName":"APPCRestartVNFResponseEvent","eventNameFilter":"APPCRestartVNFResponseEvent"}},"eventOutputParameters":{"logProducer":{"carrierTechnologyParameters":{"carrierTechnology":"FILE","parameters":{"fileName":"/tmp/VCPEEventsOut.json"}},"eventProtocolParameters":{"eventProtocol":"JSON"}},"GuardRequestorProducer":{"carrierTechnologyParameters":{"carrierTechnology":"RESTREQUESTOR","parameterClassName":"org.onap.policy.apex.plugins.event.carrier.restrequestor.RestRequestorCarrierTechnologyParameters"},"eventProtocolParameters":{"eventProtocol":"JSON"},"eventNameFilter":"GuardRequestEvent","requestorMode":true,"requestorPeer":"GuardRequestorConsumer","requestorTimeout":500.0},"APPCProducer":{"carrierTechnologyParameters":{"carrierTechnology":"RESTCLIENT","parameterClassName":"org.onap.policy.apex.plugins.event.carrier.restclient.RestClientCarrierTechnologyParameters","parameters":{"url":"http://message-router:3904/events/APPC-LCM-READ"}},"eventProtocolParameters":{"eventProtocol":"JSON","parameters":{"versionAlias":"version","sourceAlias":"from","pojoField":"APPCLCMRequestEvent"}},"eventNameFilter":"APPCRestartVNFRequestEvent"},"PolicyLogProducer":{"carrierTechnologyParameters":{"carrierTechnology":"RESTCLIENT","parameterClassName":"org.onap.policy.apex.plugins.event.carrier.restclient.RestClientCarrierTechnologyParameters","parameters":{"url":"http://message-router:3904/events/POLICY-CL-MGT"}},"eventProtocolParameters":{"eventProtocol":"JSON","parameters":{"versionAlias":"version","sourceAlias":"from","pojoField":"VirtualControlLoopNotification"}},"eventNameFilter":"ControlLoopLogEvent"}}},"name":"operational.apex.decisionMaker","version":"1.0.0","metadata":{"metadataSetName":"apexMetadata_decisionMaker","metadataSetVersion":"1.0.0"}}}]},"name":"NULL","version":"0.0.0"} 
 </msg>
<msg timestamp="20220902 13:41:04.304" level="INFO">${resp} = &lt;Response [200]&gt;</msg>
<status status="PASS" starttime="20220902 13:41:04.049" endtime="20220902 13:41:04.304"/>
</kw>
<kw name="Log" library="BuiltIn">
<arg>Received response from policy ${resp.text}</arg>
<doc>Logs the given message with the given level.</doc>
<msg timestamp="20220902 13:41:04.305" level="INFO">Received response from policy {"tosca_definitions_version":"tosca_simple_yaml_1_1_0","topology_template":{"policies":[{"operational.apex.decisionMaker":{"type":"onap.policies.native.Apex","type_version":"1.0.0","properties":{"engineServiceParameters":{"name":"MyApexEngine","version":"0.0.1","id":45.0,"instanceCount":4.0,"deploymentPort":12561.0,"engineParameters":{"executorParameters":{"JAVASCRIPT":{"parameterClassName":"org.onap.policy.apex.plugins.executor.javascript.JavascriptExecutorParameters"}},"contextParameters":{"parameterClassName":"org.onap.policy.apex.context.parameters.ContextParameters","schemaParameters":{"Avro":{"parameterClassName":"org.onap.policy.apex.plugins.context.schema.avro.AvroSchemaHelperParameters"},"Java":{"parameterClassName":"org.onap.policy.apex.context.impl.schema.java.JavaSchemaHelperParameters","jsonAdapters":{"Instant":{"adaptedClass":"java.time.Instant","adaptorClass":"org.onap.policy.controlloop.util.Serialization$GsonInstantAdapter"}}}}},"taskParameters":[{"key":"ParameterKey1","value":"ParameterValue1"},{"taskId":"AAILookupTask:0.0.1","key":"SomeKeyForThisTask","value":"Value"}]}},"eventInputParameters":{"GuardRequestorConsumer":{"carrierTechnologyParameters":{"carrierTechnology":"RESTREQUESTOR","parameterClassName":"org.onap.policy.apex.plugins.event.carrier.restrequestor.RestRequestorCarrierTechnologyParameters","parameters":{"url":"http://111.222.333.444:5555/pdp/api/getDecision","httpMethod":"POST","restRequestTimeout":2000.0,"httpHeader":"Authorization:aaaaaaaaa\u003d\u003d ClientAuth:bbbbbbbbb\u003d"}},"eventProtocolParameters":{"eventProtocol":"JSON"},"eventName":"GuardResponseEvent","eventNameFilter":"GuardResponseEvent","requestorMode":true,"requestorPeer":"GuardRequestorProducer","requestorTimeout":500.0},"DCAEConsumer":{"carrierTechnologyParameters":{"carrierTechnology":"RESTCLIENT","parameterClassName":"org.onap.policy.apex.plugins.event.carrier.restclient.RestClientCarrierTechnologyParameters","parameters":{"url":"http://message-router:3904/events/unauthenticated.DCAE_CL_OUTPUT/APEX/1?timeout\u003d60000"}},"eventProtocolParameters":{"eventProtocol":"JSON","parameters":{"nameAlias":"closedLoopControlName","versionAlias":"version","sourceAlias":"from","pojoField":"VirtualControlLoopEvent"}},"eventName":"ControlLoop-vCPE-48f0c2c3-a172-4192-9ae3-052274181b6e"},"APPCConsumer":{"carrierTechnologyParameters":{"carrierTechnology":"RESTCLIENT","parameterClassName":"org.onap.policy.apex.plugins.event.carrier.restclient.RestClientCarrierTechnologyParameters","parameters":{"url":"http://message-router:3904/events/APPC-LCM-WRITE/APEX/1?timeout\u003d60000"}},"eventProtocolParameters":{"eventProtocol":"JSON","parameters":{"versionAlias":"version","pojoField":"APPCLCMResponseEvent"}},"eventName":"APPCRestartVNFResponseEvent","eventNameFilter":"APPCRestartVNFResponseEvent"}},"eventOutputParameters":{"logProducer":{"carrierTechnologyParameters":{"carrierTechnology":"FILE","parameters":{"fileName":"/tmp/VCPEEventsOut.json"}},"eventProtocolParameters":{"eventProtocol":"JSON"}},"GuardRequestorProducer":{"carrierTechnologyParameters":{"carrierTechnology":"RESTREQUESTOR","parameterClassName":"org.onap.policy.apex.plugins.event.carrier.restrequestor.RestRequestorCarrierTechnologyParameters"},"eventProtocolParameters":{"eventProtocol":"JSON"},"eventNameFilter":"GuardRequestEvent","requestorMode":true,"requestorPeer":"GuardRequestorConsumer","requestorTimeout":500.0},"APPCProducer":{"carrierTechnologyParameters":{"carrierTechnology":"RESTCLIENT","parameterClassName":"org.onap.policy.apex.plugins.event.carrier.restclient.RestClientCarrierTechnologyParameters","parameters":{"url":"http://message-router:3904/events/APPC-LCM-READ"}},"eventProtocolParameters":{"eventProtocol":"JSON","parameters":{"versionAlias":"version","sourceAlias":"from","pojoField":"APPCLCMRequestEvent"}},"eventNameFilter":"APPCRestartVNFRequestEvent"},"PolicyLogProducer":{"carrierTechnologyParameters":{"carrierTechnology":"RESTCLIENT","parameterClassName":"org.onap.policy.apex.plugins.event.carrier.restclient.RestClientCarrierTechnologyParameters","parameters":{"url":"http://message-router:3904/events/POLICY-CL-MGT"}},"eventProtocolParameters":{"eventProtocol":"JSON","parameters":{"versionAlias":"version","sourceAlias":"from","pojoField":"VirtualControlLoopNotification"}},"eventNameFilter":"ControlLoopLogEvent"}}},"name":"operational.apex.decisionMaker","version":"1.0.0","metadata":{"metadataSetName":"apexMetadata_decisionMaker","metadataSetVersion":"1.0.0"}}}]},"name":"NULL","version":"0.0.0"}</msg>
<status status="PASS" starttime="20220902 13:41:04.304" endtime="20220902 13:41:04.306"/>
</kw>
<msg timestamp="20220902 13:41:04.306" level="INFO">${resp} = &lt;Response [200]&gt;</msg>
<status status="PASS" starttime="20220902 13:41:04.048" endtime="20220902 13:41:04.306"/>
</kw>
<kw name="Run Keyword If" library="BuiltIn">
<arg>${expectedstatus}==200</arg>
<arg>Dictionary Should Contain Key</arg>
<arg>${resp.json()['topology_template']['policies'][0]}</arg>
<arg>${policyname}</arg>
<doc>Runs the given keyword with the given arguments, if ``condition`` is true.</doc>
<kw name="Dictionary Should Contain Key" library="Collections">
<arg>${resp.json()['topology_template']['policies'][0]}</arg>
<arg>${policyname}</arg>
<doc>Fails if ``key`` is not found from ``dictionary``.</doc>
<status status="PASS" starttime="20220902 13:41:04.306" endtime="20220902 13:41:04.307"/>
</kw>
<status status="PASS" starttime="20220902 13:41:04.306" endtime="20220902 13:41:04.307"/>
</kw>
<kw name="Run Keyword If" library="BuiltIn">
<arg>${expectedstatus}==200</arg>
<arg>Should Be Equal As Strings</arg>
<arg>${resp.json()['topology_template']['policies'][0]['${policyname}']['version']}</arg>
<arg>${policyversion}</arg>
<doc>Runs the given keyword with the given arguments, if ``condition`` is true.</doc>
<kw name="Should Be Equal As Strings" library="BuiltIn">
<arg>${resp.json()['topology_template']['policies'][0]['${policyname}']['version']}</arg>
<arg>${policyversion}</arg>
<doc>Fails if objects are unequal after converting them to strings.</doc>
<status status="PASS" starttime="20220902 13:41:04.307" endtime="20220902 13:41:04.307"/>
</kw>
<status status="PASS" starttime="20220902 13:41:04.307" endtime="20220902 13:41:04.307"/>
</kw>
<status status="PASS" starttime="20220902 13:41:04.047" endtime="20220902 13:41:04.308"/>
</kw>
<doc>Create a policy named 'operational.apex.decisionMaker' and version '1.0.0' using specific api</doc>
<status status="PASS" starttime="20220902 13:41:04.047" endtime="20220902 13:41:04.308"/>
</test>
<test id="s1-t3" name="LoadNodeTemplates" line="26">
<kw name="Get File" library="OperatingSystem">
<var>${postjson}</var>
<arg>${NODETEMPLATES}/nodetemplates.metadatasets.input.tosca.json</arg>
<doc>Returns the contents of a specified file.</doc>
<msg timestamp="20220902 13:41:04.308" level="INFO" html="true">Getting file '&lt;a href="file:///Users/liam/git/onap/policy/docker/models/models-examples/src/main/resources/nodetemplates/nodetemplates.metadatasets.input.tosca.json"&gt;/Users/liam/git/onap/policy/docker/models/models-examples/src/main/resources/nodetemplates/nodetemplates.metadatasets.input.tosca.json&lt;/a&gt;'.</msg>
<msg timestamp="20220902 13:41:04.308" level="INFO">${postjson} = {
  "tosca_definitions_version": "tosca_simple_yaml_1_1_0",
  "node_types": {
    "org.onap.nodetypes.policy.MetadataSet": {
      "derived_from": "tosca.nodetypes.Root",
      "version": "1.0.0"
    ...</msg>
<status status="PASS" starttime="20220902 13:41:04.308" endtime="20220902 13:41:04.308"/>
</kw>
<kw name="CreateNodeTemplate" library="common-library">
<arg>/policy/api/v1/nodetemplates</arg>
<arg>200</arg>
<arg>${postjson}</arg>
<arg>3</arg>
<doc>Create the node templates</doc>
<kw name="PolicyAdminAuth" library="common-library">
<var>${policyadmin}</var>
<kw name="Create List" library="BuiltIn">
<var>${policyadmin}</var>
<arg>policyadmin</arg>
<arg>zb!XztG34</arg>
<doc>Returns a list containing given items.</doc>
<msg timestamp="20220902 13:41:04.309" level="INFO">${policyadmin} = ['policyadmin', 'zb!XztG34']</msg>
<status status="PASS" starttime="20220902 13:41:04.309" endtime="20220902 13:41:04.309"/>
</kw>
<msg timestamp="20220902 13:41:04.309" level="INFO">${policyadmin} = ['policyadmin', 'zb!XztG34']</msg>
<status status="PASS" starttime="20220902 13:41:04.309" endtime="20220902 13:41:04.309"/>
</kw>
<kw name="PerformPostRequest" library="common-library">
<var>${resp}</var>
<arg>${POLICY_API_IP}</arg>
<arg>${url}</arg>
<arg>${expectedstatus}</arg>
<arg>${postjson}</arg>
<arg>\</arg>
<arg>${policyadmin}</arg>
<kw name="Log" library="BuiltIn">
<arg>Creating session http://${hostname}:6969</arg>
<doc>Logs the given message with the given level.</doc>
<msg timestamp="20220902 13:41:04.309" level="INFO">Creating session http://172.27.0.5:6969</msg>
<status status="PASS" starttime="20220902 13:41:04.309" endtime="20220902 13:41:04.309"/>
</kw>
<kw name="Create Session" library="RequestsLibrary">
<var>${session}</var>
<arg>policy</arg>
<arg>http://${hostname}:6969</arg>
<arg>auth=${auth}</arg>
<doc>Create Session: create a HTTP session to a server</doc>
<msg timestamp="20220902 13:41:04.309" level="INFO">Creating Session using : alias=policy, url=http://172.27.0.5:6969, headers={},                     cookies={}, auth=&lt;requests.auth.HTTPBasicAuth object at 0x102323910&gt;, timeout=None, proxies=None, verify=False,                     debug=0 </msg>
<msg timestamp="20220902 13:41:04.310" level="INFO">${session} = &lt;requests.sessions.Session object at 0x102323730&gt;</msg>
<status status="PASS" starttime="20220902 13:41:04.309" endtime="20220902 13:41:04.310"/>
</kw>
<kw name="Create Dictionary" library="BuiltIn">
<var>${headers}</var>
<arg>Accept=application/json</arg>
<arg>Content-Type=application/json</arg>
<doc>Creates and returns a dictionary based on the given ``items``.</doc>
<msg timestamp="20220902 13:41:04.310" level="INFO">${headers} = {'Accept': 'application/json', 'Content-Type': 'application/json'}</msg>
<status status="PASS" starttime="20220902 13:41:04.310" endtime="20220902 13:41:04.310"/>
</kw>
<kw name="POST On Session" library="RequestsLibrary">
<var>${resp}</var>
<arg>policy</arg>
<arg>${url}</arg>
<arg>data=${postjson}</arg>
<arg>params=${params}</arg>
<arg>headers=${headers}</arg>
<arg>expected_status=${expectedstatus}</arg>
<doc>Sends a POST request on a previously created HTTP Session.</doc>
<msg timestamp="20220902 13:41:04.564" level="INFO">POST Request : url=http://172.27.0.5:6969/policy/api/v1/nodetemplates 
 path_url=/policy/api/v1/nodetemplates 
 headers={'User-Agent': 'python-requests/2.28.1', 'Accept-Encoding': 'gzip, deflate', 'Accept': 'application/json', 'Connection': 'keep-alive', 'Content-Type': 'application/json', 'Content-Length': '77744', 'Authorization': 'Basic cG9saWN5YWRtaW46emIhWHp0RzM0'} 
 body={
  "tosca_definitions_version": "tosca_simple_yaml_1_1_0",
  "node_types": {
    "org.onap.nodetypes.policy.MetadataSet": {
      "derived_from": "tosca.nodetypes.Root",
      "version": "1.0.0"
    }
  },

  "topology_template": {
    "node_templates": {
      "apexMetadata_grpc": {
        "version": "1.2.1",
        "type": "org.onap.nodetypes.policy.MetadataSet",
        "type_version": "1.0.0",
        "description": "Metadata set for GRPC",
        "metadata": {
          "policyModel": {
            "key": {
              "name": "GrpcPolicyModel",
              "version": "1.0.1"
            }
          },
          "threshold": 3.14,
          "state": "active"
        }
      },
      "apexMetadata_adaptive": {
        "version": "2.3.1",
        "type": "org.onap.nodetypes.policy.MetadataSet",
        "type_version": "1.0.0",
        "description": "Metadata set for an Adaptive Policy",
        "metadata": {
          "policyModel": {
            "key": {
              "name": "AdaptivePolicyModel",
              "version": "1.2.1"
            }
          },
          "radius": 1.23,
          "height": 2.13,
          "length": 45
        }
      },
      "apexMetadata_decisionMaker": {
        "version": "1.0.0",
        "type": "org.onap.nodetypes.policy.MetadataSet",
        "type_version": "1.0.0",
        "description": "Metadata set for an Adaptive Policy",
        "metadata": {
          "policyModel": {
            "key": {
              "name": "DecisionMakerPolicyModel",
              "version": "1.0.0"
            },
            "keyInformation": {
              "key": {
                "name": "DecisionMakerPolicyModel_KeyInfo",
                "version": "0.0.1"
              },
              "keyInfoMap": {
                "entry": [
                  {
                    "key": {
                      "name": "AnswerAlbum",
                      "version": "0.0.1"
                    },
                    "value": {
                      "key": {
                        "name": "AnswerAlbum",
                        "version": "0.0.1"
                      },
                      "UUID": "4ea21a2c-5dc7-337f-ba13-f427a4ae79a1",
                      "description": "Generated description for concept referred to by key \"AnswerAlbum:0.0.1\""
                    }
                  },
                  {
                    "key": {
                      "name": "AnswerEvent",
                      "version": "0.0.1"
                    },
                    "value": {
                      "key": {
                        "name": "AnswerEvent",
                        "version": "0.0.1"
                      },
                      "UUID": "ce2233b8-bb89-3c5e-a18f-1d13089d2bb6",
                      "description": "Generated description for concept referred to by key \"AnswerEvent:0.0.1\""
                    }
                  },
                  {
                    "key": {
                      "name": "AnswerInitPolicy",
                      "version": "0.0.1"
                    },
                    "value": {
                      "key": {
                        "name": "AnswerInitPolicy",
                        "version": "0.0.1"
                      },
                      "UUID": "c8254064-b171-3ccb-85c0-29b5719ee8fc",
                      "description": "Generated description for concept referred to by key \"AnswerInitPolicy:0.0.1\""
                    }
                  },
                  {
                    "key": {
                      "name": "AnswerInitTask",
                      "version": "0.0.1"
                    },
                    "value": {
                      "key": {
                        "name": "AnswerInitTask",
                        "version": "0.0.1"
                      },
                      "UUID": "28fb33d2-a4e0-3046-8302-7baf9a2056d1",
                      "description": "Generated description for concept referred to by key \"AnswerInitTask:0.0.1\""
                    }
                  },
                  {
                    "key": {
                      "name": "DecisionEvent",
                      "version": "0.0.1"
                    },
                    "value": {
                      "key": {
                        "name": "DecisionEvent",
                        "version": "0.0.1"
                      },
                      "UUID": "487acc75-b5a1-3285-90cf-98ecd6fb3500",
                      "description": "Generated description for concept referred to by key \"DecisionEvent:0.0.1\""
                    }
                  },
                  {
                    "key": {
                      "name": "DecisionMakerPolicy",
                      "version": "0.0.1"
                    },
                    "value": {
                      "key": {
                        "name": "DecisionMakerPolicy",
                        "version": "0.0.1"
                      },
                      "UUID": "9e8dda9a-6f85-311d-842b-00b5b5578edd",
                      "description": "Generated description for concept referred to by key \"DecisionMakerPolicy:0.0.1\""
                    }
                  },
                  {
                    "key": {
                      "name": "DecisionMakerPolicyModel",
                      "version": "0.0.1"
                    },
                    "value": {
                      "key": {
                        "name": "DecisionMakerPolicyModel",
                        "version": "0.0.1"
                      },
                      "UUID": "d7789464-e4d1-382e-8481-fba53fa7b9a9",
                      "description": "Generated description for concept referred to by key \"DecisionMakerPolicyModel:0.0.1\""
                    }
                  },
                  {
                    "key": {
                      "name": "DecisionMakerPolicyModel_Albums",
                      "version": "0.0.1"
                    },
                    "value": {
                      "key": {
                        "name": "DecisionMakerPolicyModel_Albums",
                        "version": "0.0.1"
                      },
                      "UUID": "e5dfbadd-5229-3ad9-996c-eda030ef5dc1",
                      "description": "Generated description for concept referred to by key \"DecisionMakerPolicyModel_Albums:0.0.1\""
                    }
                  },
                  {
                    "key": {
                      "name": "DecisionMakerPolicyModel_Events",
                      "version": "0.0.1"
                    },
                    "value": {
                      "key": {
                        "name": "DecisionMakerPolicyModel_Events",
                        "version": "0.0.1"
                      },
                      "UUID": "b4248202-ff8e-3d45-8b3d-0ed0fd2eaed4",
                      "description": "Generated description for concept referred to by key \"DecisionMakerPolicyModel_Events:0.0.1\""
                    }
                  },
                  {
                    "key": {
                      "name": "DecisionMakerPolicyModel_KeyInfo",
                      "version": "0.0.1"
                    },
                    "value": {
                      "key": {
                        "name": "DecisionMakerPolicyModel_KeyInfo",
                        "version": "0.0.1"
                      },
                      "UUID": "693b1b29-c4c6-34ba-98e1-bc1a7576f0f8",
                      "description": "Generated description for concept referred to by key \"DecisionMakerPolicyModel_KeyInfo:0.0.1\""
                    }
                  },
                  {
                    "key": {
                      "name": "DecisionMakerPolicyModel_Policies",
                      "version": "0.0.1"
                    },
                    "value": {
                      "key": {
                        "name": "DecisionMakerPolicyModel_Policies",
                        "version": "0.0.1"
                      },
                      "UUID": "2dee1e42-9caa-32b1-9298-784dcdcb9cae",
                      "description": "Generated description for concept referred to by key \"DecisionMakerPolicyModel_Policies:0.0.1\""
                    }
                  },
                  {
                    "key": {
                      "name": "DecisionMakerPolicyModel_Schemas",
                      "version": "0.0.1"
                    },
                    "value": {
                      "key": {
                        "name": "DecisionMakerPolicyModel_Schemas",
                        "version": "0.0.1"
                      },
                      "UUID": "c256f102-2681-3f35-bbbd-1f4948587e15",
                      "description": "Generated description for concept referred to by key \"DecisionMakerPolicyModel_Schemas:0.0.1\""
                    }
                  },
                  {
                    "key": {
                      "name": "DecisionMakerPolicyModel_Tasks",
                      "version": "0.0.1"
                    },
                    "value": {
                      "key": {
                        "name": "DecisionMakerPolicyModel_Tasks",
                        "version": "0.0.1"
                      },
                      "UUID": "660cbdba-687d-3a05-ba26-69daf93a8158",
                      "description": "Generated description for concept referred to by key \"DecisionMakerPolicyModel_Tasks:0.0.1\""
                    }
                  },
                  {
                    "key": {
                      "name": "DitheringAnswerTask",
                      "version": "0.0.1"
                    },
                    "value": {
                      "key": {
                        "name": "DitheringAnswerTask",
                        "version": "0.0.1"
                      },
                      "UUID": "da31cee8-2e84-39d2-9337-9ee3bf347c98",
                    ... (set the log level to DEBUG or TRACE to see the full content) 
 </msg>
<msg timestamp="20220902 13:41:04.565" level="INFO">POST Response : url=http://172.27.0.5:6969/policy/api/v1/nodetemplates 
 status=200, reason= 
 headers={'Set-Cookie': 'JSESSIONID=81AC4FF099A6E36B8AF04768ADFB96B1; Path=/; HttpOnly', 'X-MinorVersion': '0', 'X-PatchVersion': '0', 'X-LatestVersion': '1.0.0', 'X-ONAP-RequestID': 'acab17cc-a661-479d-805d-f39cda08e9ee', 'X-Content-Type-Options': 'nosniff', 'X-XSS-Protection': '1; mode=block', 'Cache-Control': 'no-cache, no-store, max-age=0, must-revalidate', 'Pragma': 'no-cache', 'Expires': '0', 'X-Frame-Options': 'DENY', 'Content-Type': 'application/json;charset=UTF-8', 'Transfer-Encoding': 'chunked', 'Date': 'Fri, 02 Sep 2022 12:41:04 GMT', 'Keep-Alive': 'timeout=60', 'Connection': 'keep-alive'} 
 body={"tosca_definitions_version":"tosca_simple_yaml_1_1_0","node_types":{"org.onap.nodetypes.policy.MetadataSet":{"name":"org.onap.nodetypes.policy.MetadataSet","version":"1.0.0","derived_from":"tosca.nodetypes.Root"}},"topology_template":{"node_templates":{"apexMetadata_grpc":{"type":"org.onap.nodetypes.policy.MetadataSet","type_version":"1.0.0","name":"apexMetadata_grpc","version":"1.2.1","metadata":{"policyModel":{"key":{"name":"GrpcPolicyModel","version":"1.0.1"}},"threshold":3.14,"state":"active"},"description":"Metadata set for GRPC"},"apexMetadata_adaptive":{"type":"org.onap.nodetypes.policy.MetadataSet","type_version":"1.0.0","name":"apexMetadata_adaptive","version":"2.3.1","metadata":{"policyModel":{"key":{"name":"AdaptivePolicyModel","version":"1.2.1"}},"radius":1.23,"height":2.13,"length":45.0},"description":"Metadata set for an Adaptive Policy"},"apexMetadata_decisionMaker":{"type":"org.onap.nodetypes.policy.MetadataSet","type_version":"1.0.0","name":"apexMetadata_decisionMaker","version":"1.0.0","metadata":{"policyModel":{"key":{"name":"DecisionMakerPolicyModel","version":"1.0.0"},"keyInformation":{"key":{"name":"DecisionMakerPolicyModel_KeyInfo","version":"0.0.1"},"keyInfoMap":{"entry":[{"key":{"name":"AnswerAlbum","version":"0.0.1"},"value":{"key":{"name":"AnswerAlbum","version":"0.0.1"},"UUID":"4ea21a2c-5dc7-337f-ba13-f427a4ae79a1","description":"Generated description for concept referred to by key \"AnswerAlbum:0.0.1\""}},{"key":{"name":"AnswerEvent","version":"0.0.1"},"value":{"key":{"name":"AnswerEvent","version":"0.0.1"},"UUID":"ce2233b8-bb89-3c5e-a18f-1d13089d2bb6","description":"Generated description for concept referred to by key \"AnswerEvent:0.0.1\""}},{"key":{"name":"AnswerInitPolicy","version":"0.0.1"},"value":{"key":{"name":"AnswerInitPolicy","version":"0.0.1"},"UUID":"c8254064-b171-3ccb-85c0-29b5719ee8fc","description":"Generated description for concept referred to by key \"AnswerInitPolicy:0.0.1\""}},{"key":{"name":"AnswerInitTask","version":"0.0.1"},"value":{"key":{"name":"AnswerInitTask","version":"0.0.1"},"UUID":"28fb33d2-a4e0-3046-8302-7baf9a2056d1","description":"Generated description for concept referred to by key \"AnswerInitTask:0.0.1\""}},{"key":{"name":"DecisionEvent","version":"0.0.1"},"value":{"key":{"name":"DecisionEvent","version":"0.0.1"},"UUID":"487acc75-b5a1-3285-90cf-98ecd6fb3500","description":"Generated description for concept referred to by key \"DecisionEvent:0.0.1\""}},{"key":{"name":"DecisionMakerPolicy","version":"0.0.1"},"value":{"key":{"name":"DecisionMakerPolicy","version":"0.0.1"},"UUID":"9e8dda9a-6f85-311d-842b-00b5b5578edd","description":"Generated description for concept referred to by key \"DecisionMakerPolicy:0.0.1\""}},{"key":{"name":"DecisionMakerPolicyModel","version":"0.0.1"},"value":{"key":{"name":"DecisionMakerPolicyModel","version":"0.0.1"},"UUID":"d7789464-e4d1-382e-8481-fba53fa7b9a9","description":"Generated description for concept referred to by key \"DecisionMakerPolicyModel:0.0.1\""}},{"key":{"name":"DecisionMakerPolicyModel_Albums","version":"0.0.1"},"value":{"key":{"name":"DecisionMakerPolicyModel_Albums","version":"0.0.1"},"UUID":"e5dfbadd-5229-3ad9-996c-eda030ef5dc1","description":"Generated description for concept referred to by key \"DecisionMakerPolicyModel_Albums:0.0.1\""}},{"key":{"name":"DecisionMakerPolicyModel_Events","version":"0.0.1"},"value":{"key":{"name":"DecisionMakerPolicyModel_Events","version":"0.0.1"},"UUID":"b4248202-ff8e-3d45-8b3d-0ed0fd2eaed4","description":"Generated description for concept referred to by key \"DecisionMakerPolicyModel_Events:0.0.1\""}},{"key":{"name":"DecisionMakerPolicyModel_KeyInfo","version":"0.0.1"},"value":{"key":{"name":"DecisionMakerPolicyModel_KeyInfo","version":"0.0.1"},"UUID":"693b1b29-c4c6-34ba-98e1-bc1a7576f0f8","description":"Generated description for concept referred to by key \"DecisionMakerPolicyModel_KeyInfo:0.0.1\""}},{"key":{"name":"DecisionMakerPolicyModel_Policies","version":"0.0.1"},"value":{"key":{"name":"DecisionMakerPolicyModel_Policies","version":"0.0.1"},"UUID":"2dee1e42-9caa-32b1-9298-784dcdcb9cae","description":"Generated description for concept referred to by key \"DecisionMakerPolicyModel_Policies:0.0.1\""}},{"key":{"name":"DecisionMakerPolicyModel_Schemas","version":"0.0.1"},"value":{"key":{"name":"DecisionMakerPolicyModel_Schemas","version":"0.0.1"},"UUID":"c256f102-2681-3f35-bbbd-1f4948587e15","description":"Generated description for concept referred to by key \"DecisionMakerPolicyModel_Schemas:0.0.1\""}},{"key":{"name":"DecisionMakerPolicyModel_Tasks","version":"0.0.1"},"value":{"key":{"name":"DecisionMakerPolicyModel_Tasks","version":"0.0.1"},"UUID":"660cbdba-687d-3a05-ba26-69daf93a8158","description":"Generated description for concept referred to by key \"DecisionMakerPolicyModel_Tasks:0.0.1\""}},{"key":{"name":"DitheringAnswerTask","version":"0.0.1"},"value":{"key":{"name":"DitheringAnswerTask","version":"0.0.1"},"UUID":"da31cee8-2e84-39d2-9337-9ee3bf347c98","description":"Generated description for concept referred to by key \"DitheringAnswerTask:0.0.1\""}},{"key":{"name":"LastAnswerAlbum","version":"0.0.1"},"value":{"key":{"name":"LastAnswerAlbum","version":"0.0.1"},"UUID":"21399145-3fbe-39a5-b863-8a59a8add4a8","description":"Generated description for concept referred to by key \"LastAnswerAlbum:0.0.1\""}},{"key":{"name":"MakeDecisionEvent","version":"0.0.1"},"value":{"key":{"name":"MakeDecisionEvent","version":"0.0.1"},"UUID":"02ec632a-aeae-31fe-8f6d-656e1875749f","description":"Generated description for concept referred to by key \"MakeDecisionEvent:0.0.1\""}},{"key":{"name":"OptimisticAnswerTask","version":"0.0.1"},"value":{"key":{"name":"OptimisticAnswerTask","version":"0.0.1"},"UUID":"818e6b9e-0109-31f5-a95c-17f6fb016027","description":"Generated description for concept referred to by key \"OptimisticAnswerTask:0.0.1\""}},{"key":{"name":"PessimisticAnswerTask","version":"0.0.1"},"value":{"key":{"name":"PessimisticAnswerTask","version":"0.0.1"},"UUID":"8f4a707e-0d8b-3e09-b921-332f6f81f302","description":"Generated description for concept referred to by key \"PessimisticAnswerTask:0.0.1\""}},{"key":{"name":"RandomAnswerTask","version":"0.0.1"},"value":{"key":{"name":"RandomAnswerTask","version":"0.0.1"},"UUID":"bfb0af88-b454-3b08-911f-7ff2475350bf","description":"Generated description for concept referred to by key \"RandomAnswerTask:0.0.1\""}},{"key":{"name":"RoundRobinAnswerTask","version":"0.0.1"},"value":{"key":{"name":"RoundRobinAnswerTask","version":"0.0.1"},"UUID":"eac6fb59-8aca-3011-b7ba-69875f1db4b6","description":"Generated description for concept referred to by key \"RoundRobinAnswerTask:0.0.1\""}},{"key":{"name":"SimpleIntegerType","version":"0.0.1"},"value":{"key":{"name":"SimpleIntegerType","version":"0.0.1"},"UUID":"ab00a5b8-7edd-340f-8140-4d14f571edfb","description":"Generated description for concept referred to by key \"SimpleIntegerType:0.0.1\""}},{"key":{"name":"SimpleStringType","version":"0.0.1"},"value":{"key":{"name":"SimpleStringType","version":"0.0.1"},"UUID":"8a4957cf-9493-3a76-8c22-a208e23259af","description":"Generated description for concept referred to by key \"SimpleStringType:0.0.1\""}}]}},"policies":{"key":{"name":"DecisionMakerPolicyModel_Policies","version":"0.0.1"},"policyMap":{"entry":[{"key":{"name":"AnswerInitPolicy","version":"0.0.1"},"value":{"policyKey":{"name":"AnswerInitPolicy","version":"0.0.1"},"template":"freestyle","state":{"entry":[{"key":"AnswerInitState","value":{"stateKey":{"parentKeyName":"AnswerInitPolicy","parentKeyVersion":"0.0.1","parentLocalName":"NULL","localName":"AnswerInitState"},"trigger":{"name":"AnswerEvent","version":"0.0.1"},"stateOutputs":{"entry":[{"key":"AnswerInitOutput","value":{"key":{"parentKeyName":"AnswerInitPolicy","parentKeyVersion":"0.0.1","parentLocalName":"AnswerInitState","localName":"AnswerInitOutput"},"outgoingEvent":{"name":"AnswerEvent","version":"0.0.1"},"outgoingEventReference":[{"name":"AnswerEvent","version":"0.0.1"}],"nextState":{"parentKeyName":"NULL","parentKeyVersion":"0.0.0","parentLocalName":"NULL","localName":"NULL"}}}]},"contextAlbumReference":[],"taskSelectionLogic":{"key":"NULL","logicFlavour":"UNDEFINED","logic":""},"stateFinalizerLogicMap":{"entry":[]},"defaultTask":{"name":"AnswerInitTask","version":"0.0.1"},"taskReferences":{"entry":[{"key":{"name":"AnswerInitTask","version":"0.0.1"},"value":{"key":{"parentKeyName":"AnswerInitPolicy","parentKeyVersion":"0.0.1","parentLocalName":"AnswerInitState","localName":"AnswerInitPolicy"},"outputType":"DIRECT","output":{"parentKeyName":"AnswerInitPolicy","parentKeyVersion":"0.0.1","parentLocalName":"AnswerInitState","localName":"AnswerInitOutput"}}}]}}}]},"firstState":"AnswerInitState"}},{"key":{"name":"DecisionMakerPolicy","version":"0.0.1"},"value":{"policyKey":{"name":"DecisionMakerPolicy","version":"0.0.1"},"template":"freestyle","state":{"entry":[{"key":"MakeDecisionState","value":{"stateKey":{"parentKeyName":"DecisionMakerPolicy","parentKeyVersion":"0.0.1","parentLocalName":"NULL","localName":"MakeDecisionState"},"trigger":{"name":"MakeDecisionEvent","version":"0.0.1"},"stateOutputs":{"entry":[{"key":"DecisionFinalOutput","value":{"key":{"parentKeyName":"DecisionMakerPolicy","parentKeyVersion":"0.0.1","parentLocalName":"MakeDecisionState","localName":"DecisionFinalOutput"},"outgoingEvent":{"name":"DecisionEvent","version":"0.0.1"},"outgoingEventReference":[{"name":"DecisionEvent","version":"0.0.1"}],"nextState":{"parentKeyName":"NULL","parentKeyVersion":"0.0.0","parentLocalName":"NULL","localName":"NULL"}}}]},"contextAlbumReference":[],"taskSelectionLogic":{"key":"TaskSelectionLogic","logicFlavour":"JAVASCRIPT","logic":"/*\n * \u003d\u003d\u003d\u003d\u003d\u003d\u003d\u003d\u003d\u003d\u003d\u003dLICENSE_START\u003d\u003d\u003d\u003d\u003d\u003d\u003d\u003d\u003d\u003d\u003d\u003d\u003d\u003d\u003d\u003d\u003d\u003d\u003d\u003d\u003d\u003d\u003d\u003d\u003d\u003d\u003d\u003d\u003d\u003d\u003d\u003d\u003d\u0... (set the log level to DEBUG or TRACE to see the full content) 
 </msg>
<msg timestamp="20220902 13:41:04.565" level="INFO">${resp} = &lt;Response [200]&gt;</msg>
<status status="PASS" starttime="20220902 13:41:04.310" endtime="20220902 13:41:04.565"/>
</kw>
<kw name="Log" library="BuiltIn">
<arg>Received response from policy ${resp.text}</arg>
<doc>Logs the given message with the given level.</doc>
<msg timestamp="20220902 13:41:04.567" level="INFO">Received response from policy {"tosca_definitions_version":"tosca_simple_yaml_1_1_0","node_types":{"org.onap.nodetypes.policy.MetadataSet":{"name":"org.onap.nodetypes.policy.MetadataSet","version":"1.0.0","derived_from":"tosca.nodetypes.Root"}},"topology_template":{"node_templates":{"apexMetadata_grpc":{"type":"org.onap.nodetypes.policy.MetadataSet","type_version":"1.0.0","name":"apexMetadata_grpc","version":"1.2.1","metadata":{"policyModel":{"key":{"name":"GrpcPolicyModel","version":"1.0.1"}},"threshold":3.14,"state":"active"},"description":"Metadata set for GRPC"},"apexMetadata_adaptive":{"type":"org.onap.nodetypes.policy.MetadataSet","type_version":"1.0.0","name":"apexMetadata_adaptive","version":"2.3.1","metadata":{"policyModel":{"key":{"name":"AdaptivePolicyModel","version":"1.2.1"}},"radius":1.23,"height":2.13,"length":45.0},"description":"Metadata set for an Adaptive Policy"},"apexMetadata_decisionMaker":{"type":"org.onap.nodetypes.policy.MetadataSet","type_version":"1.0.0","name":"apexMetadata_decisionMaker","version":"1.0.0","metadata":{"policyModel":{"key":{"name":"DecisionMakerPolicyModel","version":"1.0.0"},"keyInformation":{"key":{"name":"DecisionMakerPolicyModel_KeyInfo","version":"0.0.1"},"keyInfoMap":{"entry":[{"key":{"name":"AnswerAlbum","version":"0.0.1"},"value":{"key":{"name":"AnswerAlbum","version":"0.0.1"},"UUID":"4ea21a2c-5dc7-337f-ba13-f427a4ae79a1","description":"Generated description for concept referred to by key \"AnswerAlbum:0.0.1\""}},{"key":{"name":"AnswerEvent","version":"0.0.1"},"value":{"key":{"name":"AnswerEvent","version":"0.0.1"},"UUID":"ce2233b8-bb89-3c5e-a18f-1d13089d2bb6","description":"Generated description for concept referred to by key \"AnswerEvent:0.0.1\""}},{"key":{"name":"AnswerInitPolicy","version":"0.0.1"},"value":{"key":{"name":"AnswerInitPolicy","version":"0.0.1"},"UUID":"c8254064-b171-3ccb-85c0-29b5719ee8fc","description":"Generated description for concept referred to by key \"AnswerInitPolicy:0.0.1\""}},{"key":{"name":"AnswerInitTask","version":"0.0.1"},"value":{"key":{"name":"AnswerInitTask","version":"0.0.1"},"UUID":"28fb33d2-a4e0-3046-8302-7baf9a2056d1","description":"Generated description for concept referred to by key \"AnswerInitTask:0.0.1\""}},{"key":{"name":"DecisionEvent","version":"0.0.1"},"value":{"key":{"name":"DecisionEvent","version":"0.0.1"},"UUID":"487acc75-b5a1-3285-90cf-98ecd6fb3500","description":"Generated description for concept referred to by key \"DecisionEvent:0.0.1\""}},{"key":{"name":"DecisionMakerPolicy","version":"0.0.1"},"value":{"key":{"name":"DecisionMakerPolicy","version":"0.0.1"},"UUID":"9e8dda9a-6f85-311d-842b-00b5b5578edd","description":"Generated description for concept referred to by key \"DecisionMakerPolicy:0.0.1\""}},{"key":{"name":"DecisionMakerPolicyModel","version":"0.0.1"},"value":{"key":{"name":"DecisionMakerPolicyModel","version":"0.0.1"},"UUID":"d7789464-e4d1-382e-8481-fba53fa7b9a9","description":"Generated description for concept referred to by key \"DecisionMakerPolicyModel:0.0.1\""}},{"key":{"name":"DecisionMakerPolicyModel_Albums","version":"0.0.1"},"value":{"key":{"name":"DecisionMakerPolicyModel_Albums","version":"0.0.1"},"UUID":"e5dfbadd-5229-3ad9-996c-eda030ef5dc1","description":"Generated description for concept referred to by key \"DecisionMakerPolicyModel_Albums:0.0.1\""}},{"key":{"name":"DecisionMakerPolicyModel_Events","version":"0.0.1"},"value":{"key":{"name":"DecisionMakerPolicyModel_Events","version":"0.0.1"},"UUID":"b4248202-ff8e-3d45-8b3d-0ed0fd2eaed4","description":"Generated description for concept referred to by key \"DecisionMakerPolicyModel_Events:0.0.1\""}},{"key":{"name":"DecisionMakerPolicyModel_KeyInfo","version":"0.0.1"},"value":{"key":{"name":"DecisionMakerPolicyModel_KeyInfo","version":"0.0.1"},"UUID":"693b1b29-c4c6-34ba-98e1-bc1a7576f0f8","description":"Generated description for concept referred to by key \"DecisionMakerPolicyModel_KeyInfo:0.0.1\""}},{"key":{"name":"DecisionMakerPolicyModel_Policies","version":"0.0.1"},"value":{"key":{"name":"DecisionMakerPolicyModel_Policies","version":"0.0.1"},"UUID":"2dee1e42-9caa-32b1-9298-784dcdcb9cae","description":"Generated description for concept referred to by key \"DecisionMakerPolicyModel_Policies:0.0.1\""}},{"key":{"name":"DecisionMakerPolicyModel_Schemas","version":"0.0.1"},"value":{"key":{"name":"DecisionMakerPolicyModel_Schemas","version":"0.0.1"},"UUID":"c256f102-2681-3f35-bbbd-1f4948587e15","description":"Generated description for concept referred to by key \"DecisionMakerPolicyModel_Schemas:0.0.1\""}},{"key":{"name":"DecisionMakerPolicyModel_Tasks","version":"0.0.1"},"value":{"key":{"name":"DecisionMakerPolicyModel_Tasks","version":"0.0.1"},"UUID":"660cbdba-687d-3a05-ba26-69daf93a8158","description":"Generated description for concept referred to by key \"DecisionMakerPolicyModel_Tasks:0.0.1\""}},{"key":{"name":"DitheringAnswerTask","version":"0.0.1"},"value":{"key":{"name":"DitheringAnswerTask","version":"0.0.1"},"UUID":"da31cee8-2e84-39d2-9337-9ee3bf347c98","description":"Generated description for concept referred to by key \"DitheringAnswerTask:0.0.1\""}},{"key":{"name":"LastAnswerAlbum","version":"0.0.1"},"value":{"key":{"name":"LastAnswerAlbum","version":"0.0.1"},"UUID":"21399145-3fbe-39a5-b863-8a59a8add4a8","description":"Generated description for concept referred to by key \"LastAnswerAlbum:0.0.1\""}},{"key":{"name":"MakeDecisionEvent","version":"0.0.1"},"value":{"key":{"name":"MakeDecisionEvent","version":"0.0.1"},"UUID":"02ec632a-aeae-31fe-8f6d-656e1875749f","description":"Generated description for concept referred to by key \"MakeDecisionEvent:0.0.1\""}},{"key":{"name":"OptimisticAnswerTask","version":"0.0.1"},"value":{"key":{"name":"OptimisticAnswerTask","version":"0.0.1"},"UUID":"818e6b9e-0109-31f5-a95c-17f6fb016027","description":"Generated description for concept referred to by key \"OptimisticAnswerTask:0.0.1\""}},{"key":{"name":"PessimisticAnswerTask","version":"0.0.1"},"value":{"key":{"name":"PessimisticAnswerTask","version":"0.0.1"},"UUID":"8f4a707e-0d8b-3e09-b921-332f6f81f302","description":"Generated description for concept referred to by key \"PessimisticAnswerTask:0.0.1\""}},{"key":{"name":"RandomAnswerTask","version":"0.0.1"},"value":{"key":{"name":"RandomAnswerTask","version":"0.0.1"},"UUID":"bfb0af88-b454-3b08-911f-7ff2475350bf","description":"Generated description for concept referred to by key \"RandomAnswerTask:0.0.1\""}},{"key":{"name":"RoundRobinAnswerTask","version":"0.0.1"},"value":{"key":{"name":"RoundRobinAnswerTask","version":"0.0.1"},"UUID":"eac6fb59-8aca-3011-b7ba-69875f1db4b6","description":"Generated description for concept referred to by key \"RoundRobinAnswerTask:0.0.1\""}},{"key":{"name":"SimpleIntegerType","version":"0.0.1"},"value":{"key":{"name":"SimpleIntegerType","version":"0.0.1"},"UUID":"ab00a5b8-7edd-340f-8140-4d14f571edfb","description":"Generated description for concept referred to by key \"SimpleIntegerType:0.0.1\""}},{"key":{"name":"SimpleStringType","version":"0.0.1"},"value":{"key":{"name":"SimpleStringType","version":"0.0.1"},"UUID":"8a4957cf-9493-3a76-8c22-a208e23259af","description":"Generated description for concept referred to by key \"SimpleStringType:0.0.1\""}}]}},"policies":{"key":{"name":"DecisionMakerPolicyModel_Policies","version":"0.0.1"},"policyMap":{"entry":[{"key":{"name":"AnswerInitPolicy","version":"0.0.1"},"value":{"policyKey":{"name":"AnswerInitPolicy","version":"0.0.1"},"template":"freestyle","state":{"entry":[{"key":"AnswerInitState","value":{"stateKey":{"parentKeyName":"AnswerInitPolicy","parentKeyVersion":"0.0.1","parentLocalName":"NULL","localName":"AnswerInitState"},"trigger":{"name":"AnswerEvent","version":"0.0.1"},"stateOutputs":{"entry":[{"key":"AnswerInitOutput","value":{"key":{"parentKeyName":"AnswerInitPolicy","parentKeyVersion":"0.0.1","parentLocalName":"AnswerInitState","localName":"AnswerInitOutput"},"outgoingEvent":{"name":"AnswerEvent","version":"0.0.1"},"outgoingEventReference":[{"name":"AnswerEvent","version":"0.0.1"}],"nextState":{"parentKeyName":"NULL","parentKeyVersion":"0.0.0","parentLocalName":"NULL","localName":"NULL"}}}]},"contextAlbumReference":[],"taskSelectionLogic":{"key":"NULL","logicFlavour":"UNDEFINED","logic":""},"stateFinalizerLogicMap":{"entry":[]},"defaultTask":{"name":"AnswerInitTask","version":"0.0.1"},"taskReferences":{"entry":[{"key":{"name":"AnswerInitTask","version":"0.0.1"},"value":{"key":{"parentKeyName":"AnswerInitPolicy","parentKeyVersion":"0.0.1","parentLocalName":"AnswerInitState","localName":"AnswerInitPolicy"},"outputType":"DIRECT","output":{"parentKeyName":"AnswerInitPolicy","parentKeyVersion":"0.0.1","parentLocalName":"AnswerInitState","localName":"AnswerInitOutput"}}}]}}}]},"firstState":"AnswerInitState"}},{"key":{"name":"DecisionMakerPolicy","version":"0.0.1"},"value":{"policyKey":{"name":"DecisionMakerPolicy","version":"0.0.1"},"template":"freestyle","state":{"entry":[{"key":"MakeDecisionState","value":{"stateKey":{"parentKeyName":"DecisionMakerPolicy","parentKeyVersion":"0.0.1","parentLocalName":"NULL","localName":"MakeDecisionState"},"trigger":{"name":"MakeDecisionEvent","version":"0.0.1"},"stateOutputs":{"entry":[{"key":"DecisionFinalOutput","value":{"key":{"parentKeyName":"DecisionMakerPolicy","parentKeyVersion":"0.0.1","parentLocalName":"MakeDecisionState","localName":"DecisionFinalOutput"},"outgoingEvent":{"name":"DecisionEvent","version":"0.0.1"},"outgoingEventReference":[{"name":"DecisionEvent","version":"0.0.1"}],"nextState":{"parentKeyName":"NULL","parentKeyVersion":"0.0.0","parentLocalName":"NULL","localName":"NULL"}}}]},"contextAlbumReference":[],"taskSelectionLogic":{"key":"TaskSelectionLogic","logicFlavour":"JAVASCRIPT","logic":"/*\n * \u003d\u003d\u003d\u003d\u003d\u003d\u003d\u003d\u003d\u003d\u003d\u003dLICENSE_START\u003d\u003d\u003d\u003d\u003d\u003d\u003d\u003d\u003d\u003d\u003d\u003d\u003d\u003d\u003d\u003d\u003d\u003d\u003d\u003d\u003d\u003d\u003d\u003d\u003d\u003d\u003d\u003d\u003d\u003d\u003d\u003d\u003d\u003d\u003d\u003d\u003d\u003d\u003d\u003d\u003d\u003d\u003d\u003d\u003d\u003d\u003d\u003d\u003d\u003d\u003d\u003d\u003d\u003d\u003d\n *  Copyright (C) 2016-2018 Ericsson. All rights reserved.\n *  Modifications Copyright (C) 2020 Nordix Foundation.\n * \u003d\u003d\u003d\u003d\u003d\u003d\u003d\u003d\u003d\u003d\u003d\u003d\u003d\u003d\u003d\u003d\u003d\u003d\u003d\u003d\u003d\u003d\u003d\u003d\u003d\u003d\u003d\u003d\u003d\u003d\u003d\u003d\u003d\u003d\u003d\u003d\u003d\u003d\u003d\u003d\u003d\u003d\u003d\u003d\u003d\u003d\u003d\u003d\u003d\u003d\u003d\u003d\u003d\u003d\u003d\u003d\u003d\u003d\u003d\u003d\u003d\u003d\u003d\u003d\u003d\u003d\u003d\u003d\u003d\u003d\u003d\u003d\u003d\u003d\u003d\u003d\u003d\u003d\u003d\u003d\n * Licensed under the Apache License, Version 2.0 (the \"License\");\n * you may not use this file except in compliance with the License.\n * You may obtain a copy of the License at\n *\n *      http://www.apache.org/licenses/LICENSE-2.0\n *\n * Unless required by applicable law or agreed to in writing, software\n * distributed under the License is distributed on an \"AS IS\" BASIS,\n * WITHOUT WARRANTIES OR CONDITIONS OF ANY KIND, either express or implied.\n * See the License for the specific language governing permissions and\n * limitations under the License.\n *\n * SPDX-License-Identifier: Apache-2.0\n * \u003d\u003d\u003d\u003d\u003d\u003d\u003d\u003d\u003d\u003d\u003d\u003dLICENSE_END\u003d\u003d\u003d\u003d\u003d\u003d\u003d\u003d\u003d\u003d\u003d\u003d\u003d\u003d\u003d\u003d\u003d\u003d\u003d\u003d\u003d\u003d\u003d\u003d\u003d\u003d\u003d\u003d\u003d\u003d\u003d\u003d\u003d\u003d\u003d\u003d\u003d\u003d\u003d\u003d\u003d\u003d\u003d\u003d\u003d\u003d\u003d\u003d\u003d\u003d\u003d\u003d\u003d\u003d\u003d\u003d\u003d\n */\n\nexecutor.logger.info(executor.subject.id);\nexecutor.logger.info(executor.inFields);\n\nif (executor.inFields.get(\"mode\").equals(\"random\")) {\n    executor.subject.getTaskKey(\"RandomAnswerTask\").copyTo(executor.selectedTask);\n}\nelse if (executor.inFields.get(\"mode\").equals(\"pessimistic\")) {\n    executor.subject.getTaskKey(\"PessimisticAnswerTask\").copyTo(executor.selectedTask);\n}\nelse if (executor.inFields.get(\"mode\").equals(\"optimistic\")) {\n    executor.subject.getTaskKey(\"OptimisticAnswerTask\").copyTo(executor.selectedTask);\n}\nelse if (executor.inFields.get(\"mode\").equals(\"dithering\")) {\n    executor.subject.getTaskKey(\"DitheringAnswerTask\").copyTo(executor.selectedTask);\n}\nelse if (executor.inFields.get(\"mode\").equals(\"roundrobin\")) {\n    executor.subject.getTaskKey(\"RoundRobinAnswerTask\").copyTo(executor.selectedTask);\n}\n\nexecutor.logger.info(\"Answer Selected Task:\" + executor.selectedTask);\n\ntrue;"},"stateFinalizerLogicMap":{"entry":[]},"defaultTask":{"name":"RandomAnswerTask","version":"0.0.1"},"taskReferences":{"entry":[{"key":{"name":"DitheringAnswerTask","version":"0.0.1"},"value":{"key":{"parentKeyName":"DecisionMakerPolicy","parentKeyVersion":"0.0.1","parentLocalName":"MakeDecisionState","localName":"DecisionMakerPolicy"},"outputType":"DIRECT","output":{"parentKeyName":"DecisionMakerPolicy","parentKeyVersion":"0.0.1","parentLocalName":"MakeDecisionState","localName":"DecisionFinalOutput"}}},{"key":{"name":"OptimisticAnswerTask","version":"0.0.1"},"value":{"key":{"parentKeyName":"DecisionMakerPolicy","parentKeyVersion":"0.0.1","parentLocalName":"MakeDecisionState","localName":"DecisionMakerPolicy"},"outputType":"DIRECT","output":{"parentKeyName":"DecisionMakerPolicy","parentKeyVersion":"0.0.1","parentLocalName":"MakeDecisionState","localName":"DecisionFinalOutput"}}},{"key":{"name":"PessimisticAnswerTask","version":"0.0.1"},"value":{"key":{"parentKeyName":"DecisionMakerPolicy","parentKeyVersion":"0.0.1","parentLocalName":"MakeDecisionState","localName":"DecisionMakerPolicy"},"outputType":"DIRECT","output":{"parentKeyName":"DecisionMakerPolicy","parentKeyVersion":"0.0.1","parentLocalName":"MakeDecisionState","localName":"DecisionFinalOutput"}}},{"key":{"name":"RandomAnswerTask","version":"0.0.1"},"value":{"key":{"parentKeyName":"DecisionMakerPolicy","parentKeyVersion":"0.0.1","parentLocalName":"MakeDecisionState","localName":"DecisionMakerPolicy"},"outputType":"DIRECT","output":{"parentKeyName":"DecisionMakerPolicy","parentKeyVersion":"0.0.1","parentLocalName":"MakeDecisionState","localName":"DecisionFinalOutput"}}},{"key":{"name":"RoundRobinAnswerTask","version":"0.0.1"},"value":{"key":{"parentKeyName":"DecisionMakerPolicy","parentKeyVersion":"0.0.1","parentLocalName":"MakeDecisionState","localName":"DecisionMakerPolicy"},"outputType":"DIRECT","output":{"parentKeyName":"DecisionMakerPolicy","parentKeyVersion":"0.0.1","parentLocalName":"MakeDecisionState","localName":"DecisionFinalOutput"}}}]}}}]},"firstState":"MakeDecisionState"}}]}},"tasks":{"key":{"name":"DecisionMakerPolicyModel_Tasks","version":"0.0.1"},"taskMap":{"entry":[{"key":{"name":"AnswerInitTask","version":"0.0.1"},"value":{"key":{"name":"AnswerInitTask","version":"0.0.1"},"inputEvent":{"key":{"name":"AnswerEvent","version":"0.0.1"},"nameSpace":"org.onap.policy.apex.domains.decisionmaker","source":"DCAE","target":"apex","parameter":{"entry":[{"key":"a0","value":{"key":"a0","fieldSchemaKey":{"name":"SimpleStringType","version":"0.0.1"},"optional":false}},{"key":"a1","value":{"key":"a1","fieldSchemaKey":{"name":"SimpleStringType","version":"0.0.1"},"optional":false}},{"key":"a2","value":{"key":"a2","fieldSchemaKey":{"name":"SimpleStringType","version":"0.0.1"},"optional":false}},{"key":"a3","value":{"key":"a3","fieldSchemaKey":{"name":"SimpleStringType","version":"0.0.1"},"optional":false}},{"key":"a4","value":{"key":"a4","fieldSchemaKey":{"name":"SimpleStringType","version":"0.0.1"},"optional":false}},{"key":"a5","value":{"key":"a5","fieldSchemaKey":{"name":"SimpleStringType","version":"0.0.1"},"optional":false}},{"key":"a6","value":{"key":"a6","fieldSchemaKey":{"name":"SimpleStringType","version":"0.0.1"},"optional":false}}]},"toscaPolicyState":""},"outputEvents":{"entry":[{"key":"AnswerEvent","value":{"key":{"name":"AnswerEvent","version":"0.0.1"},"nameSpace":"org.onap.policy.apex.domains.decisionmaker","source":"DCAE","target":"apex","parameter":{"entry":[{"key":"a0","value":{"key":"a0","fieldSchemaKey":{"name":"SimpleStringType","version":"0.0.1"},"optional":false}},{"key":"a1","value":{"key":"a1","fieldSchemaKey":{"name":"SimpleStringType","version":"0.0.1"},"optional":false}},{"key":"a2","value":{"key":"a2","fieldSchemaKey":{"name":"SimpleStringType","version":"0.0.1"},"optional":false}},{"key":"a3","value":{"key":"a3","fieldSchemaKey":{"name":
[...]
</kw>
<kw name="Should Be Equal As Strings" library="BuiltIn">
<arg>${responseEntry['policy']['name']}</arg>
<arg>${policyName}</arg>
<doc>Fails if objects are unequal after converting them to strings.</doc>
<status status="PASS" starttime="20220902 13:41:17.552" endtime="20220902 13:41:17.552"/>
</kw>
<kw name="Should Be Equal As Strings" library="BuiltIn">
<arg>${responseEntry['policy']['version']}</arg>
<arg>1.0.0</arg>
<doc>Fails if objects are unequal after converting them to strings.</doc>
<status status="PASS" starttime="20220902 13:41:17.552" endtime="20220902 13:41:17.552"/>
</kw>
<kw name="Should Be Equal As Strings" library="BuiltIn">
<arg>${responseEntry['action']}</arg>
<arg>${expectedAction}</arg>
<doc>Fails if objects are unequal after converting them to strings.</doc>
<status status="PASS" starttime="20220902 13:41:17.552" endtime="20220902 13:41:17.552"/>
</kw>
<kw name="Should Be Equal As Strings" library="BuiltIn">
<arg>${responseEntry['user']}</arg>
<arg>policyadmin</arg>
<doc>Fails if objects are unequal after converting them to strings.</doc>
<status status="PASS" starttime="20220902 13:41:17.553" endtime="20220902 13:41:17.553"/>
</kw>
<status status="PASS" starttime="20220902 13:41:17.463" endtime="20220902 13:41:17.553"/>
</kw>
<doc>Verify policy audit record after undeploy</doc>
<status status="PASS" starttime="20220902 13:41:17.463" endtime="20220902 13:41:17.553"/>
</test>
<test id="s1-t21" name="DeactivatePdpGroup" line="116">
<kw name="PolicyAdminAuth" library="common-library">
<var>${auth}</var>
<kw name="Create List" library="BuiltIn">
<var>${policyadmin}</var>
<arg>policyadmin</arg>
<arg>zb!XztG34</arg>
<doc>Returns a list containing given items.</doc>
<msg timestamp="20220902 13:41:17.553" level="INFO">${policyadmin} = ['policyadmin', 'zb!XztG34']</msg>
<status status="PASS" starttime="20220902 13:41:17.553" endtime="20220902 13:41:17.553"/>
</kw>
<msg timestamp="20220902 13:41:17.553" level="INFO">${auth} = ['policyadmin', 'zb!XztG34']</msg>
<status status="PASS" starttime="20220902 13:41:17.553" endtime="20220902 13:41:17.553"/>
</kw>
<kw name="PerformPutRequest" library="common-library">
<arg>${POLICY_PAP_IP}</arg>
<arg>/policy/pap/v1/pdps/groups/testGroup</arg>
<arg>200</arg>
<arg>state=PASSIVE</arg>
<arg>${auth}</arg>
<kw name="Log" library="BuiltIn">
<arg>Creating session http://${hostname}:6969</arg>
<doc>Logs the given message with the given level.</doc>
<msg timestamp="20220902 13:41:17.554" level="INFO">Creating session http://172.27.0.6:6969</msg>
<status status="PASS" starttime="20220902 13:41:17.554" endtime="20220902 13:41:17.554"/>
</kw>
<kw name="Create Session" library="RequestsLibrary">
<var>${session}</var>
<arg>policy</arg>
<arg>http://${hostname}:6969</arg>
<arg>auth=${auth}</arg>
<doc>Create Session: create a HTTP session to a server</doc>
<msg timestamp="20220902 13:41:17.554" level="INFO">Creating Session using : alias=policy, url=http://172.27.0.6:6969, headers={},                     cookies={}, auth=&lt;requests.auth.HTTPBasicAuth object at 0x1023efca0&gt;, timeout=None, proxies=None, verify=False,                     debug=0 </msg>
<msg timestamp="20220902 13:41:17.554" level="INFO">${session} = &lt;requests.sessions.Session object at 0x1023efe80&gt;</msg>
<status status="PASS" starttime="20220902 13:41:17.554" endtime="20220902 13:41:17.554"/>
</kw>
<kw name="Create Dictionary" library="BuiltIn">
<var>${headers}</var>
<arg>Accept=application/json</arg>
<arg>Content-Type=application/json</arg>
<doc>Creates and returns a dictionary based on the given ``items``.</doc>
<msg timestamp="20220902 13:41:17.554" level="INFO">${headers} = {'Accept': 'application/json', 'Content-Type': 'application/json'}</msg>
<status status="PASS" starttime="20220902 13:41:17.554" endtime="20220902 13:41:17.554"/>
</kw>
<kw name="PUT On Session" library="RequestsLibrary">
<var>${resp}</var>
<arg>policy</arg>
<arg>${url}</arg>
<arg>params=${params}</arg>
<arg>headers=${headers}</arg>
<arg>expected_status=${expectedstatus}</arg>
<doc>Sends a PUT request on a previously created HTTP Session.</doc>
<msg timestamp="20220902 13:41:17.644" level="INFO">PUT Request : url=http://172.27.0.6:6969/policy/pap/v1/pdps/groups/testGroup?state=PASSIVE 
 path_url=/policy/pap/v1/pdps/groups/testGroup?state=PASSIVE 
 headers={'User-Agent': 'python-requests/2.28.1', 'Accept-Encoding': 'gzip, deflate', 'Accept': 'application/json', 'Connection': 'keep-alive', 'Content-Type': 'application/json', 'Content-Length': '0', 'Authorization': 'Basic cG9saWN5YWRtaW46emIhWHp0RzM0'} 
 body=None 
 </msg>
<msg timestamp="20220902 13:41:17.644" level="INFO">PUT Response : url=http://172.27.0.6:6969/policy/pap/v1/pdps/groups/testGroup?state=PASSIVE 
 status=200, reason= 
 headers={'Set-Cookie': 'JSESSIONID=E8BB18D530A9A2A49C7EF118423EC423; Path=/; HttpOnly', 'X-MinorVersion': '0', 'X-PatchVersion': '0', 'X-LatestVersion': '1.0.0', 'X-ONAP-RequestID': 'd317b4c2-d720-4cd8-8d6f-62b7ebb587d4', 'X-Content-Type-Options': 'nosniff', 'X-XSS-Protection': '1; mode=block', 'Cache-Control': 'no-cache, no-store, max-age=0, must-revalidate', 'Pragma': 'no-cache', 'Expires': '0', 'X-Frame-Options': 'DENY', 'Content-Type': 'application/json;charset=UTF-8', 'Transfer-Encoding': 'chunked', 'Date': 'Fri, 02 Sep 2022 12:41:17 GMT', 'Keep-Alive': 'timeout=60', 'Connection': 'keep-alive'} 
 body={} 
 </msg>
<msg timestamp="20220902 13:41:17.644" level="INFO">${resp} = &lt;Response [200]&gt;</msg>
<status status="PASS" starttime="20220902 13:41:17.554" endtime="20220902 13:41:17.644"/>
</kw>
<kw name="Log" library="BuiltIn">
<arg>Received response from policy ${resp.text}</arg>
<doc>Logs the given message with the given level.</doc>
<msg timestamp="20220902 13:41:17.646" level="INFO">Received response from policy {}</msg>
<status status="PASS" starttime="20220902 13:41:17.645" endtime="20220902 13:41:17.646"/>
</kw>
<status status="PASS" starttime="20220902 13:41:17.554" endtime="20220902 13:41:17.646"/>
</kw>
<doc>Change the state of PdpGroup named 'testGroup' to PASSIVE</doc>
<status status="PASS" starttime="20220902 13:41:17.553" endtime="20220902 13:41:17.646"/>
</test>
<test id="s1-t22" name="DeletePdpGroups" line="121">
<kw name="PolicyAdminAuth" library="common-library">
<var>${auth}</var>
<kw name="Create List" library="BuiltIn">
<var>${policyadmin}</var>
<arg>policyadmin</arg>
<arg>zb!XztG34</arg>
<doc>Returns a list containing given items.</doc>
<msg timestamp="20220902 13:41:17.648" level="INFO">${policyadmin} = ['policyadmin', 'zb!XztG34']</msg>
<status status="PASS" starttime="20220902 13:41:17.648" endtime="20220902 13:41:17.648"/>
</kw>
<msg timestamp="20220902 13:41:17.648" level="INFO">${auth} = ['policyadmin', 'zb!XztG34']</msg>
<status status="PASS" starttime="20220902 13:41:17.647" endtime="20220902 13:41:17.648"/>
</kw>
<kw name="PerformDeleteRequest" library="common-library">
<arg>${POLICY_PAP_IP}</arg>
<arg>/policy/pap/v1/pdps/groups/testGroup</arg>
<arg>200</arg>
<arg>${auth}</arg>
<kw name="Log" library="BuiltIn">
<arg>Creating session http://${hostname}:6969</arg>
<doc>Logs the given message with the given level.</doc>
<msg timestamp="20220902 13:41:17.649" level="INFO">Creating session http://172.27.0.6:6969</msg>
<status status="PASS" starttime="20220902 13:41:17.649" endtime="20220902 13:41:17.649"/>
</kw>
<kw name="Create Session" library="RequestsLibrary">
<var>${session}</var>
<arg>policy</arg>
<arg>http://${hostname}:6969</arg>
<arg>auth=${auth}</arg>
<doc>Create Session: create a HTTP session to a server</doc>
<msg timestamp="20220902 13:41:17.649" level="INFO">Creating Session using : alias=policy, url=http://172.27.0.6:6969, headers={},                     cookies={}, auth=&lt;requests.auth.HTTPBasicAuth object at 0x102398a00&gt;, timeout=None, proxies=None, verify=False,                     debug=0 </msg>
<msg timestamp="20220902 13:41:17.649" level="INFO">${session} = &lt;requests.sessions.Session object at 0x10239bf70&gt;</msg>
<status status="PASS" starttime="20220902 13:41:17.649" endtime="20220902 13:41:17.649"/>
</kw>
<kw name="Create Dictionary" library="BuiltIn">
<var>${headers}</var>
<arg>Accept=application/json</arg>
<arg>Content-Type=application/json</arg>
<doc>Creates and returns a dictionary based on the given ``items``.</doc>
<msg timestamp="20220902 13:41:17.650" level="INFO">${headers} = {'Accept': 'application/json', 'Content-Type': 'application/json'}</msg>
<status status="PASS" starttime="20220902 13:41:17.649" endtime="20220902 13:41:17.650"/>
</kw>
<kw name="DELETE On Session" library="RequestsLibrary">
<var>${resp}</var>
<arg>policy</arg>
<arg>${url}</arg>
<arg>headers=${headers}</arg>
<arg>expected_status=${expectedstatus}</arg>
<doc>Sends a DELETE request on a previously created HTTP Session.</doc>
<msg timestamp="20220902 13:41:17.750" level="INFO">DELETE Request : url=http://172.27.0.6:6969/policy/pap/v1/pdps/groups/testGroup 
 path_url=/policy/pap/v1/pdps/groups/testGroup 
 headers={'User-Agent': 'python-requests/2.28.1', 'Accept-Encoding': 'gzip, deflate', 'Accept': 'application/json', 'Connection': 'keep-alive', 'Content-Type': 'application/json', 'Content-Length': '0', 'Authorization': 'Basic cG9saWN5YWRtaW46emIhWHp0RzM0'} 
 body=None 
 </msg>
<msg timestamp="20220902 13:41:17.750" level="INFO">DELETE Response : url=http://172.27.0.6:6969/policy/pap/v1/pdps/groups/testGroup 
 status=200, reason= 
 headers={'Set-Cookie': 'JSESSIONID=D4C0EF9E97557B2FF09FDA9A855CB049; Path=/; HttpOnly', 'X-MinorVersion': '0', 'X-PatchVersion': '0', 'X-LatestVersion': '1.0.0', 'X-ONAP-RequestID': '1f849203-6090-4dec-9b2c-b2388e64080c', 'X-Content-Type-Options': 'nosniff', 'X-XSS-Protection': '1; mode=block', 'Cache-Control': 'no-cache, no-store, max-age=0, must-revalidate', 'Pragma': 'no-cache', 'Expires': '0', 'X-Frame-Options': 'DENY', 'Content-Type': 'application/json;charset=UTF-8', 'Transfer-Encoding': 'chunked', 'Date': 'Fri, 02 Sep 2022 12:41:17 GMT', 'Keep-Alive': 'timeout=60', 'Connection': 'keep-alive'} 
 body={} 
 </msg>
<msg timestamp="20220902 13:41:17.750" level="INFO">${resp} = &lt;Response [200]&gt;</msg>
<status status="PASS" starttime="20220902 13:41:17.650" endtime="20220902 13:41:17.750"/>
</kw>
<kw name="Log" library="BuiltIn">
<arg>Received response from policy ${resp.text}</arg>
<doc>Logs the given message with the given level.</doc>
<msg timestamp="20220902 13:41:17.752" level="INFO">Received response from policy {}</msg>
<status status="PASS" starttime="20220902 13:41:17.751" endtime="20220902 13:41:17.752"/>
</kw>
<status status="PASS" starttime="20220902 13:41:17.648" endtime="20220902 13:41:17.752"/>
</kw>
<doc>Delete the PdpGroup named 'testGroup' from policy database</doc>
<status status="PASS" starttime="20220902 13:41:17.646" endtime="20220902 13:41:17.752"/>
</test>
<test id="s1-t23" name="QueryPdpGroupsAfterDelete" line="126">
<kw name="QueryPdpGroups" library="common-library">
<arg>1</arg>
<arg>defaultGroup</arg>
<arg>ACTIVE</arg>
<arg>0</arg>
<arg>null</arg>
<arg>null</arg>
<arg>null</arg>
<doc>Verify pdp group query - supports upto 2 groups</doc>
<kw name="PolicyAdminAuth" library="common-library">
<var>${policyadmin}</var>
<kw name="Create List" library="BuiltIn">
<var>${policyadmin}</var>
<arg>policyadmin</arg>
<arg>zb!XztG34</arg>
<doc>Returns a list containing given items.</doc>
<msg timestamp="20220902 13:41:17.754" level="INFO">${policyadmin} = ['policyadmin', 'zb!XztG34']</msg>
<status status="PASS" starttime="20220902 13:41:17.754" endtime="20220902 13:41:17.754"/>
</kw>
<msg timestamp="20220902 13:41:17.754" level="INFO">${policyadmin} = ['policyadmin', 'zb!XztG34']</msg>
<status status="PASS" starttime="20220902 13:41:17.753" endtime="20220902 13:41:17.754"/>
</kw>
<kw name="PerformGetRequest" library="common-library">
<var>${resp}</var>
<arg>${POLICY_PAP_IP}</arg>
<arg>/policy/pap/v1/pdps</arg>
<arg>200</arg>
<arg>null</arg>
<arg>${policyadmin}</arg>
<kw name="Log" library="BuiltIn">
<arg>Creating session http://${hostname}:6969</arg>
<doc>Logs the given message with the given level.</doc>
<msg timestamp="20220902 13:41:17.754" level="INFO">Creating session http://172.27.0.6:6969</msg>
<status status="PASS" starttime="20220902 13:41:17.754" endtime="20220902 13:41:17.754"/>
</kw>
<kw name="Create Session" library="RequestsLibrary">
<var>${session}</var>
<arg>policy</arg>
<arg>http://${hostname}:6969</arg>
<arg>auth=${auth}</arg>
<doc>Create Session: create a HTTP session to a server</doc>
<msg timestamp="20220902 13:41:17.754" level="INFO">Creating Session using : alias=policy, url=http://172.27.0.6:6969, headers={},                     cookies={}, auth=&lt;requests.auth.HTTPBasicAuth object at 0x104b15ba0&gt;, timeout=None, proxies=None, verify=False,                     debug=0 </msg>
<msg timestamp="20220902 13:41:17.755" level="INFO">${session} = &lt;requests.sessions.Session object at 0x104b15d80&gt;</msg>
<status status="PASS" starttime="20220902 13:41:17.754" endtime="20220902 13:41:17.755"/>
</kw>
<kw name="Create Dictionary" library="BuiltIn">
<var>${headers}</var>
<arg>Accept=application/json</arg>
<arg>Content-Type=application/json</arg>
<doc>Creates and returns a dictionary based on the given ``items``.</doc>
<msg timestamp="20220902 13:41:17.755" level="INFO">${headers} = {'Accept': 'application/json', 'Content-Type': 'application/json'}</msg>
<status status="PASS" starttime="20220902 13:41:17.755" endtime="20220902 13:41:17.755"/>
</kw>
<kw name="GET On Session" library="RequestsLibrary">
<var>${resp}</var>
<arg>policy</arg>
<arg>${url}</arg>
<arg>params=${params}</arg>
<arg>headers=${headers}</arg>
<arg>expected_status=${expectedstatus}</arg>
<doc>Sends a GET request on a previously created HTTP Session.</doc>
<msg timestamp="20220902 13:41:17.840" level="INFO">GET Request : url=http://172.27.0.6:6969/policy/pap/v1/pdps?null 
 path_url=/policy/pap/v1/pdps?null 
 headers={'User-Agent': 'python-requests/2.28.1', 'Accept-Encoding': 'gzip, deflate', 'Accept': 'application/json', 'Connection': 'keep-alive', 'Content-Type': 'application/json', 'Authorization': 'Basic cG9saWN5YWRtaW46emIhWHp0RzM0'} 
 body=None 
 </msg>
<msg timestamp="20220902 13:41:17.840" level="INFO">GET Response : url=http://172.27.0.6:6969/policy/pap/v1/pdps?null 
 status=200, reason= 
 headers={'Set-Cookie': 'JSESSIONID=E74A65336969B81648255752A58C4727; Path=/; HttpOnly', 'X-MinorVersion': '0', 'X-PatchVersion': '0', 'X-LatestVersion': '1.0.0', 'X-ONAP-RequestID': '286f1205-2909-43b9-9573-d05fa0cf39d3', 'X-Content-Type-Options': 'nosniff', 'X-XSS-Protection': '1; mode=block', 'Cache-Control': 'no-cache, no-store, max-age=0, must-revalidate', 'Pragma': 'no-cache', 'Expires': '0', 'X-Frame-Options': 'DENY', 'Content-Type': 'application/json;charset=UTF-8', 'Transfer-Encoding': 'chunked', 'Date': 'Fri, 02 Sep 2022 12:41:17 GMT', 'Keep-Alive': 'timeout=60', 'Connection': 'keep-alive'} 
 body={"groups":[{"name":"defaultGroup","description":"The default group that registers all supported policy types and pdps.","pdpGroupState":"ACTIVE","properties":{},"pdpSubgroups":[{"pdpType":"apex","supportedPolicyTypes":[{"name":"onap.policies.controlloop.operational.common.Apex","version":"1.0.0"},{"name":"onap.policies.native.Apex","version":"1.0.0"}],"policies":[],"currentInstanceCount":1,"desiredInstanceCount":1,"properties":{},"pdpInstances":[{"instanceId":"apex-acf02b1b-1cb0-414d-98e5-93366f1d0a9c","pdpState":"ACTIVE","healthy":"HEALTHY","message":"Pdp status response message for PdpUpdate","lastUpdate":"2022-09-02T12:41:01Z"}]}]}]} 
 </msg>
<msg timestamp="20220902 13:41:17.840" level="INFO">${resp} = &lt;Response [200]&gt;</msg>
<status status="PASS" starttime="20220902 13:41:17.755" endtime="20220902 13:41:17.840"/>
</kw>
<kw name="Log" library="BuiltIn">
<arg>Received response from policy ${resp.text}</arg>
<doc>Logs the given message with the given level.</doc>
<msg timestamp="20220902 13:41:17.842" level="INFO">Received response from policy {"groups":[{"name":"defaultGroup","description":"The default group that registers all supported policy types and pdps.","pdpGroupState":"ACTIVE","properties":{},"pdpSubgroups":[{"pdpType":"apex","supportedPolicyTypes":[{"name":"onap.policies.controlloop.operational.common.Apex","version":"1.0.0"},{"name":"onap.policies.native.Apex","version":"1.0.0"}],"policies":[],"currentInstanceCount":1,"desiredInstanceCount":1,"properties":{},"pdpInstances":[{"instanceId":"apex-acf02b1b-1cb0-414d-98e5-93366f1d0a9c","pdpState":"ACTIVE","healthy":"HEALTHY","message":"Pdp status response message for PdpUpdate","lastUpdate":"2022-09-02T12:41:01Z"}]}]}]}</msg>
<status status="PASS" starttime="20220902 13:41:17.841" endtime="20220902 13:41:17.842"/>
</kw>
<msg timestamp="20220902 13:41:17.842" level="INFO">${resp} = &lt;Response [200]&gt;</msg>
<status status="PASS" starttime="20220902 13:41:17.754" endtime="20220902 13:41:17.842"/>
</kw>
<kw name="Length Should Be" library="BuiltIn">
<arg>${resp.json()['groups']}</arg>
<arg>${groupsLength}</arg>
<doc>Verifies that the length of the given item is correct.</doc>
<msg timestamp="20220902 13:41:17.843" level="INFO">Length is 1</msg>
<status status="PASS" starttime="20220902 13:41:17.842" endtime="20220902 13:41:17.843"/>
</kw>
<kw name="Should Be Equal As Strings" library="BuiltIn">
<arg>${resp.json()['groups'][0]['name']}</arg>
<arg>${group1Name}</arg>
<doc>Fails if objects are unequal after converting them to strings.</doc>
<status status="PASS" starttime="20220902 13:41:17.844" endtime="20220902 13:41:17.845"/>
</kw>
<kw name="Should Be Equal As Strings" library="BuiltIn">
<arg>${resp.json()['groups'][0]['pdpGroupState']}</arg>
<arg>${group1State}</arg>
<doc>Fails if objects are unequal after converting them to strings.</doc>
<status status="PASS" starttime="20220902 13:41:17.845" endtime="20220902 13:41:17.845"/>
</kw>
<kw name="Length Should Be" library="BuiltIn">
<arg>${resp.json()['groups'][0]['pdpSubgroups'][0]['policies']}</arg>
<arg>${policiesLengthInGroup1}</arg>
<doc>Verifies that the length of the given item is correct.</doc>
<msg timestamp="20220902 13:41:17.845" level="INFO">Length is 0</msg>
<status status="PASS" starttime="20220902 13:41:17.845" endtime="20220902 13:41:17.845"/>
</kw>
<kw name="Run Keyword If" library="BuiltIn">
<arg>${groupsLength}&gt;1</arg>
<arg>Should Be Equal As Strings</arg>
<arg>${resp.json()['groups'][1]['name']}</arg>
<arg>${group2Name}</arg>
<doc>Runs the given keyword with the given arguments, if ``condition`` is true.</doc>
<status status="PASS" starttime="20220902 13:41:17.845" endtime="20220902 13:41:17.845"/>
</kw>
<kw name="Run Keyword If" library="BuiltIn">
<arg>${groupsLength}&gt;1</arg>
<arg>Should Be Equal As Strings</arg>
<arg>${resp.json()['groups'][1]['pdpGroupState']}</arg>
<arg>${group2State}</arg>
<doc>Runs the given keyword with the given arguments, if ``condition`` is true.</doc>
<status status="PASS" starttime="20220902 13:41:17.845" endtime="20220902 13:41:17.846"/>
</kw>
<kw name="Run Keyword If" library="BuiltIn">
<arg>${groupsLength}&gt;1</arg>
<arg>Length Should Be</arg>
<arg>${resp.json()['groups'][1]['pdpSubgroups'][0]['policies']}</arg>
<arg>${policiesLengthInGroup2}</arg>
<doc>Runs the given keyword with the given arguments, if ``condition`` is true.</doc>
<status status="PASS" starttime="20220902 13:41:17.846" endtime="20220902 13:41:17.846"/>
</kw>
<status status="PASS" starttime="20220902 13:41:17.753" endtime="20220902 13:41:17.846"/>
</kw>
<doc>Verify PdpGroups after delete</doc>
<status status="PASS" starttime="20220902 13:41:17.752" endtime="20220902 13:41:17.846"/>
</test>
<status status="FAIL" starttime="20220902 13:41:03.476" endtime="20220902 13:41:17.846"/>
</suite>
<statistics>
<total>
<stat pass="22" fail="1" skip="0">All Tests</stat>
</total>
<tag>
</tag>
<suite>
<stat pass="22" fail="1" skip="0" id="s1" name="pap">pap</stat>
</suite>
</statistics>
<errors>
</errors>
</robot>
